        -:    0:Source:loopTilingN.c
        -:    0:Graph:loopTilingN.gcno
        -:    0:Data:loopTilingN.gcda
        -:    0:Runs:1
        -:    0:Programs:1
        -:    1:#include <stdio.h>
        -:    2:#include <stdlib.h>
        -:    3:#include "nnfile.c"
        -:    4:
        1:    5:int main()
        -:    6:{
        -:    7:
        1:    8:double  Input[2304*13]={16.000000 , 12.000000 , 4.000000 , 6.000000 , 0.000000 , 0.000000 , 8.000000 , 310.000000 , 24.000000 , 4.000000 , 3.000000 , 0.576618 , 36.000000 , 
        -:    9: 32.000000 , 12.000000 , 4.000000 , 6.000000 , 0.000000 , 0.000000 , 8.000000 , 310.000000 , 24.000000 , 4.000000 , 3.000000 , 0.576618 , 36.000000 , 
        -:   10: 48.000000 , 12.000000 , 4.000000 , 6.000000 , 0.000000 , 0.000000 , 8.000000 , 310.000000 , 24.000000 , 4.000000 , 3.000000 , 0.576618 , 36.000000 , 
        -:   11: 64.000000 , 12.000000 , 4.000000 , 6.000000 , 0.000000 , 0.000000 , 8.000000 , 310.000000 , 24.000000 , 4.000000 , 3.000000 , 0.576618 , 36.000000 , 
        -:   12: 80.000000 , 12.000000 , 4.000000 , 6.000000 , 0.000000 , 0.000000 , 8.000000 , 310.000000 , 24.000000 , 4.000000 , 3.000000 , 0.576618 , 36.000000 , 
        -:   13: 96.000000 , 12.000000 , 4.000000 , 6.000000 , 0.000000 , 0.000000 , 8.000000 , 310.000000 , 24.000000 , 4.000000 , 3.000000 , 0.576618 , 36.000000 , 
        -:   14: 112.000000 , 12.000000 , 4.000000 , 6.000000 , 0.000000 , 0.000000 , 8.000000 , 310.000000 , 24.000000 , 4.000000 , 3.000000 , 0.576618 , 36.000000 , 
        -:   15: 128.000000 , 12.000000 , 4.000000 , 6.000000 , 0.000000 , 0.000000 , 8.000000 , 310.000000 , 24.000000 , 4.000000 , 3.000000 , 0.576618 , 36.000000 , 
        -:   16: 144.000000 , 12.000000 , 4.000000 , 6.000000 , 0.000000 , 0.000000 , 8.000000 , 310.000000 , 24.000000 , 4.000000 , 3.000000 , 0.576618 , 36.000000 , 
        -:   17: 160.000000 , 12.000000 , 4.000000 , 6.000000 , 0.000000 , 0.000000 , 8.000000 , 310.000000 , 24.000000 , 4.000000 , 3.000000 , 0.576618 , 36.000000 , 
        -:   18: 176.000000 , 12.000000 , 4.000000 , 6.000000 , 0.000000 , 0.000000 , 8.000000 , 310.000000 , 24.000000 , 4.000000 , 3.000000 , 0.576618 , 36.000000 , 
        -:   19: 192.000000 , 12.000000 , 4.000000 , 6.000000 , 0.000000 , 0.000000 , 8.000000 , 310.000000 , 24.000000 , 4.000000 , 3.000000 , 0.576618 , 36.000000 , 
        -:   20: 208.000000 , 12.000000 , 4.000000 , 6.000000 , 0.000000 , 0.000000 , 8.000000 , 310.000000 , 24.000000 , 4.000000 , 3.000000 , 0.576618 , 36.000000 , 
        -:   21: 224.000000 , 12.000000 , 4.000000 , 6.000000 , 0.000000 , 0.000000 , 8.000000 , 310.000000 , 24.000000 , 4.000000 , 3.000000 , 0.576618 , 36.000000 , 
        -:   22: 240.000000 , 12.000000 , 4.000000 , 6.000000 , 0.000000 , 0.000000 , 8.000000 , 310.000000 , 24.000000 , 4.000000 , 3.000000 , 0.576618 , 36.000000 , 
        -:   23: 256.000000 , 12.000000 , 4.000000 , 6.000000 , 0.000000 , 0.000000 , 8.000000 , 310.000000 , 24.000000 , 4.000000 , 3.000000 , 0.576618 , 36.000000 , 
        -:   24: 272.000000 , 12.000000 , 4.000000 , 6.000000 , 0.000000 , 0.000000 , 8.000000 , 310.000000 , 24.000000 , 4.000000 , 3.000000 , 0.576618 , 36.000000 , 
        -:   25: 288.000000 , 12.000000 , 4.000000 , 6.000000 , 0.000000 , 0.000000 , 8.000000 , 310.000000 , 24.000000 , 4.000000 , 3.000000 , 0.576618 , 36.000000 , 
        -:   26: 304.000000 , 12.000000 , 4.000000 , 6.000000 , 0.000000 , 0.000000 , 8.000000 , 310.000000 , 24.000000 , 4.000000 , 3.000000 , 0.576618 , 36.000000 , 
        -:   27: 320.000000 , 12.000000 , 4.000000 , 6.000000 , 0.000000 , 0.000000 , 8.000000 , 310.000000 , 24.000000 , 4.000000 , 3.000000 , 0.576618 , 36.000000 , 
        -:   28: 336.000000 , 12.000000 , 4.000000 , 6.000000 , 0.000000 , 0.000000 , 8.000000 , 310.000000 , 24.000000 , 4.000000 , 3.000000 , 0.576618 , 36.000000 , 
        -:   29: 352.000000 , 12.000000 , 4.000000 , 6.000000 , 0.000000 , 0.000000 , 8.000000 , 310.000000 , 24.000000 , 4.000000 , 3.000000 , 0.576618 , 36.000000 , 
        -:   30: 368.000000 , 12.000000 , 4.000000 , 6.000000 , 0.000000 , 0.000000 , 8.000000 , 310.000000 , 24.000000 , 4.000000 , 3.000000 , 0.576618 , 36.000000 , 
        -:   31: 384.000000 , 12.000000 , 4.000000 , 6.000000 , 0.000000 , 0.000000 , 8.000000 , 310.000000 , 24.000000 , 4.000000 , 3.000000 , 0.576618 , 36.000000 , 
        -:   32: 400.000000 , 12.000000 , 4.000000 , 6.000000 , 0.000000 , 0.000000 , 8.000000 , 310.000000 , 24.000000 , 4.000000 , 3.000000 , 0.576618 , 36.000000 , 
        -:   33: 416.000000 , 12.000000 , 4.000000 , 6.000000 , 0.000000 , 0.000000 , 8.000000 , 310.000000 , 24.000000 , 4.000000 , 3.000000 , 0.576618 , 36.000000 , 
        -:   34: 432.000000 , 12.000000 , 4.000000 , 6.000000 , 0.000000 , 0.000000 , 8.000000 , 310.000000 , 24.000000 , 4.000000 , 3.000000 , 0.576618 , 36.000000 , 
        -:   35: 448.000000 , 12.000000 , 4.000000 , 6.000000 , 0.000000 , 0.000000 , 8.000000 , 310.000000 , 24.000000 , 4.000000 , 3.000000 , 0.576618 , 36.000000 , 
        -:   36: 464.000000 , 12.000000 , 4.000000 , 6.000000 , 0.000000 , 0.000000 , 8.000000 , 310.000000 , 24.000000 , 4.000000 , 3.000000 , 0.576618 , 36.000000 , 
        -:   37: 480.000000 , 12.000000 , 4.000000 , 6.000000 , 0.000000 , 0.000000 , 8.000000 , 310.000000 , 24.000000 , 4.000000 , 3.000000 , 0.576618 , 36.000000 , 
        -:   38: 496.000000 , 12.000000 , 4.000000 , 6.000000 , 0.000000 , 0.000000 , 8.000000 , 310.000000 , 24.000000 , 4.000000 , 3.000000 , 0.576618 , 36.000000 , 
        -:   39: 512.000000 , 12.000000 , 4.000000 , 6.000000 , 0.000000 , 0.000000 , 8.000000 , 310.000000 , 24.000000 , 4.000000 , 3.000000 , 0.576618 , 36.000000 , 
        -:   40: 528.000000 , 12.000000 , 4.000000 , 6.000000 , 0.000000 , 0.000000 , 8.000000 , 310.000000 , 24.000000 , 4.000000 , 3.000000 , 0.576618 , 36.000000 , 
        -:   41: 544.000000 , 12.000000 , 4.000000 , 6.000000 , 0.000000 , 0.000000 , 8.000000 , 310.000000 , 24.000000 , 4.000000 , 3.000000 , 0.576618 , 36.000000 , 
        -:   42: 560.000000 , 12.000000 , 4.000000 , 6.000000 , 0.000000 , 0.000000 , 8.000000 , 310.000000 , 24.000000 , 4.000000 , 3.000000 , 0.576618 , 36.000000 , 
        -:   43: 576.000000 , 12.000000 , 4.000000 , 6.000000 , 0.000000 , 0.000000 , 8.000000 , 310.000000 , 24.000000 , 4.000000 , 3.000000 , 0.576618 , 36.000000 , 
        -:   44: 592.000000 , 12.000000 , 4.000000 , 6.000000 , 0.000000 , 0.000000 , 8.000000 , 310.000000 , 24.000000 , 4.000000 , 3.000000 , 0.576618 , 36.000000 , 
        -:   45: 608.000000 , 12.000000 , 4.000000 , 6.000000 , 0.000000 , 0.000000 , 8.000000 , 310.000000 , 24.000000 , 4.000000 , 3.000000 , 0.576618 , 36.000000 , 
        -:   46: 624.000000 , 12.000000 , 4.000000 , 6.000000 , 0.000000 , 0.000000 , 8.000000 , 310.000000 , 24.000000 , 4.000000 , 3.000000 , 0.576618 , 36.000000 , 
        -:   47: 640.000000 , 12.000000 , 4.000000 , 6.000000 , 0.000000 , 0.000000 , 8.000000 , 310.000000 , 24.000000 , 4.000000 , 3.000000 , 0.576618 , 36.000000 , 
        -:   48: 656.000000 , 12.000000 , 4.000000 , 6.000000 , 0.000000 , 0.000000 , 8.000000 , 310.000000 , 24.000000 , 4.000000 , 3.000000 , 0.576618 , 36.000000 , 
        -:   49: 672.000000 , 12.000000 , 4.000000 , 6.000000 , 0.000000 , 0.000000 , 8.000000 , 310.000000 , 24.000000 , 4.000000 , 3.000000 , 0.576618 , 36.000000 , 
        -:   50: 688.000000 , 12.000000 , 4.000000 , 6.000000 , 0.000000 , 0.000000 , 8.000000 , 310.000000 , 24.000000 , 4.000000 , 3.000000 , 0.576618 , 36.000000 , 
        -:   51: 704.000000 , 12.000000 , 4.000000 , 6.000000 , 0.000000 , 0.000000 , 8.000000 , 310.000000 , 24.000000 , 4.000000 , 3.000000 , 0.576618 , 36.000000 , 
        -:   52: 720.000000 , 12.000000 , 4.000000 , 6.000000 , 0.000000 , 0.000000 , 8.000000 , 310.000000 , 24.000000 , 4.000000 , 3.000000 , 0.576618 , 36.000000 , 
        -:   53: 736.000000 , 12.000000 , 4.000000 , 6.000000 , 0.000000 , 0.000000 , 8.000000 , 310.000000 , 24.000000 , 4.000000 , 3.000000 , 0.576618 , 36.000000 , 
        -:   54: 752.000000 , 12.000000 , 4.000000 , 6.000000 , 0.000000 , 0.000000 , 8.000000 , 310.000000 , 24.000000 , 4.000000 , 3.000000 , 0.576618 , 36.000000 , 
        -:   55: 768.000000 , 12.000000 , 4.000000 , 6.000000 , 0.000000 , 0.000000 , 8.000000 , 310.000000 , 24.000000 , 4.000000 , 3.000000 , 0.576618 , 36.000000 , 
        -:   56: 784.000000 , 12.000000 , 4.000000 , 6.000000 , 0.000000 , 0.000000 , 8.000000 , 310.000000 , 24.000000 , 4.000000 , 3.000000 , 0.576618 , 36.000000 , 
        -:   57: 800.000000 , 12.000000 , 4.000000 , 6.000000 , 0.000000 , 0.000000 , 8.000000 , 310.000000 , 24.000000 , 4.000000 , 3.000000 , 0.576618 , 36.000000 , 
        -:   58: 816.000000 , 12.000000 , 4.000000 , 6.000000 , 0.000000 , 0.000000 , 8.000000 , 310.000000 , 24.000000 , 4.000000 , 3.000000 , 0.576618 , 36.000000 , 
        -:   59: 832.000000 , 12.000000 , 4.000000 , 6.000000 , 0.000000 , 0.000000 , 8.000000 , 310.000000 , 24.000000 , 4.000000 , 3.000000 , 0.576618 , 36.000000 , 
        -:   60: 848.000000 , 12.000000 , 4.000000 , 6.000000 , 0.000000 , 0.000000 , 8.000000 , 310.000000 , 24.000000 , 4.000000 , 3.000000 , 0.576618 , 36.000000 , 
        -:   61: 864.000000 , 12.000000 , 4.000000 , 6.000000 , 0.000000 , 0.000000 , 8.000000 , 310.000000 , 24.000000 , 4.000000 , 3.000000 , 0.576618 , 36.000000 , 
        -:   62: 880.000000 , 12.000000 , 4.000000 , 6.000000 , 0.000000 , 0.000000 , 8.000000 , 310.000000 , 24.000000 , 4.000000 , 3.000000 , 0.576618 , 36.000000 , 
        -:   63: 896.000000 , 12.000000 , 4.000000 , 6.000000 , 0.000000 , 0.000000 , 8.000000 , 310.000000 , 24.000000 , 4.000000 , 3.000000 , 0.576618 , 36.000000 , 
        -:   64: 912.000000 , 12.000000 , 4.000000 , 6.000000 , 0.000000 , 0.000000 , 8.000000 , 310.000000 , 24.000000 , 4.000000 , 3.000000 , 0.576618 , 36.000000 , 
        -:   65: 928.000000 , 12.000000 , 4.000000 , 6.000000 , 0.000000 , 0.000000 , 8.000000 , 310.000000 , 24.000000 , 4.000000 , 3.000000 , 0.576618 , 36.000000 , 
        -:   66: 944.000000 , 12.000000 , 4.000000 , 6.000000 , 0.000000 , 0.000000 , 8.000000 , 310.000000 , 24.000000 , 4.000000 , 3.000000 , 0.576618 , 36.000000 , 
        -:   67: 960.000000 , 12.000000 , 4.000000 , 6.000000 , 0.000000 , 0.000000 , 8.000000 , 310.000000 , 24.000000 , 4.000000 , 3.000000 , 0.576618 , 36.000000 , 
        -:   68: 976.000000 , 12.000000 , 4.000000 , 6.000000 , 0.000000 , 0.000000 , 8.000000 , 310.000000 , 24.000000 , 4.000000 , 3.000000 , 0.576618 , 36.000000 , 
        -:   69: 992.000000 , 12.000000 , 4.000000 , 6.000000 , 0.000000 , 0.000000 , 8.000000 , 310.000000 , 24.000000 , 4.000000 , 3.000000 , 0.576618 , 36.000000 , 
        -:   70: 1008.000000 , 12.000000 , 4.000000 , 6.000000 , 0.000000 , 0.000000 , 8.000000 , 310.000000 , 24.000000 , 4.000000 , 3.000000 , 0.576618 , 36.000000 , 
        -:   71: 1024.000000 , 12.000000 , 4.000000 , 6.000000 , 0.000000 , 0.000000 , 8.000000 , 310.000000 , 24.000000 , 4.000000 , 3.000000 , 0.576618 , 36.000000 , 
        -:   72: 16.000000 , 3.000000 , 1.000000 , 1.000000 , 1.000000 , 0.000000 , 3.000000 , 2048.000000 , 6.000000 , 1.000000 , 3.000000 , 4.860056 , 4.000000 , 
        -:   73: 32.000000 , 3.000000 , 1.000000 , 1.000000 , 1.000000 , 0.000000 , 3.000000 , 2048.000000 , 6.000000 , 1.000000 , 3.000000 , 4.860056 , 4.000000 , 
        -:   74: 48.000000 , 3.000000 , 1.000000 , 1.000000 , 1.000000 , 0.000000 , 3.000000 , 2048.000000 , 6.000000 , 1.000000 , 3.000000 , 4.860056 , 4.000000 , 
        -:   75: 64.000000 , 3.000000 , 1.000000 , 1.000000 , 1.000000 , 0.000000 , 3.000000 , 2048.000000 , 6.000000 , 1.000000 , 3.000000 , 4.860056 , 4.000000 , 
        -:   76: 80.000000 , 3.000000 , 1.000000 , 1.000000 , 1.000000 , 0.000000 , 3.000000 , 2048.000000 , 6.000000 , 1.000000 , 3.000000 , 4.860056 , 4.000000 , 
        -:   77: 96.000000 , 3.000000 , 1.000000 , 1.000000 , 1.000000 , 0.000000 , 3.000000 , 2048.000000 , 6.000000 , 1.000000 , 3.000000 , 4.860056 , 4.000000 , 
        -:   78: 112.000000 , 3.000000 , 1.000000 , 1.000000 , 1.000000 , 0.000000 , 3.000000 , 2048.000000 , 6.000000 , 1.000000 , 3.000000 , 4.860056 , 4.000000 , 
        -:   79: 128.000000 , 3.000000 , 1.000000 , 1.000000 , 1.000000 , 0.000000 , 3.000000 , 2048.000000 , 6.000000 , 1.000000 , 3.000000 , 4.860056 , 4.000000 , 
        -:   80: 144.000000 , 3.000000 , 1.000000 , 1.000000 , 1.000000 , 0.000000 , 3.000000 , 2048.000000 , 6.000000 , 1.000000 , 3.000000 , 4.860056 , 4.000000 , 
        -:   81: 160.000000 , 3.000000 , 1.000000 , 1.000000 , 1.000000 , 0.000000 , 3.000000 , 2048.000000 , 6.000000 , 1.000000 , 3.000000 , 4.860056 , 4.000000 , 
        -:   82: 176.000000 , 3.000000 , 1.000000 , 1.000000 , 1.000000 , 0.000000 , 3.000000 , 2048.000000 , 6.000000 , 1.000000 , 3.000000 , 4.860056 , 4.000000 , 
        -:   83: 192.000000 , 3.000000 , 1.000000 , 1.000000 , 1.000000 , 0.000000 , 3.000000 , 2048.000000 , 6.000000 , 1.000000 , 3.000000 , 4.860056 , 4.000000 , 
        -:   84: 208.000000 , 3.000000 , 1.000000 , 1.000000 , 1.000000 , 0.000000 , 3.000000 , 2048.000000 , 6.000000 , 1.000000 , 3.000000 , 4.860056 , 4.000000 , 
        -:   85: 224.000000 , 3.000000 , 1.000000 , 1.000000 , 1.000000 , 0.000000 , 3.000000 , 2048.000000 , 6.000000 , 1.000000 , 3.000000 , 4.860056 , 4.000000 , 
        -:   86: 240.000000 , 3.000000 , 1.000000 , 1.000000 , 1.000000 , 0.000000 , 3.000000 , 2048.000000 , 6.000000 , 1.000000 , 3.000000 , 4.860056 , 4.000000 , 
        -:   87: 256.000000 , 3.000000 , 1.000000 , 1.000000 , 1.000000 , 0.000000 , 3.000000 , 2048.000000 , 6.000000 , 1.000000 , 3.000000 , 4.860056 , 4.000000 , 
        -:   88: 272.000000 , 3.000000 , 1.000000 , 1.000000 , 1.000000 , 0.000000 , 3.000000 , 2048.000000 , 6.000000 , 1.000000 , 3.000000 , 4.860056 , 4.000000 , 
        -:   89: 288.000000 , 3.000000 , 1.000000 , 1.000000 , 1.000000 , 0.000000 , 3.000000 , 2048.000000 , 6.000000 , 1.000000 , 3.000000 , 4.860056 , 4.000000 , 
        -:   90: 304.000000 , 3.000000 , 1.000000 , 1.000000 , 1.000000 , 0.000000 , 3.000000 , 2048.000000 , 6.000000 , 1.000000 , 3.000000 , 4.860056 , 4.000000 , 
        -:   91: 320.000000 , 3.000000 , 1.000000 , 1.000000 , 1.000000 , 0.000000 , 3.000000 , 2048.000000 , 6.000000 , 1.000000 , 3.000000 , 4.860056 , 4.000000 , 
        -:   92: 336.000000 , 3.000000 , 1.000000 , 1.000000 , 1.000000 , 0.000000 , 3.000000 , 2048.000000 , 6.000000 , 1.000000 , 3.000000 , 4.860056 , 4.000000 , 
        -:   93: 352.000000 , 3.000000 , 1.000000 , 1.000000 , 1.000000 , 0.000000 , 3.000000 , 2048.000000 , 6.000000 , 1.000000 , 3.000000 , 4.860056 , 4.000000 , 
        -:   94: 368.000000 , 3.000000 , 1.000000 , 1.000000 , 1.000000 , 0.000000 , 3.000000 , 2048.000000 , 6.000000 , 1.000000 , 3.000000 , 4.860056 , 4.000000 , 
        -:   95: 384.000000 , 3.000000 , 1.000000 , 1.000000 , 1.000000 , 0.000000 , 3.000000 , 2048.000000 , 6.000000 , 1.000000 , 3.000000 , 4.860056 , 4.000000 , 
        -:   96: 400.000000 , 3.000000 , 1.000000 , 1.000000 , 1.000000 , 0.000000 , 3.000000 , 2048.000000 , 6.000000 , 1.000000 , 3.000000 , 4.860056 , 4.000000 , 
        -:   97: 416.000000 , 3.000000 , 1.000000 , 1.000000 , 1.000000 , 0.000000 , 3.000000 , 2048.000000 , 6.000000 , 1.000000 , 3.000000 , 4.860056 , 4.000000 , 
        -:   98: 432.000000 , 3.000000 , 1.000000 , 1.000000 , 1.000000 , 0.000000 , 3.000000 , 2048.000000 , 6.000000 , 1.000000 , 3.000000 , 4.860056 , 4.000000 , 
        -:   99: 448.000000 , 3.000000 , 1.000000 , 1.000000 , 1.000000 , 0.000000 , 3.000000 , 2048.000000 , 6.000000 , 1.000000 , 3.000000 , 4.860056 , 4.000000 , 
        -:  100: 464.000000 , 3.000000 , 1.000000 , 1.000000 , 1.000000 , 0.000000 , 3.000000 , 2048.000000 , 6.000000 , 1.000000 , 3.000000 , 4.860056 , 4.000000 , 
        -:  101: 480.000000 , 3.000000 , 1.000000 , 1.000000 , 1.000000 , 0.000000 , 3.000000 , 2048.000000 , 6.000000 , 1.000000 , 3.000000 , 4.860056 , 4.000000 , 
        -:  102: 496.000000 , 3.000000 , 1.000000 , 1.000000 , 1.000000 , 0.000000 , 3.000000 , 2048.000000 , 6.000000 , 1.000000 , 3.000000 , 4.860056 , 4.000000 , 
        -:  103: 512.000000 , 3.000000 , 1.000000 , 1.000000 , 1.000000 , 0.000000 , 3.000000 , 2048.000000 , 6.000000 , 1.000000 , 3.000000 , 4.860056 , 4.000000 , 
        -:  104: 528.000000 , 3.000000 , 1.000000 , 1.000000 , 1.000000 , 0.000000 , 3.000000 , 2048.000000 , 6.000000 , 1.000000 , 3.000000 , 4.860056 , 4.000000 , 
        -:  105: 544.000000 , 3.000000 , 1.000000 , 1.000000 , 1.000000 , 0.000000 , 3.000000 , 2048.000000 , 6.000000 , 1.000000 , 3.000000 , 4.860056 , 4.000000 , 
        -:  106: 560.000000 , 3.000000 , 1.000000 , 1.000000 , 1.000000 , 0.000000 , 3.000000 , 2048.000000 , 6.000000 , 1.000000 , 3.000000 , 4.860056 , 4.000000 , 
        -:  107: 576.000000 , 3.000000 , 1.000000 , 1.000000 , 1.000000 , 0.000000 , 3.000000 , 2048.000000 , 6.000000 , 1.000000 , 3.000000 , 4.860056 , 4.000000 , 
        -:  108: 592.000000 , 3.000000 , 1.000000 , 1.000000 , 1.000000 , 0.000000 , 3.000000 , 2048.000000 , 6.000000 , 1.000000 , 3.000000 , 4.860056 , 4.000000 , 
        -:  109: 608.000000 , 3.000000 , 1.000000 , 1.000000 , 1.000000 , 0.000000 , 3.000000 , 2048.000000 , 6.000000 , 1.000000 , 3.000000 , 4.860056 , 4.000000 , 
        -:  110: 624.000000 , 3.000000 , 1.000000 , 1.000000 , 1.000000 , 0.000000 , 3.000000 , 2048.000000 , 6.000000 , 1.000000 , 3.000000 , 4.860056 , 4.000000 , 
        -:  111: 640.000000 , 3.000000 , 1.000000 , 1.000000 , 1.000000 , 0.000000 , 3.000000 , 2048.000000 , 6.000000 , 1.000000 , 3.000000 , 4.860056 , 4.000000 , 
        -:  112: 656.000000 , 3.000000 , 1.000000 , 1.000000 , 1.000000 , 0.000000 , 3.000000 , 2048.000000 , 6.000000 , 1.000000 , 3.000000 , 4.860056 , 4.000000 , 
        -:  113: 672.000000 , 3.000000 , 1.000000 , 1.000000 , 1.000000 , 0.000000 , 3.000000 , 2048.000000 , 6.000000 , 1.000000 , 3.000000 , 4.860056 , 4.000000 , 
        -:  114: 688.000000 , 3.000000 , 1.000000 , 1.000000 , 1.000000 , 0.000000 , 3.000000 , 2048.000000 , 6.000000 , 1.000000 , 3.000000 , 4.860056 , 4.000000 , 
        -:  115: 704.000000 , 3.000000 , 1.000000 , 1.000000 , 1.000000 , 0.000000 , 3.000000 , 2048.000000 , 6.000000 , 1.000000 , 3.000000 , 4.860056 , 4.000000 , 
        -:  116: 720.000000 , 3.000000 , 1.000000 , 1.000000 , 1.000000 , 0.000000 , 3.000000 , 2048.000000 , 6.000000 , 1.000000 , 3.000000 , 4.860056 , 4.000000 , 
        -:  117: 736.000000 , 3.000000 , 1.000000 , 1.000000 , 1.000000 , 0.000000 , 3.000000 , 2048.000000 , 6.000000 , 1.000000 , 3.000000 , 4.860056 , 4.000000 , 
        -:  118: 752.000000 , 3.000000 , 1.000000 , 1.000000 , 1.000000 , 0.000000 , 3.000000 , 2048.000000 , 6.000000 , 1.000000 , 3.000000 , 4.860056 , 4.000000 , 
        -:  119: 768.000000 , 3.000000 , 1.000000 , 1.000000 , 1.000000 , 0.000000 , 3.000000 , 2048.000000 , 6.000000 , 1.000000 , 3.000000 , 4.860056 , 4.000000 , 
        -:  120: 784.000000 , 3.000000 , 1.000000 , 1.000000 , 1.000000 , 0.000000 , 3.000000 , 2048.000000 , 6.000000 , 1.000000 , 3.000000 , 4.860056 , 4.000000 , 
        -:  121: 800.000000 , 3.000000 , 1.000000 , 1.000000 , 1.000000 , 0.000000 , 3.000000 , 2048.000000 , 6.000000 , 1.000000 , 3.000000 , 4.860056 , 4.000000 , 
        -:  122: 816.000000 , 3.000000 , 1.000000 , 1.000000 , 1.000000 , 0.000000 , 3.000000 , 2048.000000 , 6.000000 , 1.000000 , 3.000000 , 4.860056 , 4.000000 , 
        -:  123: 832.000000 , 3.000000 , 1.000000 , 1.000000 , 1.000000 , 0.000000 , 3.000000 , 2048.000000 , 6.000000 , 1.000000 , 3.000000 , 4.860056 , 4.000000 , 
        -:  124: 848.000000 , 3.000000 , 1.000000 , 1.000000 , 1.000000 , 0.000000 , 3.000000 , 2048.000000 , 6.000000 , 1.000000 , 3.000000 , 4.860056 , 4.000000 , 
        -:  125: 864.000000 , 3.000000 , 1.000000 , 1.000000 , 1.000000 , 0.000000 , 3.000000 , 2048.000000 , 6.000000 , 1.000000 , 3.000000 , 4.860056 , 4.000000 , 
        -:  126: 880.000000 , 3.000000 , 1.000000 , 1.000000 , 1.000000 , 0.000000 , 3.000000 , 2048.000000 , 6.000000 , 1.000000 , 3.000000 , 4.860056 , 4.000000 , 
        -:  127: 896.000000 , 3.000000 , 1.000000 , 1.000000 , 1.000000 , 0.000000 , 3.000000 , 2048.000000 , 6.000000 , 1.000000 , 3.000000 , 4.860056 , 4.000000 , 
        -:  128: 912.000000 , 3.000000 , 1.000000 , 1.000000 , 1.000000 , 0.000000 , 3.000000 , 2048.000000 , 6.000000 , 1.000000 , 3.000000 , 4.860056 , 4.000000 , 
        -:  129: 928.000000 , 3.000000 , 1.000000 , 1.000000 , 1.000000 , 0.000000 , 3.000000 , 2048.000000 , 6.000000 , 1.000000 , 3.000000 , 4.860056 , 4.000000 , 
        -:  130: 944.000000 , 3.000000 , 1.000000 , 1.000000 , 1.000000 , 0.000000 , 3.000000 , 2048.000000 , 6.000000 , 1.000000 , 3.000000 , 4.860056 , 4.000000 , 
        -:  131: 960.000000 , 3.000000 , 1.000000 , 1.000000 , 1.000000 , 0.000000 , 3.000000 , 2048.000000 , 6.000000 , 1.000000 , 3.000000 , 4.860056 , 4.000000 , 
        -:  132: 976.000000 , 3.000000 , 1.000000 , 1.000000 , 1.000000 , 0.000000 , 3.000000 , 2048.000000 , 6.000000 , 1.000000 , 3.000000 , 4.860056 , 4.000000 , 
        -:  133: 992.000000 , 3.000000 , 1.000000 , 1.000000 , 1.000000 , 0.000000 , 3.000000 , 2048.000000 , 6.000000 , 1.000000 , 3.000000 , 4.860056 , 4.000000 , 
        -:  134: 1008.000000 , 3.000000 , 1.000000 , 1.000000 , 1.000000 , 0.000000 , 3.000000 , 2048.000000 , 6.000000 , 1.000000 , 3.000000 , 4.860056 , 4.000000 , 
        -:  135: 1024.000000 , 3.000000 , 1.000000 , 1.000000 , 1.000000 , 0.000000 , 3.000000 , 2048.000000 , 6.000000 , 1.000000 , 3.000000 , 4.860056 , 4.000000 , 
        -:  136: 16.000000 , 8.000000 , 4.000000 , 3.000000 , 3.000000 , 0.000000 , 4.000000 , 2001.000000 , 6.000000 , 1.000000 , 3.000000 , 1.253262 , 2.000000 , 
        -:  137: 32.000000 , 8.000000 , 4.000000 , 3.000000 , 3.000000 , 0.000000 , 4.000000 , 2001.000000 , 6.000000 , 1.000000 , 3.000000 , 1.253262 , 2.000000 , 
        -:  138: 48.000000 , 8.000000 , 4.000000 , 3.000000 , 3.000000 , 0.000000 , 4.000000 , 2001.000000 , 6.000000 , 1.000000 , 3.000000 , 1.253262 , 2.000000 , 
        -:  139: 64.000000 , 8.000000 , 4.000000 , 3.000000 , 3.000000 , 0.000000 , 4.000000 , 2001.000000 , 6.000000 , 1.000000 , 3.000000 , 1.253262 , 2.000000 , 
        -:  140: 80.000000 , 8.000000 , 4.000000 , 3.000000 , 3.000000 , 0.000000 , 4.000000 , 2001.000000 , 6.000000 , 1.000000 , 3.000000 , 1.253262 , 2.000000 , 
        -:  141: 96.000000 , 8.000000 , 4.000000 , 3.000000 , 3.000000 , 0.000000 , 4.000000 , 2001.000000 , 6.000000 , 1.000000 , 3.000000 , 1.253262 , 2.000000 , 
        -:  142: 112.000000 , 8.000000 , 4.000000 , 3.000000 , 3.000000 , 0.000000 , 4.000000 , 2001.000000 , 6.000000 , 1.000000 , 3.000000 , 1.253262 , 2.000000 , 
        -:  143: 128.000000 , 8.000000 , 4.000000 , 3.000000 , 3.000000 , 0.000000 , 4.000000 , 2001.000000 , 6.000000 , 1.000000 , 3.000000 , 1.253262 , 2.000000 , 
        -:  144: 144.000000 , 8.000000 , 4.000000 , 3.000000 , 3.000000 , 0.000000 , 4.000000 , 2001.000000 , 6.000000 , 1.000000 , 3.000000 , 1.253262 , 2.000000 , 
        -:  145: 160.000000 , 8.000000 , 4.000000 , 3.000000 , 3.000000 , 0.000000 , 4.000000 , 2001.000000 , 6.000000 , 1.000000 , 3.000000 , 1.253262 , 2.000000 , 
        -:  146: 176.000000 , 8.000000 , 4.000000 , 3.000000 , 3.000000 , 0.000000 , 4.000000 , 2001.000000 , 6.000000 , 1.000000 , 3.000000 , 1.253262 , 2.000000 , 
        -:  147: 192.000000 , 8.000000 , 4.000000 , 3.000000 , 3.000000 , 0.000000 , 4.000000 , 2001.000000 , 6.000000 , 1.000000 , 3.000000 , 1.253262 , 2.000000 , 
        -:  148: 208.000000 , 8.000000 , 4.000000 , 3.000000 , 3.000000 , 0.000000 , 4.000000 , 2001.000000 , 6.000000 , 1.000000 , 3.000000 , 1.253262 , 2.000000 , 
        -:  149: 224.000000 , 8.000000 , 4.000000 , 3.000000 , 3.000000 , 0.000000 , 4.000000 , 2001.000000 , 6.000000 , 1.000000 , 3.000000 , 1.253262 , 2.000000 , 
        -:  150: 240.000000 , 8.000000 , 4.000000 , 3.000000 , 3.000000 , 0.000000 , 4.000000 , 2001.000000 , 6.000000 , 1.000000 , 3.000000 , 1.253262 , 2.000000 , 
        -:  151: 256.000000 , 8.000000 , 4.000000 , 3.000000 , 3.000000 , 0.000000 , 4.000000 , 2001.000000 , 6.000000 , 1.000000 , 3.000000 , 1.253262 , 2.000000 , 
        -:  152: 272.000000 , 8.000000 , 4.000000 , 3.000000 , 3.000000 , 0.000000 , 4.000000 , 2001.000000 , 6.000000 , 1.000000 , 3.000000 , 1.253262 , 2.000000 , 
        -:  153: 288.000000 , 8.000000 , 4.000000 , 3.000000 , 3.000000 , 0.000000 , 4.000000 , 2001.000000 , 6.000000 , 1.000000 , 3.000000 , 1.253262 , 2.000000 , 
        -:  154: 304.000000 , 8.000000 , 4.000000 , 3.000000 , 3.000000 , 0.000000 , 4.000000 , 2001.000000 , 6.000000 , 1.000000 , 3.000000 , 1.253262 , 2.000000 , 
        -:  155: 320.000000 , 8.000000 , 4.000000 , 3.000000 , 3.000000 , 0.000000 , 4.000000 , 2001.000000 , 6.000000 , 1.000000 , 3.000000 , 1.253262 , 2.000000 , 
        -:  156: 336.000000 , 8.000000 , 4.000000 , 3.000000 , 3.000000 , 0.000000 , 4.000000 , 2001.000000 , 6.000000 , 1.000000 , 3.000000 , 1.253262 , 2.000000 , 
        -:  157: 352.000000 , 8.000000 , 4.000000 , 3.000000 , 3.000000 , 0.000000 , 4.000000 , 2001.000000 , 6.000000 , 1.000000 , 3.000000 , 1.253262 , 2.000000 , 
        -:  158: 368.000000 , 8.000000 , 4.000000 , 3.000000 , 3.000000 , 0.000000 , 4.000000 , 2001.000000 , 6.000000 , 1.000000 , 3.000000 , 1.253262 , 2.000000 , 
        -:  159: 384.000000 , 8.000000 , 4.000000 , 3.000000 , 3.000000 , 0.000000 , 4.000000 , 2001.000000 , 6.000000 , 1.000000 , 3.000000 , 1.253262 , 2.000000 , 
        -:  160: 400.000000 , 8.000000 , 4.000000 , 3.000000 , 3.000000 , 0.000000 , 4.000000 , 2001.000000 , 6.000000 , 1.000000 , 3.000000 , 1.253262 , 2.000000 , 
        -:  161: 416.000000 , 8.000000 , 4.000000 , 3.000000 , 3.000000 , 0.000000 , 4.000000 , 2001.000000 , 6.000000 , 1.000000 , 3.000000 , 1.253262 , 2.000000 , 
        -:  162: 432.000000 , 8.000000 , 4.000000 , 3.000000 , 3.000000 , 0.000000 , 4.000000 , 2001.000000 , 6.000000 , 1.000000 , 3.000000 , 1.253262 , 2.000000 , 
        -:  163: 448.000000 , 8.000000 , 4.000000 , 3.000000 , 3.000000 , 0.000000 , 4.000000 , 2001.000000 , 6.000000 , 1.000000 , 3.000000 , 1.253262 , 2.000000 , 
        -:  164: 464.000000 , 8.000000 , 4.000000 , 3.000000 , 3.000000 , 0.000000 , 4.000000 , 2001.000000 , 6.000000 , 1.000000 , 3.000000 , 1.253262 , 2.000000 , 
        -:  165: 480.000000 , 8.000000 , 4.000000 , 3.000000 , 3.000000 , 0.000000 , 4.000000 , 2001.000000 , 6.000000 , 1.000000 , 3.000000 , 1.253262 , 2.000000 , 
        -:  166: 496.000000 , 8.000000 , 4.000000 , 3.000000 , 3.000000 , 0.000000 , 4.000000 , 2001.000000 , 6.000000 , 1.000000 , 3.000000 , 1.253262 , 2.000000 , 
        -:  167: 512.000000 , 8.000000 , 4.000000 , 3.000000 , 3.000000 , 0.000000 , 4.000000 , 2001.000000 , 6.000000 , 1.000000 , 3.000000 , 1.253262 , 2.000000 , 
        -:  168: 528.000000 , 8.000000 , 4.000000 , 3.000000 , 3.000000 , 0.000000 , 4.000000 , 2001.000000 , 6.000000 , 1.000000 , 3.000000 , 1.253262 , 2.000000 , 
        -:  169: 544.000000 , 8.000000 , 4.000000 , 3.000000 , 3.000000 , 0.000000 , 4.000000 , 2001.000000 , 6.000000 , 1.000000 , 3.000000 , 1.253262 , 2.000000 , 
        -:  170: 560.000000 , 8.000000 , 4.000000 , 3.000000 , 3.000000 , 0.000000 , 4.000000 , 2001.000000 , 6.000000 , 1.000000 , 3.000000 , 1.253262 , 2.000000 , 
        -:  171: 576.000000 , 8.000000 , 4.000000 , 3.000000 , 3.000000 , 0.000000 , 4.000000 , 2001.000000 , 6.000000 , 1.000000 , 3.000000 , 1.253262 , 2.000000 , 
        -:  172: 592.000000 , 8.000000 , 4.000000 , 3.000000 , 3.000000 , 0.000000 , 4.000000 , 2001.000000 , 6.000000 , 1.000000 , 3.000000 , 1.253262 , 2.000000 , 
        -:  173: 608.000000 , 8.000000 , 4.000000 , 3.000000 , 3.000000 , 0.000000 , 4.000000 , 2001.000000 , 6.000000 , 1.000000 , 3.000000 , 1.253262 , 2.000000 , 
        -:  174: 624.000000 , 8.000000 , 4.000000 , 3.000000 , 3.000000 , 0.000000 , 4.000000 , 2001.000000 , 6.000000 , 1.000000 , 3.000000 , 1.253262 , 2.000000 , 
        -:  175: 640.000000 , 8.000000 , 4.000000 , 3.000000 , 3.000000 , 0.000000 , 4.000000 , 2001.000000 , 6.000000 , 1.000000 , 3.000000 , 1.253262 , 2.000000 , 
        -:  176: 656.000000 , 8.000000 , 4.000000 , 3.000000 , 3.000000 , 0.000000 , 4.000000 , 2001.000000 , 6.000000 , 1.000000 , 3.000000 , 1.253262 , 2.000000 , 
        -:  177: 672.000000 , 8.000000 , 4.000000 , 3.000000 , 3.000000 , 0.000000 , 4.000000 , 2001.000000 , 6.000000 , 1.000000 , 3.000000 , 1.253262 , 2.000000 , 
        -:  178: 688.000000 , 8.000000 , 4.000000 , 3.000000 , 3.000000 , 0.000000 , 4.000000 , 2001.000000 , 6.000000 , 1.000000 , 3.000000 , 1.253262 , 2.000000 , 
        -:  179: 704.000000 , 8.000000 , 4.000000 , 3.000000 , 3.000000 , 0.000000 , 4.000000 , 2001.000000 , 6.000000 , 1.000000 , 3.000000 , 1.253262 , 2.000000 , 
        -:  180: 720.000000 , 8.000000 , 4.000000 , 3.000000 , 3.000000 , 0.000000 , 4.000000 , 2001.000000 , 6.000000 , 1.000000 , 3.000000 , 1.253262 , 2.000000 , 
        -:  181: 736.000000 , 8.000000 , 4.000000 , 3.000000 , 3.000000 , 0.000000 , 4.000000 , 2001.000000 , 6.000000 , 1.000000 , 3.000000 , 1.253262 , 2.000000 , 
        -:  182: 752.000000 , 8.000000 , 4.000000 , 3.000000 , 3.000000 , 0.000000 , 4.000000 , 2001.000000 , 6.000000 , 1.000000 , 3.000000 , 1.253262 , 2.000000 , 
        -:  183: 768.000000 , 8.000000 , 4.000000 , 3.000000 , 3.000000 , 0.000000 , 4.000000 , 2001.000000 , 6.000000 , 1.000000 , 3.000000 , 1.253262 , 2.000000 , 
        -:  184: 784.000000 , 8.000000 , 4.000000 , 3.000000 , 3.000000 , 0.000000 , 4.000000 , 2001.000000 , 6.000000 , 1.000000 , 3.000000 , 1.253262 , 2.000000 , 
        -:  185: 800.000000 , 8.000000 , 4.000000 , 3.000000 , 3.000000 , 0.000000 , 4.000000 , 2001.000000 , 6.000000 , 1.000000 , 3.000000 , 1.253262 , 2.000000 , 
        -:  186: 816.000000 , 8.000000 , 4.000000 , 3.000000 , 3.000000 , 0.000000 , 4.000000 , 2001.000000 , 6.000000 , 1.000000 , 3.000000 , 1.253262 , 2.000000 , 
        -:  187: 832.000000 , 8.000000 , 4.000000 , 3.000000 , 3.000000 , 0.000000 , 4.000000 , 2001.000000 , 6.000000 , 1.000000 , 3.000000 , 1.253262 , 2.000000 , 
        -:  188: 848.000000 , 8.000000 , 4.000000 , 3.000000 , 3.000000 , 0.000000 , 4.000000 , 2001.000000 , 6.000000 , 1.000000 , 3.000000 , 1.253262 , 2.000000 , 
        -:  189: 864.000000 , 8.000000 , 4.000000 , 3.000000 , 3.000000 , 0.000000 , 4.000000 , 2001.000000 , 6.000000 , 1.000000 , 3.000000 , 1.253262 , 2.000000 , 
        -:  190: 880.000000 , 8.000000 , 4.000000 , 3.000000 , 3.000000 , 0.000000 , 4.000000 , 2001.000000 , 6.000000 , 1.000000 , 3.000000 , 1.253262 , 2.000000 , 
        -:  191: 896.000000 , 8.000000 , 4.000000 , 3.000000 , 3.000000 , 0.000000 , 4.000000 , 2001.000000 , 6.000000 , 1.000000 , 3.000000 , 1.253262 , 2.000000 , 
        -:  192: 912.000000 , 8.000000 , 4.000000 , 3.000000 , 3.000000 , 0.000000 , 4.000000 , 2001.000000 , 6.000000 , 1.000000 , 3.000000 , 1.253262 , 2.000000 , 
        -:  193: 928.000000 , 8.000000 , 4.000000 , 3.000000 , 3.000000 , 0.000000 , 4.000000 , 2001.000000 , 6.000000 , 1.000000 , 3.000000 , 1.253262 , 2.000000 , 
        -:  194: 944.000000 , 8.000000 , 4.000000 , 3.000000 , 3.000000 , 0.000000 , 4.000000 , 2001.000000 , 6.000000 , 1.000000 , 3.000000 , 1.253262 , 2.000000 , 
        -:  195: 960.000000 , 8.000000 , 4.000000 , 3.000000 , 3.000000 , 0.000000 , 4.000000 , 2001.000000 , 6.000000 , 1.000000 , 3.000000 , 1.253262 , 2.000000 , 
        -:  196: 976.000000 , 8.000000 , 4.000000 , 3.000000 , 3.000000 , 0.000000 , 4.000000 , 2001.000000 , 6.000000 , 1.000000 , 3.000000 , 1.253262 , 2.000000 , 
        -:  197: 992.000000 , 8.000000 , 4.000000 , 3.000000 , 3.000000 , 0.000000 , 4.000000 , 2001.000000 , 6.000000 , 1.000000 , 3.000000 , 1.253262 , 2.000000 , 
        -:  198: 1008.000000 , 8.000000 , 4.000000 , 3.000000 , 3.000000 , 0.000000 , 4.000000 , 2001.000000 , 6.000000 , 1.000000 , 3.000000 , 1.253262 , 2.000000 , 
        -:  199: 1024.000000 , 8.000000 , 4.000000 , 3.000000 , 3.000000 , 0.000000 , 4.000000 , 2001.000000 , 6.000000 , 1.000000 , 3.000000 , 1.253262 , 2.000000 , 
        -:  200: 16.000000 , 5.000000 , 2.000000 , 2.000000 , 1.000000 , 1.000000 , 4.000000 , 1501.000000 , 6.000000 , 1.000000 , 3.000000 , 1.611925 , 2.000000 , 
        -:  201: 32.000000 , 5.000000 , 2.000000 , 2.000000 , 1.000000 , 1.000000 , 4.000000 , 1501.000000 , 6.000000 , 1.000000 , 3.000000 , 1.611925 , 2.000000 , 
        -:  202: 48.000000 , 5.000000 , 2.000000 , 2.000000 , 1.000000 , 1.000000 , 4.000000 , 1501.000000 , 6.000000 , 1.000000 , 3.000000 , 1.611925 , 2.000000 , 
        -:  203: 64.000000 , 5.000000 , 2.000000 , 2.000000 , 1.000000 , 1.000000 , 4.000000 , 1501.000000 , 6.000000 , 1.000000 , 3.000000 , 1.611925 , 2.000000 , 
        -:  204: 80.000000 , 5.000000 , 2.000000 , 2.000000 , 1.000000 , 1.000000 , 4.000000 , 1501.000000 , 6.000000 , 1.000000 , 3.000000 , 1.611925 , 2.000000 , 
        -:  205: 96.000000 , 5.000000 , 2.000000 , 2.000000 , 1.000000 , 1.000000 , 4.000000 , 1501.000000 , 6.000000 , 1.000000 , 3.000000 , 1.611925 , 2.000000 , 
        -:  206: 112.000000 , 5.000000 , 2.000000 , 2.000000 , 1.000000 , 1.000000 , 4.000000 , 1501.000000 , 6.000000 , 1.000000 , 3.000000 , 1.611925 , 2.000000 , 
        -:  207: 128.000000 , 5.000000 , 2.000000 , 2.000000 , 1.000000 , 1.000000 , 4.000000 , 1501.000000 , 6.000000 , 1.000000 , 3.000000 , 1.611925 , 2.000000 , 
        -:  208: 144.000000 , 5.000000 , 2.000000 , 2.000000 , 1.000000 , 1.000000 , 4.000000 , 1501.000000 , 6.000000 , 1.000000 , 3.000000 , 1.611925 , 2.000000 , 
        -:  209: 160.000000 , 5.000000 , 2.000000 , 2.000000 , 1.000000 , 1.000000 , 4.000000 , 1501.000000 , 6.000000 , 1.000000 , 3.000000 , 1.611925 , 2.000000 , 
        -:  210: 176.000000 , 5.000000 , 2.000000 , 2.000000 , 1.000000 , 1.000000 , 4.000000 , 1501.000000 , 6.000000 , 1.000000 , 3.000000 , 1.611925 , 2.000000 , 
        -:  211: 192.000000 , 5.000000 , 2.000000 , 2.000000 , 1.000000 , 1.000000 , 4.000000 , 1501.000000 , 6.000000 , 1.000000 , 3.000000 , 1.611925 , 2.000000 , 
        -:  212: 208.000000 , 5.000000 , 2.000000 , 2.000000 , 1.000000 , 1.000000 , 4.000000 , 1501.000000 , 6.000000 , 1.000000 , 3.000000 , 1.611925 , 2.000000 , 
        -:  213: 224.000000 , 5.000000 , 2.000000 , 2.000000 , 1.000000 , 1.000000 , 4.000000 , 1501.000000 , 6.000000 , 1.000000 , 3.000000 , 1.611925 , 2.000000 , 
        -:  214: 240.000000 , 5.000000 , 2.000000 , 2.000000 , 1.000000 , 1.000000 , 4.000000 , 1501.000000 , 6.000000 , 1.000000 , 3.000000 , 1.611925 , 2.000000 , 
        -:  215: 256.000000 , 5.000000 , 2.000000 , 2.000000 , 1.000000 , 1.000000 , 4.000000 , 1501.000000 , 6.000000 , 1.000000 , 3.000000 , 1.611925 , 2.000000 , 
        -:  216: 272.000000 , 5.000000 , 2.000000 , 2.000000 , 1.000000 , 1.000000 , 4.000000 , 1501.000000 , 6.000000 , 1.000000 , 3.000000 , 1.611925 , 2.000000 , 
        -:  217: 288.000000 , 5.000000 , 2.000000 , 2.000000 , 1.000000 , 1.000000 , 4.000000 , 1501.000000 , 6.000000 , 1.000000 , 3.000000 , 1.611925 , 2.000000 , 
        -:  218: 304.000000 , 5.000000 , 2.000000 , 2.000000 , 1.000000 , 1.000000 , 4.000000 , 1501.000000 , 6.000000 , 1.000000 , 3.000000 , 1.611925 , 2.000000 , 
        -:  219: 320.000000 , 5.000000 , 2.000000 , 2.000000 , 1.000000 , 1.000000 , 4.000000 , 1501.000000 , 6.000000 , 1.000000 , 3.000000 , 1.611925 , 2.000000 , 
        -:  220: 336.000000 , 5.000000 , 2.000000 , 2.000000 , 1.000000 , 1.000000 , 4.000000 , 1501.000000 , 6.000000 , 1.000000 , 3.000000 , 1.611925 , 2.000000 , 
        -:  221: 352.000000 , 5.000000 , 2.000000 , 2.000000 , 1.000000 , 1.000000 , 4.000000 , 1501.000000 , 6.000000 , 1.000000 , 3.000000 , 1.611925 , 2.000000 , 
        -:  222: 368.000000 , 5.000000 , 2.000000 , 2.000000 , 1.000000 , 1.000000 , 4.000000 , 1501.000000 , 6.000000 , 1.000000 , 3.000000 , 1.611925 , 2.000000 , 
        -:  223: 384.000000 , 5.000000 , 2.000000 , 2.000000 , 1.000000 , 1.000000 , 4.000000 , 1501.000000 , 6.000000 , 1.000000 , 3.000000 , 1.611925 , 2.000000 , 
        -:  224: 400.000000 , 5.000000 , 2.000000 , 2.000000 , 1.000000 , 1.000000 , 4.000000 , 1501.000000 , 6.000000 , 1.000000 , 3.000000 , 1.611925 , 2.000000 , 
        -:  225: 416.000000 , 5.000000 , 2.000000 , 2.000000 , 1.000000 , 1.000000 , 4.000000 , 1501.000000 , 6.000000 , 1.000000 , 3.000000 , 1.611925 , 2.000000 , 
        -:  226: 432.000000 , 5.000000 , 2.000000 , 2.000000 , 1.000000 , 1.000000 , 4.000000 , 1501.000000 , 6.000000 , 1.000000 , 3.000000 , 1.611925 , 2.000000 , 
        -:  227: 448.000000 , 5.000000 , 2.000000 , 2.000000 , 1.000000 , 1.000000 , 4.000000 , 1501.000000 , 6.000000 , 1.000000 , 3.000000 , 1.611925 , 2.000000 , 
        -:  228: 464.000000 , 5.000000 , 2.000000 , 2.000000 , 1.000000 , 1.000000 , 4.000000 , 1501.000000 , 6.000000 , 1.000000 , 3.000000 , 1.611925 , 2.000000 , 
        -:  229: 480.000000 , 5.000000 , 2.000000 , 2.000000 , 1.000000 , 1.000000 , 4.000000 , 1501.000000 , 6.000000 , 1.000000 , 3.000000 , 1.611925 , 2.000000 , 
        -:  230: 496.000000 , 5.000000 , 2.000000 , 2.000000 , 1.000000 , 1.000000 , 4.000000 , 1501.000000 , 6.000000 , 1.000000 , 3.000000 , 1.611925 , 2.000000 , 
        -:  231: 512.000000 , 5.000000 , 2.000000 , 2.000000 , 1.000000 , 1.000000 , 4.000000 , 1501.000000 , 6.000000 , 1.000000 , 3.000000 , 1.611925 , 2.000000 , 
        -:  232: 528.000000 , 5.000000 , 2.000000 , 2.000000 , 1.000000 , 1.000000 , 4.000000 , 1501.000000 , 6.000000 , 1.000000 , 3.000000 , 1.611925 , 2.000000 , 
        -:  233: 544.000000 , 5.000000 , 2.000000 , 2.000000 , 1.000000 , 1.000000 , 4.000000 , 1501.000000 , 6.000000 , 1.000000 , 3.000000 , 1.611925 , 2.000000 , 
        -:  234: 560.000000 , 5.000000 , 2.000000 , 2.000000 , 1.000000 , 1.000000 , 4.000000 , 1501.000000 , 6.000000 , 1.000000 , 3.000000 , 1.611925 , 2.000000 , 
        -:  235: 576.000000 , 5.000000 , 2.000000 , 2.000000 , 1.000000 , 1.000000 , 4.000000 , 1501.000000 , 6.000000 , 1.000000 , 3.000000 , 1.611925 , 2.000000 , 
        -:  236: 592.000000 , 5.000000 , 2.000000 , 2.000000 , 1.000000 , 1.000000 , 4.000000 , 1501.000000 , 6.000000 , 1.000000 , 3.000000 , 1.611925 , 2.000000 , 
        -:  237: 608.000000 , 5.000000 , 2.000000 , 2.000000 , 1.000000 , 1.000000 , 4.000000 , 1501.000000 , 6.000000 , 1.000000 , 3.000000 , 1.611925 , 2.000000 , 
        -:  238: 624.000000 , 5.000000 , 2.000000 , 2.000000 , 1.000000 , 1.000000 , 4.000000 , 1501.000000 , 6.000000 , 1.000000 , 3.000000 , 1.611925 , 2.000000 , 
        -:  239: 640.000000 , 5.000000 , 2.000000 , 2.000000 , 1.000000 , 1.000000 , 4.000000 , 1501.000000 , 6.000000 , 1.000000 , 3.000000 , 1.611925 , 2.000000 , 
        -:  240: 656.000000 , 5.000000 , 2.000000 , 2.000000 , 1.000000 , 1.000000 , 4.000000 , 1501.000000 , 6.000000 , 1.000000 , 3.000000 , 1.611925 , 2.000000 , 
        -:  241: 672.000000 , 5.000000 , 2.000000 , 2.000000 , 1.000000 , 1.000000 , 4.000000 , 1501.000000 , 6.000000 , 1.000000 , 3.000000 , 1.611925 , 2.000000 , 
        -:  242: 688.000000 , 5.000000 , 2.000000 , 2.000000 , 1.000000 , 1.000000 , 4.000000 , 1501.000000 , 6.000000 , 1.000000 , 3.000000 , 1.611925 , 2.000000 , 
        -:  243: 704.000000 , 5.000000 , 2.000000 , 2.000000 , 1.000000 , 1.000000 , 4.000000 , 1501.000000 , 6.000000 , 1.000000 , 3.000000 , 1.611925 , 2.000000 , 
        -:  244: 720.000000 , 5.000000 , 2.000000 , 2.000000 , 1.000000 , 1.000000 , 4.000000 , 1501.000000 , 6.000000 , 1.000000 , 3.000000 , 1.611925 , 2.000000 , 
        -:  245: 736.000000 , 5.000000 , 2.000000 , 2.000000 , 1.000000 , 1.000000 , 4.000000 , 1501.000000 , 6.000000 , 1.000000 , 3.000000 , 1.611925 , 2.000000 , 
        -:  246: 752.000000 , 5.000000 , 2.000000 , 2.000000 , 1.000000 , 1.000000 , 4.000000 , 1501.000000 , 6.000000 , 1.000000 , 3.000000 , 1.611925 , 2.000000 , 
        -:  247: 768.000000 , 5.000000 , 2.000000 , 2.000000 , 1.000000 , 1.000000 , 4.000000 , 1501.000000 , 6.000000 , 1.000000 , 3.000000 , 1.611925 , 2.000000 , 
        -:  248: 784.000000 , 5.000000 , 2.000000 , 2.000000 , 1.000000 , 1.000000 , 4.000000 , 1501.000000 , 6.000000 , 1.000000 , 3.000000 , 1.611925 , 2.000000 , 
        -:  249: 800.000000 , 5.000000 , 2.000000 , 2.000000 , 1.000000 , 1.000000 , 4.000000 , 1501.000000 , 6.000000 , 1.000000 , 3.000000 , 1.611925 , 2.000000 , 
        -:  250: 816.000000 , 5.000000 , 2.000000 , 2.000000 , 1.000000 , 1.000000 , 4.000000 , 1501.000000 , 6.000000 , 1.000000 , 3.000000 , 1.611925 , 2.000000 , 
        -:  251: 832.000000 , 5.000000 , 2.000000 , 2.000000 , 1.000000 , 1.000000 , 4.000000 , 1501.000000 , 6.000000 , 1.000000 , 3.000000 , 1.611925 , 2.000000 , 
        -:  252: 848.000000 , 5.000000 , 2.000000 , 2.000000 , 1.000000 , 1.000000 , 4.000000 , 1501.000000 , 6.000000 , 1.000000 , 3.000000 , 1.611925 , 2.000000 , 
        -:  253: 864.000000 , 5.000000 , 2.000000 , 2.000000 , 1.000000 , 1.000000 , 4.000000 , 1501.000000 , 6.000000 , 1.000000 , 3.000000 , 1.611925 , 2.000000 , 
        -:  254: 880.000000 , 5.000000 , 2.000000 , 2.000000 , 1.000000 , 1.000000 , 4.000000 , 1501.000000 , 6.000000 , 1.000000 , 3.000000 , 1.611925 , 2.000000 , 
        -:  255: 896.000000 , 5.000000 , 2.000000 , 2.000000 , 1.000000 , 1.000000 , 4.000000 , 1501.000000 , 6.000000 , 1.000000 , 3.000000 , 1.611925 , 2.000000 , 
        -:  256: 912.000000 , 5.000000 , 2.000000 , 2.000000 , 1.000000 , 1.000000 , 4.000000 , 1501.000000 , 6.000000 , 1.000000 , 3.000000 , 1.611925 , 2.000000 , 
        -:  257: 928.000000 , 5.000000 , 2.000000 , 2.000000 , 1.000000 , 1.000000 , 4.000000 , 1501.000000 , 6.000000 , 1.000000 , 3.000000 , 1.611925 , 2.000000 , 
        -:  258: 944.000000 , 5.000000 , 2.000000 , 2.000000 , 1.000000 , 1.000000 , 4.000000 , 1501.000000 , 6.000000 , 1.000000 , 3.000000 , 1.611925 , 2.000000 , 
        -:  259: 960.000000 , 5.000000 , 2.000000 , 2.000000 , 1.000000 , 1.000000 , 4.000000 , 1501.000000 , 6.000000 , 1.000000 , 3.000000 , 1.611925 , 2.000000 , 
        -:  260: 976.000000 , 5.000000 , 2.000000 , 2.000000 , 1.000000 , 1.000000 , 4.000000 , 1501.000000 , 6.000000 , 1.000000 , 3.000000 , 1.611925 , 2.000000 , 
        -:  261: 992.000000 , 5.000000 , 2.000000 , 2.000000 , 1.000000 , 1.000000 , 4.000000 , 1501.000000 , 6.000000 , 1.000000 , 3.000000 , 1.611925 , 2.000000 , 
        -:  262: 1008.000000 , 5.000000 , 2.000000 , 2.000000 , 1.000000 , 1.000000 , 4.000000 , 1501.000000 , 6.000000 , 1.000000 , 3.000000 , 1.611925 , 2.000000 , 
        -:  263: 1024.000000 , 5.000000 , 2.000000 , 2.000000 , 1.000000 , 1.000000 , 4.000000 , 1501.000000 , 6.000000 , 1.000000 , 3.000000 , 1.611925 , 2.000000 , 
        -:  264: 16.000000 , 12.000000 , 5.000000 , 6.000000 , 4.000000 , 1.000000 , 4.000000 , 1024.000000 , 8.000000 , 2.000000 , 3.000000 , 23.147196 , 4.000000 , 
        -:  265: 32.000000 , 12.000000 , 5.000000 , 6.000000 , 4.000000 , 1.000000 , 4.000000 , 1024.000000 , 8.000000 , 2.000000 , 3.000000 , 23.147196 , 4.000000 , 
        -:  266: 48.000000 , 12.000000 , 5.000000 , 6.000000 , 4.000000 , 1.000000 , 4.000000 , 1024.000000 , 8.000000 , 2.000000 , 3.000000 , 23.147196 , 4.000000 , 
        -:  267: 64.000000 , 12.000000 , 5.000000 , 6.000000 , 4.000000 , 1.000000 , 4.000000 , 1024.000000 , 8.000000 , 2.000000 , 3.000000 , 23.147196 , 4.000000 , 
        -:  268: 80.000000 , 12.000000 , 5.000000 , 6.000000 , 4.000000 , 1.000000 , 4.000000 , 1024.000000 , 8.000000 , 2.000000 , 3.000000 , 23.147196 , 4.000000 , 
        -:  269: 96.000000 , 12.000000 , 5.000000 , 6.000000 , 4.000000 , 1.000000 , 4.000000 , 1024.000000 , 8.000000 , 2.000000 , 3.000000 , 23.147196 , 4.000000 , 
        -:  270: 112.000000 , 12.000000 , 5.000000 , 6.000000 , 4.000000 , 1.000000 , 4.000000 , 1024.000000 , 8.000000 , 2.000000 , 3.000000 , 23.147196 , 4.000000 , 
        -:  271: 128.000000 , 12.000000 , 5.000000 , 6.000000 , 4.000000 , 1.000000 , 4.000000 , 1024.000000 , 8.000000 , 2.000000 , 3.000000 , 23.147196 , 4.000000 , 
        -:  272: 144.000000 , 12.000000 , 5.000000 , 6.000000 , 4.000000 , 1.000000 , 4.000000 , 1024.000000 , 8.000000 , 2.000000 , 3.000000 , 23.147196 , 4.000000 , 
        -:  273: 160.000000 , 12.000000 , 5.000000 , 6.000000 , 4.000000 , 1.000000 , 4.000000 , 1024.000000 , 8.000000 , 2.000000 , 3.000000 , 23.147196 , 4.000000 , 
        -:  274: 176.000000 , 12.000000 , 5.000000 , 6.000000 , 4.000000 , 1.000000 , 4.000000 , 1024.000000 , 8.000000 , 2.000000 , 3.000000 , 23.147196 , 4.000000 , 
        -:  275: 192.000000 , 12.000000 , 5.000000 , 6.000000 , 4.000000 , 1.000000 , 4.000000 , 1024.000000 , 8.000000 , 2.000000 , 3.000000 , 23.147196 , 4.000000 , 
        -:  276: 208.000000 , 12.000000 , 5.000000 , 6.000000 , 4.000000 , 1.000000 , 4.000000 , 1024.000000 , 8.000000 , 2.000000 , 3.000000 , 23.147196 , 4.000000 , 
        -:  277: 224.000000 , 12.000000 , 5.000000 , 6.000000 , 4.000000 , 1.000000 , 4.000000 , 1024.000000 , 8.000000 , 2.000000 , 3.000000 , 23.147196 , 4.000000 , 
        -:  278: 240.000000 , 12.000000 , 5.000000 , 6.000000 , 4.000000 , 1.000000 , 4.000000 , 1024.000000 , 8.000000 , 2.000000 , 3.000000 , 23.147196 , 4.000000 , 
        -:  279: 256.000000 , 12.000000 , 5.000000 , 6.000000 , 4.000000 , 1.000000 , 4.000000 , 1024.000000 , 8.000000 , 2.000000 , 3.000000 , 23.147196 , 4.000000 , 
        -:  280: 272.000000 , 12.000000 , 5.000000 , 6.000000 , 4.000000 , 1.000000 , 4.000000 , 1024.000000 , 8.000000 , 2.000000 , 3.000000 , 23.147196 , 4.000000 , 
        -:  281: 288.000000 , 12.000000 , 5.000000 , 6.000000 , 4.000000 , 1.000000 , 4.000000 , 1024.000000 , 8.000000 , 2.000000 , 3.000000 , 23.147196 , 4.000000 , 
        -:  282: 304.000000 , 12.000000 , 5.000000 , 6.000000 , 4.000000 , 1.000000 , 4.000000 , 1024.000000 , 8.000000 , 2.000000 , 3.000000 , 23.147196 , 4.000000 , 
        -:  283: 320.000000 , 12.000000 , 5.000000 , 6.000000 , 4.000000 , 1.000000 , 4.000000 , 1024.000000 , 8.000000 , 2.000000 , 3.000000 , 23.147196 , 4.000000 , 
        -:  284: 336.000000 , 12.000000 , 5.000000 , 6.000000 , 4.000000 , 1.000000 , 4.000000 , 1024.000000 , 8.000000 , 2.000000 , 3.000000 , 23.147196 , 4.000000 , 
        -:  285: 352.000000 , 12.000000 , 5.000000 , 6.000000 , 4.000000 , 1.000000 , 4.000000 , 1024.000000 , 8.000000 , 2.000000 , 3.000000 , 23.147196 , 4.000000 , 
        -:  286: 368.000000 , 12.000000 , 5.000000 , 6.000000 , 4.000000 , 1.000000 , 4.000000 , 1024.000000 , 8.000000 , 2.000000 , 3.000000 , 23.147196 , 4.000000 , 
        -:  287: 384.000000 , 12.000000 , 5.000000 , 6.000000 , 4.000000 , 1.000000 , 4.000000 , 1024.000000 , 8.000000 , 2.000000 , 3.000000 , 23.147196 , 4.000000 , 
        -:  288: 400.000000 , 12.000000 , 5.000000 , 6.000000 , 4.000000 , 1.000000 , 4.000000 , 1024.000000 , 8.000000 , 2.000000 , 3.000000 , 23.147196 , 4.000000 , 
        -:  289: 416.000000 , 12.000000 , 5.000000 , 6.000000 , 4.000000 , 1.000000 , 4.000000 , 1024.000000 , 8.000000 , 2.000000 , 3.000000 , 23.147196 , 4.000000 , 
        -:  290: 432.000000 , 12.000000 , 5.000000 , 6.000000 , 4.000000 , 1.000000 , 4.000000 , 1024.000000 , 8.000000 , 2.000000 , 3.000000 , 23.147196 , 4.000000 , 
        -:  291: 448.000000 , 12.000000 , 5.000000 , 6.000000 , 4.000000 , 1.000000 , 4.000000 , 1024.000000 , 8.000000 , 2.000000 , 3.000000 , 23.147196 , 4.000000 , 
        -:  292: 464.000000 , 12.000000 , 5.000000 , 6.000000 , 4.000000 , 1.000000 , 4.000000 , 1024.000000 , 8.000000 , 2.000000 , 3.000000 , 23.147196 , 4.000000 , 
        -:  293: 480.000000 , 12.000000 , 5.000000 , 6.000000 , 4.000000 , 1.000000 , 4.000000 , 1024.000000 , 8.000000 , 2.000000 , 3.000000 , 23.147196 , 4.000000 , 
        -:  294: 496.000000 , 12.000000 , 5.000000 , 6.000000 , 4.000000 , 1.000000 , 4.000000 , 1024.000000 , 8.000000 , 2.000000 , 3.000000 , 23.147196 , 4.000000 , 
        -:  295: 512.000000 , 12.000000 , 5.000000 , 6.000000 , 4.000000 , 1.000000 , 4.000000 , 1024.000000 , 8.000000 , 2.000000 , 3.000000 , 23.147196 , 4.000000 , 
        -:  296: 528.000000 , 12.000000 , 5.000000 , 6.000000 , 4.000000 , 1.000000 , 4.000000 , 1024.000000 , 8.000000 , 2.000000 , 3.000000 , 23.147196 , 4.000000 , 
        -:  297: 544.000000 , 12.000000 , 5.000000 , 6.000000 , 4.000000 , 1.000000 , 4.000000 , 1024.000000 , 8.000000 , 2.000000 , 3.000000 , 23.147196 , 4.000000 , 
        -:  298: 560.000000 , 12.000000 , 5.000000 , 6.000000 , 4.000000 , 1.000000 , 4.000000 , 1024.000000 , 8.000000 , 2.000000 , 3.000000 , 23.147196 , 4.000000 , 
        -:  299: 576.000000 , 12.000000 , 5.000000 , 6.000000 , 4.000000 , 1.000000 , 4.000000 , 1024.000000 , 8.000000 , 2.000000 , 3.000000 , 23.147196 , 4.000000 , 
        -:  300: 592.000000 , 12.000000 , 5.000000 , 6.000000 , 4.000000 , 1.000000 , 4.000000 , 1024.000000 , 8.000000 , 2.000000 , 3.000000 , 23.147196 , 4.000000 , 
        -:  301: 608.000000 , 12.000000 , 5.000000 , 6.000000 , 4.000000 , 1.000000 , 4.000000 , 1024.000000 , 8.000000 , 2.000000 , 3.000000 , 23.147196 , 4.000000 , 
        -:  302: 624.000000 , 12.000000 , 5.000000 , 6.000000 , 4.000000 , 1.000000 , 4.000000 , 1024.000000 , 8.000000 , 2.000000 , 3.000000 , 23.147196 , 4.000000 , 
        -:  303: 640.000000 , 12.000000 , 5.000000 , 6.000000 , 4.000000 , 1.000000 , 4.000000 , 1024.000000 , 8.000000 , 2.000000 , 3.000000 , 23.147196 , 4.000000 , 
        -:  304: 656.000000 , 12.000000 , 5.000000 , 6.000000 , 4.000000 , 1.000000 , 4.000000 , 1024.000000 , 8.000000 , 2.000000 , 3.000000 , 23.147196 , 4.000000 , 
        -:  305: 672.000000 , 12.000000 , 5.000000 , 6.000000 , 4.000000 , 1.000000 , 4.000000 , 1024.000000 , 8.000000 , 2.000000 , 3.000000 , 23.147196 , 4.000000 , 
        -:  306: 688.000000 , 12.000000 , 5.000000 , 6.000000 , 4.000000 , 1.000000 , 4.000000 , 1024.000000 , 8.000000 , 2.000000 , 3.000000 , 23.147196 , 4.000000 , 
        -:  307: 704.000000 , 12.000000 , 5.000000 , 6.000000 , 4.000000 , 1.000000 , 4.000000 , 1024.000000 , 8.000000 , 2.000000 , 3.000000 , 23.147196 , 4.000000 , 
        -:  308: 720.000000 , 12.000000 , 5.000000 , 6.000000 , 4.000000 , 1.000000 , 4.000000 , 1024.000000 , 8.000000 , 2.000000 , 3.000000 , 23.147196 , 4.000000 , 
        -:  309: 736.000000 , 12.000000 , 5.000000 , 6.000000 , 4.000000 , 1.000000 , 4.000000 , 1024.000000 , 8.000000 , 2.000000 , 3.000000 , 23.147196 , 4.000000 , 
        -:  310: 752.000000 , 12.000000 , 5.000000 , 6.000000 , 4.000000 , 1.000000 , 4.000000 , 1024.000000 , 8.000000 , 2.000000 , 3.000000 , 23.147196 , 4.000000 , 
        -:  311: 768.000000 , 12.000000 , 5.000000 , 6.000000 , 4.000000 , 1.000000 , 4.000000 , 1024.000000 , 8.000000 , 2.000000 , 3.000000 , 23.147196 , 4.000000 , 
        -:  312: 784.000000 , 12.000000 , 5.000000 , 6.000000 , 4.000000 , 1.000000 , 4.000000 , 1024.000000 , 8.000000 , 2.000000 , 3.000000 , 23.147196 , 4.000000 , 
        -:  313: 800.000000 , 12.000000 , 5.000000 , 6.000000 , 4.000000 , 1.000000 , 4.000000 , 1024.000000 , 8.000000 , 2.000000 , 3.000000 , 23.147196 , 4.000000 , 
        -:  314: 816.000000 , 12.000000 , 5.000000 , 6.000000 , 4.000000 , 1.000000 , 4.000000 , 1024.000000 , 8.000000 , 2.000000 , 3.000000 , 23.147196 , 4.000000 , 
        -:  315: 832.000000 , 12.000000 , 5.000000 , 6.000000 , 4.000000 , 1.000000 , 4.000000 , 1024.000000 , 8.000000 , 2.000000 , 3.000000 , 23.147196 , 4.000000 , 
        -:  316: 848.000000 , 12.000000 , 5.000000 , 6.000000 , 4.000000 , 1.000000 , 4.000000 , 1024.000000 , 8.000000 , 2.000000 , 3.000000 , 23.147196 , 4.000000 , 
        -:  317: 864.000000 , 12.000000 , 5.000000 , 6.000000 , 4.000000 , 1.000000 , 4.000000 , 1024.000000 , 8.000000 , 2.000000 , 3.000000 , 23.147196 , 4.000000 , 
        -:  318: 880.000000 , 12.000000 , 5.000000 , 6.000000 , 4.000000 , 1.000000 , 4.000000 , 1024.000000 , 8.000000 , 2.000000 , 3.000000 , 23.147196 , 4.000000 , 
        -:  319: 896.000000 , 12.000000 , 5.000000 , 6.000000 , 4.000000 , 1.000000 , 4.000000 , 1024.000000 , 8.000000 , 2.000000 , 3.000000 , 23.147196 , 4.000000 , 
        -:  320: 912.000000 , 12.000000 , 5.000000 , 6.000000 , 4.000000 , 1.000000 , 4.000000 , 1024.000000 , 8.000000 , 2.000000 , 3.000000 , 23.147196 , 4.000000 , 
        -:  321: 928.000000 , 12.000000 , 5.000000 , 6.000000 , 4.000000 , 1.000000 , 4.000000 , 1024.000000 , 8.000000 , 2.000000 , 3.000000 , 23.147196 , 4.000000 , 
        -:  322: 944.000000 , 12.000000 , 5.000000 , 6.000000 , 4.000000 , 1.000000 , 4.000000 , 1024.000000 , 8.000000 , 2.000000 , 3.000000 , 23.147196 , 4.000000 , 
        -:  323: 960.000000 , 12.000000 , 5.000000 , 6.000000 , 4.000000 , 1.000000 , 4.000000 , 1024.000000 , 8.000000 , 2.000000 , 3.000000 , 23.147196 , 4.000000 , 
        -:  324: 976.000000 , 12.000000 , 5.000000 , 6.000000 , 4.000000 , 1.000000 , 4.000000 , 1024.000000 , 8.000000 , 2.000000 , 3.000000 , 23.147196 , 4.000000 , 
        -:  325: 992.000000 , 12.000000 , 5.000000 , 6.000000 , 4.000000 , 1.000000 , 4.000000 , 1024.000000 , 8.000000 , 2.000000 , 3.000000 , 23.147196 , 4.000000 , 
        -:  326: 1008.000000 , 12.000000 , 5.000000 , 6.000000 , 4.000000 , 1.000000 , 4.000000 , 1024.000000 , 8.000000 , 2.000000 , 3.000000 , 23.147196 , 4.000000 , 
        -:  327: 1024.000000 , 12.000000 , 5.000000 , 6.000000 , 4.000000 , 1.000000 , 4.000000 , 1024.000000 , 8.000000 , 2.000000 , 3.000000 , 23.147196 , 4.000000 , 
        -:  328: 16.000000 , 3.000000 , 1.000000 , 1.000000 , 1.000000 , 0.000000 , 2.000000 , 2000.000000 , 4.000000 , 1.000000 , 3.000000 , 2.722396 , 2.000000 , 
        -:  329: 32.000000 , 3.000000 , 1.000000 , 1.000000 , 1.000000 , 0.000000 , 2.000000 , 2000.000000 , 4.000000 , 1.000000 , 3.000000 , 2.722396 , 2.000000 , 
        -:  330: 48.000000 , 3.000000 , 1.000000 , 1.000000 , 1.000000 , 0.000000 , 2.000000 , 2000.000000 , 4.000000 , 1.000000 , 3.000000 , 2.722396 , 2.000000 , 
        -:  331: 64.000000 , 3.000000 , 1.000000 , 1.000000 , 1.000000 , 0.000000 , 2.000000 , 2000.000000 , 4.000000 , 1.000000 , 3.000000 , 2.722396 , 2.000000 , 
        -:  332: 80.000000 , 3.000000 , 1.000000 , 1.000000 , 1.000000 , 0.000000 , 2.000000 , 2000.000000 , 4.000000 , 1.000000 , 3.000000 , 2.722396 , 2.000000 , 
        -:  333: 96.000000 , 3.000000 , 1.000000 , 1.000000 , 1.000000 , 0.000000 , 2.000000 , 2000.000000 , 4.000000 , 1.000000 , 3.000000 , 2.722396 , 2.000000 , 
        -:  334: 112.000000 , 3.000000 , 1.000000 , 1.000000 , 1.000000 , 0.000000 , 2.000000 , 2000.000000 , 4.000000 , 1.000000 , 3.000000 , 2.722396 , 2.000000 , 
        -:  335: 128.000000 , 3.000000 , 1.000000 , 1.000000 , 1.000000 , 0.000000 , 2.000000 , 2000.000000 , 4.000000 , 1.000000 , 3.000000 , 2.722396 , 2.000000 , 
        -:  336: 144.000000 , 3.000000 , 1.000000 , 1.000000 , 1.000000 , 0.000000 , 2.000000 , 2000.000000 , 4.000000 , 1.000000 , 3.000000 , 2.722396 , 2.000000 , 
        -:  337: 160.000000 , 3.000000 , 1.000000 , 1.000000 , 1.000000 , 0.000000 , 2.000000 , 2000.000000 , 4.000000 , 1.000000 , 3.000000 , 2.722396 , 2.000000 , 
        -:  338: 176.000000 , 3.000000 , 1.000000 , 1.000000 , 1.000000 , 0.000000 , 2.000000 , 2000.000000 , 4.000000 , 1.000000 , 3.000000 , 2.722396 , 2.000000 , 
        -:  339: 192.000000 , 3.000000 , 1.000000 , 1.000000 , 1.000000 , 0.000000 , 2.000000 , 2000.000000 , 4.000000 , 1.000000 , 3.000000 , 2.722396 , 2.000000 , 
        -:  340: 208.000000 , 3.000000 , 1.000000 , 1.000000 , 1.000000 , 0.000000 , 2.000000 , 2000.000000 , 4.000000 , 1.000000 , 3.000000 , 2.722396 , 2.000000 , 
        -:  341: 224.000000 , 3.000000 , 1.000000 , 1.000000 , 1.000000 , 0.000000 , 2.000000 , 2000.000000 , 4.000000 , 1.000000 , 3.000000 , 2.722396 , 2.000000 , 
        -:  342: 240.000000 , 3.000000 , 1.000000 , 1.000000 , 1.000000 , 0.000000 , 2.000000 , 2000.000000 , 4.000000 , 1.000000 , 3.000000 , 2.722396 , 2.000000 , 
        -:  343: 256.000000 , 3.000000 , 1.000000 , 1.000000 , 1.000000 , 0.000000 , 2.000000 , 2000.000000 , 4.000000 , 1.000000 , 3.000000 , 2.722396 , 2.000000 , 
        -:  344: 272.000000 , 3.000000 , 1.000000 , 1.000000 , 1.000000 , 0.000000 , 2.000000 , 2000.000000 , 4.000000 , 1.000000 , 3.000000 , 2.722396 , 2.000000 , 
        -:  345: 288.000000 , 3.000000 , 1.000000 , 1.000000 , 1.000000 , 0.000000 , 2.000000 , 2000.000000 , 4.000000 , 1.000000 , 3.000000 , 2.722396 , 2.000000 , 
        -:  346: 304.000000 , 3.000000 , 1.000000 , 1.000000 , 1.000000 , 0.000000 , 2.000000 , 2000.000000 , 4.000000 , 1.000000 , 3.000000 , 2.722396 , 2.000000 , 
        -:  347: 320.000000 , 3.000000 , 1.000000 , 1.000000 , 1.000000 , 0.000000 , 2.000000 , 2000.000000 , 4.000000 , 1.000000 , 3.000000 , 2.722396 , 2.000000 , 
        -:  348: 336.000000 , 3.000000 , 1.000000 , 1.000000 , 1.000000 , 0.000000 , 2.000000 , 2000.000000 , 4.000000 , 1.000000 , 3.000000 , 2.722396 , 2.000000 , 
        -:  349: 352.000000 , 3.000000 , 1.000000 , 1.000000 , 1.000000 , 0.000000 , 2.000000 , 2000.000000 , 4.000000 , 1.000000 , 3.000000 , 2.722396 , 2.000000 , 
        -:  350: 368.000000 , 3.000000 , 1.000000 , 1.000000 , 1.000000 , 0.000000 , 2.000000 , 2000.000000 , 4.000000 , 1.000000 , 3.000000 , 2.722396 , 2.000000 , 
        -:  351: 384.000000 , 3.000000 , 1.000000 , 1.000000 , 1.000000 , 0.000000 , 2.000000 , 2000.000000 , 4.000000 , 1.000000 , 3.000000 , 2.722396 , 2.000000 , 
        -:  352: 400.000000 , 3.000000 , 1.000000 , 1.000000 , 1.000000 , 0.000000 , 2.000000 , 2000.000000 , 4.000000 , 1.000000 , 3.000000 , 2.722396 , 2.000000 , 
        -:  353: 416.000000 , 3.000000 , 1.000000 , 1.000000 , 1.000000 , 0.000000 , 2.000000 , 2000.000000 , 4.000000 , 1.000000 , 3.000000 , 2.722396 , 2.000000 , 
        -:  354: 432.000000 , 3.000000 , 1.000000 , 1.000000 , 1.000000 , 0.000000 , 2.000000 , 2000.000000 , 4.000000 , 1.000000 , 3.000000 , 2.722396 , 2.000000 , 
        -:  355: 448.000000 , 3.000000 , 1.000000 , 1.000000 , 1.000000 , 0.000000 , 2.000000 , 2000.000000 , 4.000000 , 1.000000 , 3.000000 , 2.722396 , 2.000000 , 
        -:  356: 464.000000 , 3.000000 , 1.000000 , 1.000000 , 1.000000 , 0.000000 , 2.000000 , 2000.000000 , 4.000000 , 1.000000 , 3.000000 , 2.722396 , 2.000000 , 
        -:  357: 480.000000 , 3.000000 , 1.000000 , 1.000000 , 1.000000 , 0.000000 , 2.000000 , 2000.000000 , 4.000000 , 1.000000 , 3.000000 , 2.722396 , 2.000000 , 
        -:  358: 496.000000 , 3.000000 , 1.000000 , 1.000000 , 1.000000 , 0.000000 , 2.000000 , 2000.000000 , 4.000000 , 1.000000 , 3.000000 , 2.722396 , 2.000000 , 
        -:  359: 512.000000 , 3.000000 , 1.000000 , 1.000000 , 1.000000 , 0.000000 , 2.000000 , 2000.000000 , 4.000000 , 1.000000 , 3.000000 , 2.722396 , 2.000000 , 
        -:  360: 528.000000 , 3.000000 , 1.000000 , 1.000000 , 1.000000 , 0.000000 , 2.000000 , 2000.000000 , 4.000000 , 1.000000 , 3.000000 , 2.722396 , 2.000000 , 
        -:  361: 544.000000 , 3.000000 , 1.000000 , 1.000000 , 1.000000 , 0.000000 , 2.000000 , 2000.000000 , 4.000000 , 1.000000 , 3.000000 , 2.722396 , 2.000000 , 
        -:  362: 560.000000 , 3.000000 , 1.000000 , 1.000000 , 1.000000 , 0.000000 , 2.000000 , 2000.000000 , 4.000000 , 1.000000 , 3.000000 , 2.722396 , 2.000000 , 
        -:  363: 576.000000 , 3.000000 , 1.000000 , 1.000000 , 1.000000 , 0.000000 , 2.000000 , 2000.000000 , 4.000000 , 1.000000 , 3.000000 , 2.722396 , 2.000000 , 
        -:  364: 592.000000 , 3.000000 , 1.000000 , 1.000000 , 1.000000 , 0.000000 , 2.000000 , 2000.000000 , 4.000000 , 1.000000 , 3.000000 , 2.722396 , 2.000000 , 
        -:  365: 608.000000 , 3.000000 , 1.000000 , 1.000000 , 1.000000 , 0.000000 , 2.000000 , 2000.000000 , 4.000000 , 1.000000 , 3.000000 , 2.722396 , 2.000000 , 
        -:  366: 624.000000 , 3.000000 , 1.000000 , 1.000000 , 1.000000 , 0.000000 , 2.000000 , 2000.000000 , 4.000000 , 1.000000 , 3.000000 , 2.722396 , 2.000000 , 
        -:  367: 640.000000 , 3.000000 , 1.000000 , 1.000000 , 1.000000 , 0.000000 , 2.000000 , 2000.000000 , 4.000000 , 1.000000 , 3.000000 , 2.722396 , 2.000000 , 
        -:  368: 656.000000 , 3.000000 , 1.000000 , 1.000000 , 1.000000 , 0.000000 , 2.000000 , 2000.000000 , 4.000000 , 1.000000 , 3.000000 , 2.722396 , 2.000000 , 
        -:  369: 672.000000 , 3.000000 , 1.000000 , 1.000000 , 1.000000 , 0.000000 , 2.000000 , 2000.000000 , 4.000000 , 1.000000 , 3.000000 , 2.722396 , 2.000000 , 
        -:  370: 688.000000 , 3.000000 , 1.000000 , 1.000000 , 1.000000 , 0.000000 , 2.000000 , 2000.000000 , 4.000000 , 1.000000 , 3.000000 , 2.722396 , 2.000000 , 
        -:  371: 704.000000 , 3.000000 , 1.000000 , 1.000000 , 1.000000 , 0.000000 , 2.000000 , 2000.000000 , 4.000000 , 1.000000 , 3.000000 , 2.722396 , 2.000000 , 
        -:  372: 720.000000 , 3.000000 , 1.000000 , 1.000000 , 1.000000 , 0.000000 , 2.000000 , 2000.000000 , 4.000000 , 1.000000 , 3.000000 , 2.722396 , 2.000000 , 
        -:  373: 736.000000 , 3.000000 , 1.000000 , 1.000000 , 1.000000 , 0.000000 , 2.000000 , 2000.000000 , 4.000000 , 1.000000 , 3.000000 , 2.722396 , 2.000000 , 
        -:  374: 752.000000 , 3.000000 , 1.000000 , 1.000000 , 1.000000 , 0.000000 , 2.000000 , 2000.000000 , 4.000000 , 1.000000 , 3.000000 , 2.722396 , 2.000000 , 
        -:  375: 768.000000 , 3.000000 , 1.000000 , 1.000000 , 1.000000 , 0.000000 , 2.000000 , 2000.000000 , 4.000000 , 1.000000 , 3.000000 , 2.722396 , 2.000000 , 
        -:  376: 784.000000 , 3.000000 , 1.000000 , 1.000000 , 1.000000 , 0.000000 , 2.000000 , 2000.000000 , 4.000000 , 1.000000 , 3.000000 , 2.722396 , 2.000000 , 
        -:  377: 800.000000 , 3.000000 , 1.000000 , 1.000000 , 1.000000 , 0.000000 , 2.000000 , 2000.000000 , 4.000000 , 1.000000 , 3.000000 , 2.722396 , 2.000000 , 
        -:  378: 816.000000 , 3.000000 , 1.000000 , 1.000000 , 1.000000 , 0.000000 , 2.000000 , 2000.000000 , 4.000000 , 1.000000 , 3.000000 , 2.722396 , 2.000000 , 
        -:  379: 832.000000 , 3.000000 , 1.000000 , 1.000000 , 1.000000 , 0.000000 , 2.000000 , 2000.000000 , 4.000000 , 1.000000 , 3.000000 , 2.722396 , 2.000000 , 
        -:  380: 848.000000 , 3.000000 , 1.000000 , 1.000000 , 1.000000 , 0.000000 , 2.000000 , 2000.000000 , 4.000000 , 1.000000 , 3.000000 , 2.722396 , 2.000000 , 
        -:  381: 864.000000 , 3.000000 , 1.000000 , 1.000000 , 1.000000 , 0.000000 , 2.000000 , 2000.000000 , 4.000000 , 1.000000 , 3.000000 , 2.722396 , 2.000000 , 
        -:  382: 880.000000 , 3.000000 , 1.000000 , 1.000000 , 1.000000 , 0.000000 , 2.000000 , 2000.000000 , 4.000000 , 1.000000 , 3.000000 , 2.722396 , 2.000000 , 
        -:  383: 896.000000 , 3.000000 , 1.000000 , 1.000000 , 1.000000 , 0.000000 , 2.000000 , 2000.000000 , 4.000000 , 1.000000 , 3.000000 , 2.722396 , 2.000000 , 
        -:  384: 912.000000 , 3.000000 , 1.000000 , 1.000000 , 1.000000 , 0.000000 , 2.000000 , 2000.000000 , 4.000000 , 1.000000 , 3.000000 , 2.722396 , 2.000000 , 
        -:  385: 928.000000 , 3.000000 , 1.000000 , 1.000000 , 1.000000 , 0.000000 , 2.000000 , 2000.000000 , 4.000000 , 1.000000 , 3.000000 , 2.722396 , 2.000000 , 
        -:  386: 944.000000 , 3.000000 , 1.000000 , 1.000000 , 1.000000 , 0.000000 , 2.000000 , 2000.000000 , 4.000000 , 1.000000 , 3.000000 , 2.722396 , 2.000000 , 
        -:  387: 960.000000 , 3.000000 , 1.000000 , 1.000000 , 1.000000 , 0.000000 , 2.000000 , 2000.000000 , 4.000000 , 1.000000 , 3.000000 , 2.722396 , 2.000000 , 
        -:  388: 976.000000 , 3.000000 , 1.000000 , 1.000000 , 1.000000 , 0.000000 , 2.000000 , 2000.000000 , 4.000000 , 1.000000 , 3.000000 , 2.722396 , 2.000000 , 
        -:  389: 992.000000 , 3.000000 , 1.000000 , 1.000000 , 1.000000 , 0.000000 , 2.000000 , 2000.000000 , 4.000000 , 1.000000 , 3.000000 , 2.722396 , 2.000000 , 
        -:  390: 1008.000000 , 3.000000 , 1.000000 , 1.000000 , 1.000000 , 0.000000 , 2.000000 , 2000.000000 , 4.000000 , 1.000000 , 3.000000 , 2.722396 , 2.000000 , 
        -:  391: 1024.000000 , 3.000000 , 1.000000 , 1.000000 , 1.000000 , 0.000000 , 2.000000 , 2000.000000 , 4.000000 , 1.000000 , 3.000000 , 2.722396 , 2.000000 , 
        -:  392: 16.000000 , 4.000000 , 2.000000 , 7.000000 , 0.000000 , 7.000000 , 2.000000 , 1000000.000000 , 2.000000 , 1.000000 , 2.000000 , 11.038305 , 6.000000 , 
        -:  393: 32.000000 , 4.000000 , 2.000000 , 7.000000 , 0.000000 , 7.000000 , 2.000000 , 1000000.000000 , 2.000000 , 1.000000 , 2.000000 , 11.038305 , 6.000000 , 
        -:  394: 48.000000 , 4.000000 , 2.000000 , 7.000000 , 0.000000 , 7.000000 , 2.000000 , 1000000.000000 , 2.000000 , 1.000000 , 2.000000 , 11.038305 , 6.000000 , 
        -:  395: 64.000000 , 4.000000 , 2.000000 , 7.000000 , 0.000000 , 7.000000 , 2.000000 , 1000000.000000 , 2.000000 , 1.000000 , 2.000000 , 11.038305 , 6.000000 , 
        -:  396: 80.000000 , 4.000000 , 2.000000 , 7.000000 , 0.000000 , 7.000000 , 2.000000 , 1000000.000000 , 2.000000 , 1.000000 , 2.000000 , 11.038305 , 6.000000 , 
        -:  397: 96.000000 , 4.000000 , 2.000000 , 7.000000 , 0.000000 , 7.000000 , 2.000000 , 1000000.000000 , 2.000000 , 1.000000 , 2.000000 , 11.038305 , 6.000000 , 
        -:  398: 112.000000 , 4.000000 , 2.000000 , 7.000000 , 0.000000 , 7.000000 , 2.000000 , 1000000.000000 , 2.000000 , 1.000000 , 2.000000 , 11.038305 , 6.000000 , 
        -:  399: 128.000000 , 4.000000 , 2.000000 , 7.000000 , 0.000000 , 7.000000 , 2.000000 , 1000000.000000 , 2.000000 , 1.000000 , 2.000000 , 11.038305 , 6.000000 , 
        -:  400: 144.000000 , 4.000000 , 2.000000 , 7.000000 , 0.000000 , 7.000000 , 2.000000 , 1000000.000000 , 2.000000 , 1.000000 , 2.000000 , 11.038305 , 6.000000 , 
        -:  401: 160.000000 , 4.000000 , 2.000000 , 7.000000 , 0.000000 , 7.000000 , 2.000000 , 1000000.000000 , 2.000000 , 1.000000 , 2.000000 , 11.038305 , 6.000000 , 
        -:  402: 176.000000 , 4.000000 , 2.000000 , 7.000000 , 0.000000 , 7.000000 , 2.000000 , 1000000.000000 , 2.000000 , 1.000000 , 2.000000 , 11.038305 , 6.000000 , 
        -:  403: 192.000000 , 4.000000 , 2.000000 , 7.000000 , 0.000000 , 7.000000 , 2.000000 , 1000000.000000 , 2.000000 , 1.000000 , 2.000000 , 11.038305 , 6.000000 , 
        -:  404: 208.000000 , 4.000000 , 2.000000 , 7.000000 , 0.000000 , 7.000000 , 2.000000 , 1000000.000000 , 2.000000 , 1.000000 , 2.000000 , 11.038305 , 6.000000 , 
        -:  405: 224.000000 , 4.000000 , 2.000000 , 7.000000 , 0.000000 , 7.000000 , 2.000000 , 1000000.000000 , 2.000000 , 1.000000 , 2.000000 , 11.038305 , 6.000000 , 
        -:  406: 240.000000 , 4.000000 , 2.000000 , 7.000000 , 0.000000 , 7.000000 , 2.000000 , 1000000.000000 , 2.000000 , 1.000000 , 2.000000 , 11.038305 , 6.000000 , 
        -:  407: 256.000000 , 4.000000 , 2.000000 , 7.000000 , 0.000000 , 7.000000 , 2.000000 , 1000000.000000 , 2.000000 , 1.000000 , 2.000000 , 11.038305 , 6.000000 , 
        -:  408: 272.000000 , 4.000000 , 2.000000 , 7.000000 , 0.000000 , 7.000000 , 2.000000 , 1000000.000000 , 2.000000 , 1.000000 , 2.000000 , 11.038305 , 6.000000 , 
        -:  409: 288.000000 , 4.000000 , 2.000000 , 7.000000 , 0.000000 , 7.000000 , 2.000000 , 1000000.000000 , 2.000000 , 1.000000 , 2.000000 , 11.038305 , 6.000000 , 
        -:  410: 304.000000 , 4.000000 , 2.000000 , 7.000000 , 0.000000 , 7.000000 , 2.000000 , 1000000.000000 , 2.000000 , 1.000000 , 2.000000 , 11.038305 , 6.000000 , 
        -:  411: 320.000000 , 4.000000 , 2.000000 , 7.000000 , 0.000000 , 7.000000 , 2.000000 , 1000000.000000 , 2.000000 , 1.000000 , 2.000000 , 11.038305 , 6.000000 , 
        -:  412: 336.000000 , 4.000000 , 2.000000 , 7.000000 , 0.000000 , 7.000000 , 2.000000 , 1000000.000000 , 2.000000 , 1.000000 , 2.000000 , 11.038305 , 6.000000 , 
        -:  413: 352.000000 , 4.000000 , 2.000000 , 7.000000 , 0.000000 , 7.000000 , 2.000000 , 1000000.000000 , 2.000000 , 1.000000 , 2.000000 , 11.038305 , 6.000000 , 
        -:  414: 368.000000 , 4.000000 , 2.000000 , 7.000000 , 0.000000 , 7.000000 , 2.000000 , 1000000.000000 , 2.000000 , 1.000000 , 2.000000 , 11.038305 , 6.000000 , 
        -:  415: 384.000000 , 4.000000 , 2.000000 , 7.000000 , 0.000000 , 7.000000 , 2.000000 , 1000000.000000 , 2.000000 , 1.000000 , 2.000000 , 11.038305 , 6.000000 , 
        -:  416: 400.000000 , 4.000000 , 2.000000 , 7.000000 , 0.000000 , 7.000000 , 2.000000 , 1000000.000000 , 2.000000 , 1.000000 , 2.000000 , 11.038305 , 6.000000 , 
        -:  417: 416.000000 , 4.000000 , 2.000000 , 7.000000 , 0.000000 , 7.000000 , 2.000000 , 1000000.000000 , 2.000000 , 1.000000 , 2.000000 , 11.038305 , 6.000000 , 
        -:  418: 432.000000 , 4.000000 , 2.000000 , 7.000000 , 0.000000 , 7.000000 , 2.000000 , 1000000.000000 , 2.000000 , 1.000000 , 2.000000 , 11.038305 , 6.000000 , 
        -:  419: 448.000000 , 4.000000 , 2.000000 , 7.000000 , 0.000000 , 7.000000 , 2.000000 , 1000000.000000 , 2.000000 , 1.000000 , 2.000000 , 11.038305 , 6.000000 , 
        -:  420: 464.000000 , 4.000000 , 2.000000 , 7.000000 , 0.000000 , 7.000000 , 2.000000 , 1000000.000000 , 2.000000 , 1.000000 , 2.000000 , 11.038305 , 6.000000 , 
        -:  421: 480.000000 , 4.000000 , 2.000000 , 7.000000 , 0.000000 , 7.000000 , 2.000000 , 1000000.000000 , 2.000000 , 1.000000 , 2.000000 , 11.038305 , 6.000000 , 
        -:  422: 496.000000 , 4.000000 , 2.000000 , 7.000000 , 0.000000 , 7.000000 , 2.000000 , 1000000.000000 , 2.000000 , 1.000000 , 2.000000 , 11.038305 , 6.000000 , 
        -:  423: 512.000000 , 4.000000 , 2.000000 , 7.000000 , 0.000000 , 7.000000 , 2.000000 , 1000000.000000 , 2.000000 , 1.000000 , 2.000000 , 11.038305 , 6.000000 , 
        -:  424: 528.000000 , 4.000000 , 2.000000 , 7.000000 , 0.000000 , 7.000000 , 2.000000 , 1000000.000000 , 2.000000 , 1.000000 , 2.000000 , 11.038305 , 6.000000 , 
        -:  425: 544.000000 , 4.000000 , 2.000000 , 7.000000 , 0.000000 , 7.000000 , 2.000000 , 1000000.000000 , 2.000000 , 1.000000 , 2.000000 , 11.038305 , 6.000000 , 
        -:  426: 560.000000 , 4.000000 , 2.000000 , 7.000000 , 0.000000 , 7.000000 , 2.000000 , 1000000.000000 , 2.000000 , 1.000000 , 2.000000 , 11.038305 , 6.000000 , 
        -:  427: 576.000000 , 4.000000 , 2.000000 , 7.000000 , 0.000000 , 7.000000 , 2.000000 , 1000000.000000 , 2.000000 , 1.000000 , 2.000000 , 11.038305 , 6.000000 , 
        -:  428: 592.000000 , 4.000000 , 2.000000 , 7.000000 , 0.000000 , 7.000000 , 2.000000 , 1000000.000000 , 2.000000 , 1.000000 , 2.000000 , 11.038305 , 6.000000 , 
        -:  429: 608.000000 , 4.000000 , 2.000000 , 7.000000 , 0.000000 , 7.000000 , 2.000000 , 1000000.000000 , 2.000000 , 1.000000 , 2.000000 , 11.038305 , 6.000000 , 
        -:  430: 624.000000 , 4.000000 , 2.000000 , 7.000000 , 0.000000 , 7.000000 , 2.000000 , 1000000.000000 , 2.000000 , 1.000000 , 2.000000 , 11.038305 , 6.000000 , 
        -:  431: 640.000000 , 4.000000 , 2.000000 , 7.000000 , 0.000000 , 7.000000 , 2.000000 , 1000000.000000 , 2.000000 , 1.000000 , 2.000000 , 11.038305 , 6.000000 , 
        -:  432: 656.000000 , 4.000000 , 2.000000 , 7.000000 , 0.000000 , 7.000000 , 2.000000 , 1000000.000000 , 2.000000 , 1.000000 , 2.000000 , 11.038305 , 6.000000 , 
        -:  433: 672.000000 , 4.000000 , 2.000000 , 7.000000 , 0.000000 , 7.000000 , 2.000000 , 1000000.000000 , 2.000000 , 1.000000 , 2.000000 , 11.038305 , 6.000000 , 
        -:  434: 688.000000 , 4.000000 , 2.000000 , 7.000000 , 0.000000 , 7.000000 , 2.000000 , 1000000.000000 , 2.000000 , 1.000000 , 2.000000 , 11.038305 , 6.000000 , 
        -:  435: 704.000000 , 4.000000 , 2.000000 , 7.000000 , 0.000000 , 7.000000 , 2.000000 , 1000000.000000 , 2.000000 , 1.000000 , 2.000000 , 11.038305 , 6.000000 , 
        -:  436: 720.000000 , 4.000000 , 2.000000 , 7.000000 , 0.000000 , 7.000000 , 2.000000 , 1000000.000000 , 2.000000 , 1.000000 , 2.000000 , 11.038305 , 6.000000 , 
        -:  437: 736.000000 , 4.000000 , 2.000000 , 7.000000 , 0.000000 , 7.000000 , 2.000000 , 1000000.000000 , 2.000000 , 1.000000 , 2.000000 , 11.038305 , 6.000000 , 
        -:  438: 752.000000 , 4.000000 , 2.000000 , 7.000000 , 0.000000 , 7.000000 , 2.000000 , 1000000.000000 , 2.000000 , 1.000000 , 2.000000 , 11.038305 , 6.000000 , 
        -:  439: 768.000000 , 4.000000 , 2.000000 , 7.000000 , 0.000000 , 7.000000 , 2.000000 , 1000000.000000 , 2.000000 , 1.000000 , 2.000000 , 11.038305 , 6.000000 , 
        -:  440: 784.000000 , 4.000000 , 2.000000 , 7.000000 , 0.000000 , 7.000000 , 2.000000 , 1000000.000000 , 2.000000 , 1.000000 , 2.000000 , 11.038305 , 6.000000 , 
        -:  441: 800.000000 , 4.000000 , 2.000000 , 7.000000 , 0.000000 , 7.000000 , 2.000000 , 1000000.000000 , 2.000000 , 1.000000 , 2.000000 , 11.038305 , 6.000000 , 
        -:  442: 816.000000 , 4.000000 , 2.000000 , 7.000000 , 0.000000 , 7.000000 , 2.000000 , 1000000.000000 , 2.000000 , 1.000000 , 2.000000 , 11.038305 , 6.000000 , 
        -:  443: 832.000000 , 4.000000 , 2.000000 , 7.000000 , 0.000000 , 7.000000 , 2.000000 , 1000000.000000 , 2.000000 , 1.000000 , 2.000000 , 11.038305 , 6.000000 , 
        -:  444: 848.000000 , 4.000000 , 2.000000 , 7.000000 , 0.000000 , 7.000000 , 2.000000 , 1000000.000000 , 2.000000 , 1.000000 , 2.000000 , 11.038305 , 6.000000 , 
        -:  445: 864.000000 , 4.000000 , 2.000000 , 7.000000 , 0.000000 , 7.000000 , 2.000000 , 1000000.000000 , 2.000000 , 1.000000 , 2.000000 , 11.038305 , 6.000000 , 
        -:  446: 880.000000 , 4.000000 , 2.000000 , 7.000000 , 0.000000 , 7.000000 , 2.000000 , 1000000.000000 , 2.000000 , 1.000000 , 2.000000 , 11.038305 , 6.000000 , 
        -:  447: 896.000000 , 4.000000 , 2.000000 , 7.000000 , 0.000000 , 7.000000 , 2.000000 , 1000000.000000 , 2.000000 , 1.000000 , 2.000000 , 11.038305 , 6.000000 , 
        -:  448: 912.000000 , 4.000000 , 2.000000 , 7.000000 , 0.000000 , 7.000000 , 2.000000 , 1000000.000000 , 2.000000 , 1.000000 , 2.000000 , 11.038305 , 6.000000 , 
        -:  449: 928.000000 , 4.000000 , 2.000000 , 7.000000 , 0.000000 , 7.000000 , 2.000000 , 1000000.000000 , 2.000000 , 1.000000 , 2.000000 , 11.038305 , 6.000000 , 
        -:  450: 944.000000 , 4.000000 , 2.000000 , 7.000000 , 0.000000 , 7.000000 , 2.000000 , 1000000.000000 , 2.000000 , 1.000000 , 2.000000 , 11.038305 , 6.000000 , 
        -:  451: 960.000000 , 4.000000 , 2.000000 , 7.000000 , 0.000000 , 7.000000 , 2.000000 , 1000000.000000 , 2.000000 , 1.000000 , 2.000000 , 11.038305 , 6.000000 , 
        -:  452: 976.000000 , 4.000000 , 2.000000 , 7.000000 , 0.000000 , 7.000000 , 2.000000 , 1000000.000000 , 2.000000 , 1.000000 , 2.000000 , 11.038305 , 6.000000 , 
        -:  453: 992.000000 , 4.000000 , 2.000000 , 7.000000 , 0.000000 , 7.000000 , 2.000000 , 1000000.000000 , 2.000000 , 1.000000 , 2.000000 , 11.038305 , 6.000000 , 
        -:  454: 1008.000000 , 4.000000 , 2.000000 , 7.000000 , 0.000000 , 7.000000 , 2.000000 , 1000000.000000 , 2.000000 , 1.000000 , 2.000000 , 11.038305 , 6.000000 , 
        -:  455: 1024.000000 , 4.000000 , 2.000000 , 7.000000 , 0.000000 , 7.000000 , 2.000000 , 1000000.000000 , 2.000000 , 1.000000 , 2.000000 , 11.038305 , 6.000000 , 
        -:  456: 16.000000 , 11.000000 , 4.000000 , 12.000000 , 0.000000 , 17.000000 , 3.000000 , 2048.000000 , 6.000000 , 1.000000 , 3.000000 , 1.448729 , 11.000000 , 
        -:  457: 32.000000 , 11.000000 , 4.000000 , 12.000000 , 0.000000 , 17.000000 , 3.000000 , 2048.000000 , 6.000000 , 1.000000 , 3.000000 , 1.448729 , 11.000000 , 
        -:  458: 48.000000 , 11.000000 , 4.000000 , 12.000000 , 0.000000 , 17.000000 , 3.000000 , 2048.000000 , 6.000000 , 1.000000 , 3.000000 , 1.448729 , 11.000000 , 
        -:  459: 64.000000 , 11.000000 , 4.000000 , 12.000000 , 0.000000 , 17.000000 , 3.000000 , 2048.000000 , 6.000000 , 1.000000 , 3.000000 , 1.448729 , 11.000000 , 
        -:  460: 80.000000 , 11.000000 , 4.000000 , 12.000000 , 0.000000 , 17.000000 , 3.000000 , 2048.000000 , 6.000000 , 1.000000 , 3.000000 , 1.448729 , 11.000000 , 
        -:  461: 96.000000 , 11.000000 , 4.000000 , 12.000000 , 0.000000 , 17.000000 , 3.000000 , 2048.000000 , 6.000000 , 1.000000 , 3.000000 , 1.448729 , 11.000000 , 
        -:  462: 112.000000 , 11.000000 , 4.000000 , 12.000000 , 0.000000 , 17.000000 , 3.000000 , 2048.000000 , 6.000000 , 1.000000 , 3.000000 , 1.448729 , 11.000000 , 
        -:  463: 128.000000 , 11.000000 , 4.000000 , 12.000000 , 0.000000 , 17.000000 , 3.000000 , 2048.000000 , 6.000000 , 1.000000 , 3.000000 , 1.448729 , 11.000000 , 
        -:  464: 144.000000 , 11.000000 , 4.000000 , 12.000000 , 0.000000 , 17.000000 , 3.000000 , 2048.000000 , 6.000000 , 1.000000 , 3.000000 , 1.448729 , 11.000000 , 
        -:  465: 160.000000 , 11.000000 , 4.000000 , 12.000000 , 0.000000 , 17.000000 , 3.000000 , 2048.000000 , 6.000000 , 1.000000 , 3.000000 , 1.448729 , 11.000000 , 
        -:  466: 176.000000 , 11.000000 , 4.000000 , 12.000000 , 0.000000 , 17.000000 , 3.000000 , 2048.000000 , 6.000000 , 1.000000 , 3.000000 , 1.448729 , 11.000000 , 
        -:  467: 192.000000 , 11.000000 , 4.000000 , 12.000000 , 0.000000 , 17.000000 , 3.000000 , 2048.000000 , 6.000000 , 1.000000 , 3.000000 , 1.448729 , 11.000000 , 
        -:  468: 208.000000 , 11.000000 , 4.000000 , 12.000000 , 0.000000 , 17.000000 , 3.000000 , 2048.000000 , 6.000000 , 1.000000 , 3.000000 , 1.448729 , 11.000000 , 
        -:  469: 224.000000 , 11.000000 , 4.000000 , 12.000000 , 0.000000 , 17.000000 , 3.000000 , 2048.000000 , 6.000000 , 1.000000 , 3.000000 , 1.448729 , 11.000000 , 
        -:  470: 240.000000 , 11.000000 , 4.000000 , 12.000000 , 0.000000 , 17.000000 , 3.000000 , 2048.000000 , 6.000000 , 1.000000 , 3.000000 , 1.448729 , 11.000000 , 
        -:  471: 256.000000 , 11.000000 , 4.000000 , 12.000000 , 0.000000 , 17.000000 , 3.000000 , 2048.000000 , 6.000000 , 1.000000 , 3.000000 , 1.448729 , 11.000000 , 
        -:  472: 272.000000 , 11.000000 , 4.000000 , 12.000000 , 0.000000 , 17.000000 , 3.000000 , 2048.000000 , 6.000000 , 1.000000 , 3.000000 , 1.448729 , 11.000000 , 
        -:  473: 288.000000 , 11.000000 , 4.000000 , 12.000000 , 0.000000 , 17.000000 , 3.000000 , 2048.000000 , 6.000000 , 1.000000 , 3.000000 , 1.448729 , 11.000000 , 
        -:  474: 304.000000 , 11.000000 , 4.000000 , 12.000000 , 0.000000 , 17.000000 , 3.000000 , 2048.000000 , 6.000000 , 1.000000 , 3.000000 , 1.448729 , 11.000000 , 
        -:  475: 320.000000 , 11.000000 , 4.000000 , 12.000000 , 0.000000 , 17.000000 , 3.000000 , 2048.000000 , 6.000000 , 1.000000 , 3.000000 , 1.448729 , 11.000000 , 
        -:  476: 336.000000 , 11.000000 , 4.000000 , 12.000000 , 0.000000 , 17.000000 , 3.000000 , 2048.000000 , 6.000000 , 1.000000 , 3.000000 , 1.448729 , 11.000000 , 
        -:  477: 352.000000 , 11.000000 , 4.000000 , 12.000000 , 0.000000 , 17.000000 , 3.000000 , 2048.000000 , 6.000000 , 1.000000 , 3.000000 , 1.448729 , 11.000000 , 
        -:  478: 368.000000 , 11.000000 , 4.000000 , 12.000000 , 0.000000 , 17.000000 , 3.000000 , 2048.000000 , 6.000000 , 1.000000 , 3.000000 , 1.448729 , 11.000000 , 
        -:  479: 384.000000 , 11.000000 , 4.000000 , 12.000000 , 0.000000 , 17.000000 , 3.000000 , 2048.000000 , 6.000000 , 1.000000 , 3.000000 , 1.448729 , 11.000000 , 
        -:  480: 400.000000 , 11.000000 , 4.000000 , 12.000000 , 0.000000 , 17.000000 , 3.000000 , 2048.000000 , 6.000000 , 1.000000 , 3.000000 , 1.448729 , 11.000000 , 
        -:  481: 416.000000 , 11.000000 , 4.000000 , 12.000000 , 0.000000 , 17.000000 , 3.000000 , 2048.000000 , 6.000000 , 1.000000 , 3.000000 , 1.448729 , 11.000000 , 
        -:  482: 432.000000 , 11.000000 , 4.000000 , 12.000000 , 0.000000 , 17.000000 , 3.000000 , 2048.000000 , 6.000000 , 1.000000 , 3.000000 , 1.448729 , 11.000000 , 
        -:  483: 448.000000 , 11.000000 , 4.000000 , 12.000000 , 0.000000 , 17.000000 , 3.000000 , 2048.000000 , 6.000000 , 1.000000 , 3.000000 , 1.448729 , 11.000000 , 
[...]
        -: 4379: 0.404218 , 
        -: 4380: 0.523037 , 
        -: 4381: 0.427272 , 
        -: 4382: 0.430925 , 
        -: 4383: 0.427959 , 
        -: 4384: 0.534081 , 
        -: 4385: 0.440202 , 
        -: 4386: 0.499890 , 
        -: 4387: 0.675232 , 
        -: 4388: 0.616831 , 
        -: 4389: 0.439614 , 
        -: 4390: 0.440670 , 
        -: 4391: 0.446016 , 
        -: 4392: 0.412565 , 
        -: 4393: 0.418567 , 
        -: 4394: 0.417109 , 
        -: 4395: 0.423597 , 
        -: 4396: 0.450885 , 
        -: 4397: 0.690228 , 
        -: 4398: 0.406700 , 
        -: 4399: 0.655564 , 
        -: 4400: 0.684269 , 
        -: 4401: 0.385913 , 
        -: 4402: 0.373669 , 
        -: 4403: 0.402076 , 
        -: 4404: 0.364521 , 
        -: 4405: 0.373779 , 
        -: 4406: 0.356213 , 
        -: 4407: 0.360064 , 
        -: 4408: 0.349843 , 
        -: 4409: 0.672158 , 
        -: 4410: 0.373023 , 
        -: 4411: 0.351970 , 
        -: 4412: 0.390179 , 
        -: 4413: 0.354071 , 
        -: 4414: 0.352842 , 
        -: 4415: 0.352750 , 
        -: 4416: 0.349588 , 
        -: 4417: 0.348211 , 
        -: 4418: 0.348239 , 
        -: 4419: 0.422584 , 
        -: 4420: 0.350956 , 
        -: 4421: 0.376699 , 
        -: 4422: 0.443614 , 
        -: 4423: 0.354128 , 
        -: 4424: 0.329900 , 
        -: 4425: 0.388741 , 
        -: 4426: 0.345802 , 
        -: 4427: 0.353168 , 
        -: 4428: 0.402764 , 
        -: 4429: 9.512070 , 
        -: 4430: 6.245775 , 
        -: 4431: 3.556547 , 
        -: 4432: 3.024566 , 
        -: 4433: 3.648909 , 
        -: 4434: 2.540677 , 
        -: 4435: 3.025424 , 
        -: 4436: 1.982807 , 
        -: 4437: 2.622621 , 
        -: 4438: 2.463074 , 
        -: 4439: 2.218647 , 
        -: 4440: 2.430656 , 
        -: 4441: 2.357242 , 
        -: 4442: 2.005866 , 
        -: 4443: 2.217030 , 
        -: 4444: 1.787907 , 
        -: 4445: 2.009157 , 
        -: 4446: 2.028570 , 
        -: 4447: 1.923744 , 
        -: 4448: 2.074013 , 
        -: 4449: 2.241318 , 
        -: 4450: 1.956749 , 
        -: 4451: 2.174957 , 
        -: 4452: 1.878934 , 
        -: 4453: 2.019117 , 
        -: 4454: 1.995258 , 
        -: 4455: 1.979169 , 
        -: 4456: 1.945912 , 
        -: 4457: 2.067237 , 
        -: 4458: 1.889786 , 
        -: 4459: 2.205643 , 
        -: 4460: 1.895453 , 
        -: 4461: 1.994553 , 
        -: 4462: 2.143194 , 
        -: 4463: 2.083156 , 
        -: 4464: 1.958921 , 
        -: 4465: 2.084596 , 
        -: 4466: 2.149309 , 
        -: 4467: 2.033169 , 
        -: 4468: 1.893244 , 
        -: 4469: 1.967155 , 
        -: 4470: 2.102230 , 
        -: 4471: 2.018702 , 
        -: 4472: 2.075250 , 
        -: 4473: 2.156061 , 
        -: 4474: 2.069093 , 
        -: 4475: 2.112017 , 
        -: 4476: 1.996454 , 
        -: 4477: 2.140806 , 
        -: 4478: 2.104204 , 
        -: 4479: 2.028266 , 
        -: 4480: 2.099611 , 
        -: 4481: 2.154684 , 
        -: 4482: 2.011063 , 
        -: 4483: 2.143836 , 
        -: 4484: 1.943391 , 
        -: 4485: 2.049396 , 
        -: 4486: 2.122453 , 
        -: 4487: 2.039845 , 
        -: 4488: 1.991416 , 
        -: 4489: 2.098570 , 
        -: 4490: 2.014307 , 
        -: 4491: 2.103685 , 
        -: 4492: 1.967607 , 
        -: 4493: 9.042550 , 
        -: 4494: 6.888415 , 
        -: 4495: 7.292220 , 
        -: 4496: 7.402825 , 
        -: 4497: 8.217994 , 
        -: 4498: 8.422560 , 
        -: 4499: 8.726061 , 
        -: 4500: 8.956038 , 
        -: 4501: 9.636604 , 
        -: 4502: 9.284235 , 
        -: 4503: 9.389551 , 
        -: 4504: 9.547826 , 
        -: 4505: 9.560888 , 
        -: 4506: 9.424170 , 
        -: 4507: 10.695440 , 
        -: 4508: 9.731889 , 
        -: 4509: 9.996137 , 
        -: 4510: 10.018626 , 
        -: 4511: 9.888528 , 
        -: 4512: 9.834708 , 
        -: 4513: 9.912323 , 
        -: 4514: 9.860110 , 
        -: 4515: 9.887941 , 
        -: 4516: 9.961600 , 
        -: 4517: 10.009492 , 
        -: 4518: 9.993647 , 
        -: 4519: 10.047697 , 
        -: 4520: 10.143940 , 
        -: 4521: 10.139345 , 
        -: 4522: 11.166221 , 
        -: 4523: 12.501883 , 
        -: 4524: 10.051668 , 
        -: 4525: 10.222333 , 
        -: 4526: 10.128446 , 
        -: 4527: 10.044193 , 
        -: 4528: 10.138508 , 
        -: 4529: 10.100744 , 
        -: 4530: 9.979755 , 
        -: 4531: 10.241356 , 
        -: 4532: 10.254100 , 
        -: 4533: 10.238739 , 
        -: 4534: 10.209573 , 
        -: 4535: 10.251335 , 
        -: 4536: 10.194907 , 
        -: 4537: 10.192083 , 
        -: 4538: 10.058159 , 
        -: 4539: 10.064136 , 
        -: 4540: 10.097170 , 
        -: 4541: 10.075863 , 
        -: 4542: 9.858285 , 
        -: 4543: 10.125531 , 
        -: 4544: 10.058270 , 
        -: 4545: 9.961593 , 
        -: 4546: 10.580917 , 
        -: 4547: 10.068710 , 
        -: 4548: 9.915079 , 
        -: 4549: 10.035838 , 
        -: 4550: 10.286842 , 
        -: 4551: 10.083152 , 
        -: 4552: 10.106808 , 
        -: 4553: 9.881711 , 
        -: 4554: 9.978064 , 
        -: 4555: 10.007827 , 
        -: 4556: 10.089313 , 
        -: 4557: 8.348041 , 
        -: 4558: 5.036555 , 
        -: 4559: 2.790213 , 
        -: 4560: 2.513094 , 
        -: 4561: 2.481021 , 
        -: 4562: 1.922085 , 
        -: 4563: 1.937358 , 
        -: 4564: 1.430506 , 
        -: 4565: 1.535662 , 
        -: 4566: 1.587425 , 
        -: 4567: 1.273843 , 
        -: 4568: 1.368079 , 
        -: 4569: 1.651002 , 
        -: 4570: 1.191876 , 
        -: 4571: 1.236489 , 
        -: 4572: 1.050259 , 
        -: 4573: 1.132934 , 
        -: 4574: 1.256468 , 
        -: 4575: 1.071555 , 
        -: 4576: 1.201058 , 
        -: 4577: 1.258348 , 
        -: 4578: 1.156331 , 
        -: 4579: 1.180054 , 
        -: 4580: 1.087764 , 
        -: 4581: 1.124419 , 
        -: 4582: 1.179066 , 
        -: 4583: 1.058314 , 
        -: 4584: 1.133955 , 
        -: 4585: 1.155867 , 
        -: 4586: 1.089146 , 
        -: 4587: 1.119144 , 
        -: 4588: 1.027173 , 
        -: 4589: 1.071581 , 
        -: 4590: 1.131713 , 
        -: 4591: 1.038977 , 
        -: 4592: 1.099710 , 
        -: 4593: 1.145953 , 
        -: 4594: 1.072918 , 
        -: 4595: 1.130078 , 
        -: 4596: 1.037109 , 
        -: 4597: 1.086065 , 
        -: 4598: 1.150910 , 
        -: 4599: 1.067062 , 
        -: 4600: 1.137999 , 
        -: 4601: 1.134370 , 
        -: 4602: 1.094565 , 
        -: 4603: 1.171900 , 
        -: 4604: 1.138883 , 
        -: 4605: 1.203753 , 
        -: 4606: 1.201405 , 
        -: 4607: 1.152016 , 
        -: 4608: 1.189515 , 
        -: 4609: 1.208309 , 
        -: 4610: 1.167007 , 
        -: 4611: 1.218277 , 
        -: 4612: 1.175667 , 
        -: 4613: 1.161003 , 
        -: 4614: 1.226202 , 
        -: 4615: 1.163357 , 
        -: 4616: 1.224474 , 
        -: 4617: 1.230296 , 
        -: 4618: 1.190181 , 
        -: 4619: 1.210467 ,
        -: 4620: 1.159949};
        -: 4621:
        -: 4622:
        1: 4623:double testInput[64*13]={16.000000 , 12.000000 , 4.000000 , 6.000000 , 0.000000 , 0.000000 , 8.000000 , 310.000000 , 24.000000 , 4.000000 , 3.000000 , 0.576618 , 36.000000 , 
        -: 4624: 32.000000 , 12.000000 , 4.000000 , 6.000000 , 0.000000 , 0.000000 , 8.000000 , 310.000000 , 24.000000 , 4.000000 , 3.000000 , 0.576618 , 36.000000 , 
        -: 4625: 48.000000 , 12.000000 , 4.000000 , 6.000000 , 0.000000 , 0.000000 , 8.000000 , 310.000000 , 24.000000 , 4.000000 , 3.000000 , 0.576618 , 36.000000 , 
        -: 4626: 64.000000 , 12.000000 , 4.000000 , 6.000000 , 0.000000 , 0.000000 , 8.000000 , 310.000000 , 24.000000 , 4.000000 , 3.000000 , 0.576618 , 36.000000 , 
        -: 4627: 80.000000 , 12.000000 , 4.000000 , 6.000000 , 0.000000 , 0.000000 , 8.000000 , 310.000000 , 24.000000 , 4.000000 , 3.000000 , 0.576618 , 36.000000 , 
        -: 4628: 96.000000 , 12.000000 , 4.000000 , 6.000000 , 0.000000 , 0.000000 , 8.000000 , 310.000000 , 24.000000 , 4.000000 , 3.000000 , 0.576618 , 36.000000 , 
        -: 4629: 112.000000 , 12.000000 , 4.000000 , 6.000000 , 0.000000 , 0.000000 , 8.000000 , 310.000000 , 24.000000 , 4.000000 , 3.000000 , 0.576618 , 36.000000 , 
        -: 4630: 128.000000 , 12.000000 , 4.000000 , 6.000000 , 0.000000 , 0.000000 , 8.000000 , 310.000000 , 24.000000 , 4.000000 , 3.000000 , 0.576618 , 36.000000 , 
        -: 4631: 144.000000 , 12.000000 , 4.000000 , 6.000000 , 0.000000 , 0.000000 , 8.000000 , 310.000000 , 24.000000 , 4.000000 , 3.000000 , 0.576618 , 36.000000 , 
        -: 4632: 160.000000 , 12.000000 , 4.000000 , 6.000000 , 0.000000 , 0.000000 , 8.000000 , 310.000000 , 24.000000 , 4.000000 , 3.000000 , 0.576618 , 36.000000 , 
        -: 4633: 176.000000 , 12.000000 , 4.000000 , 6.000000 , 0.000000 , 0.000000 , 8.000000 , 310.000000 , 24.000000 , 4.000000 , 3.000000 , 0.576618 , 36.000000 , 
        -: 4634: 192.000000 , 12.000000 , 4.000000 , 6.000000 , 0.000000 , 0.000000 , 8.000000 , 310.000000 , 24.000000 , 4.000000 , 3.000000 , 0.576618 , 36.000000 , 
        -: 4635: 208.000000 , 12.000000 , 4.000000 , 6.000000 , 0.000000 , 0.000000 , 8.000000 , 310.000000 , 24.000000 , 4.000000 , 3.000000 , 0.576618 , 36.000000 , 
        -: 4636: 224.000000 , 12.000000 , 4.000000 , 6.000000 , 0.000000 , 0.000000 , 8.000000 , 310.000000 , 24.000000 , 4.000000 , 3.000000 , 0.576618 , 36.000000 , 
        -: 4637: 240.000000 , 12.000000 , 4.000000 , 6.000000 , 0.000000 , 0.000000 , 8.000000 , 310.000000 , 24.000000 , 4.000000 , 3.000000 , 0.576618 , 36.000000 , 
        -: 4638: 256.000000 , 12.000000 , 4.000000 , 6.000000 , 0.000000 , 0.000000 , 8.000000 , 310.000000 , 24.000000 , 4.000000 , 3.000000 , 0.576618 , 36.000000 , 
        -: 4639: 272.000000 , 12.000000 , 4.000000 , 6.000000 , 0.000000 , 0.000000 , 8.000000 , 310.000000 , 24.000000 , 4.000000 , 3.000000 , 0.576618 , 36.000000 , 
        -: 4640: 288.000000 , 12.000000 , 4.000000 , 6.000000 , 0.000000 , 0.000000 , 8.000000 , 310.000000 , 24.000000 , 4.000000 , 3.000000 , 0.576618 , 36.000000 , 
        -: 4641: 304.000000 , 12.000000 , 4.000000 , 6.000000 , 0.000000 , 0.000000 , 8.000000 , 310.000000 , 24.000000 , 4.000000 , 3.000000 , 0.576618 , 36.000000 , 
        -: 4642: 320.000000 , 12.000000 , 4.000000 , 6.000000 , 0.000000 , 0.000000 , 8.000000 , 310.000000 , 24.000000 , 4.000000 , 3.000000 , 0.576618 , 36.000000 , 
        -: 4643: 336.000000 , 12.000000 , 4.000000 , 6.000000 , 0.000000 , 0.000000 , 8.000000 , 310.000000 , 24.000000 , 4.000000 , 3.000000 , 0.576618 , 36.000000 , 
        -: 4644: 352.000000 , 12.000000 , 4.000000 , 6.000000 , 0.000000 , 0.000000 , 8.000000 , 310.000000 , 24.000000 , 4.000000 , 3.000000 , 0.576618 , 36.000000 , 
        -: 4645: 368.000000 , 12.000000 , 4.000000 , 6.000000 , 0.000000 , 0.000000 , 8.000000 , 310.000000 , 24.000000 , 4.000000 , 3.000000 , 0.576618 , 36.000000 , 
        -: 4646: 384.000000 , 12.000000 , 4.000000 , 6.000000 , 0.000000 , 0.000000 , 8.000000 , 310.000000 , 24.000000 , 4.000000 , 3.000000 , 0.576618 , 36.000000 , 
        -: 4647: 400.000000 , 12.000000 , 4.000000 , 6.000000 , 0.000000 , 0.000000 , 8.000000 , 310.000000 , 24.000000 , 4.000000 , 3.000000 , 0.576618 , 36.000000 , 
        -: 4648: 416.000000 , 12.000000 , 4.000000 , 6.000000 , 0.000000 , 0.000000 , 8.000000 , 310.000000 , 24.000000 , 4.000000 , 3.000000 , 0.576618 , 36.000000 , 
        -: 4649: 432.000000 , 12.000000 , 4.000000 , 6.000000 , 0.000000 , 0.000000 , 8.000000 , 310.000000 , 24.000000 , 4.000000 , 3.000000 , 0.576618 , 36.000000 , 
        -: 4650: 448.000000 , 12.000000 , 4.000000 , 6.000000 , 0.000000 , 0.000000 , 8.000000 , 310.000000 , 24.000000 , 4.000000 , 3.000000 , 0.576618 , 36.000000 , 
        -: 4651: 464.000000 , 12.000000 , 4.000000 , 6.000000 , 0.000000 , 0.000000 , 8.000000 , 310.000000 , 24.000000 , 4.000000 , 3.000000 , 0.576618 , 36.000000 , 
        -: 4652: 480.000000 , 12.000000 , 4.000000 , 6.000000 , 0.000000 , 0.000000 , 8.000000 , 310.000000 , 24.000000 , 4.000000 , 3.000000 , 0.576618 , 36.000000 , 
        -: 4653: 496.000000 , 12.000000 , 4.000000 , 6.000000 , 0.000000 , 0.000000 , 8.000000 , 310.000000 , 24.000000 , 4.000000 , 3.000000 , 0.576618 , 36.000000 , 
        -: 4654: 512.000000 , 12.000000 , 4.000000 , 6.000000 , 0.000000 , 0.000000 , 8.000000 , 310.000000 , 24.000000 , 4.000000 , 3.000000 , 0.576618 , 36.000000 , 
        -: 4655: 528.000000 , 12.000000 , 4.000000 , 6.000000 , 0.000000 , 0.000000 , 8.000000 , 310.000000 , 24.000000 , 4.000000 , 3.000000 , 0.576618 , 36.000000 , 
        -: 4656: 544.000000 , 12.000000 , 4.000000 , 6.000000 , 0.000000 , 0.000000 , 8.000000 , 310.000000 , 24.000000 , 4.000000 , 3.000000 , 0.576618 , 36.000000 , 
        -: 4657: 560.000000 , 12.000000 , 4.000000 , 6.000000 , 0.000000 , 0.000000 , 8.000000 , 310.000000 , 24.000000 , 4.000000 , 3.000000 , 0.576618 , 36.000000 , 
        -: 4658: 576.000000 , 12.000000 , 4.000000 , 6.000000 , 0.000000 , 0.000000 , 8.000000 , 310.000000 , 24.000000 , 4.000000 , 3.000000 , 0.576618 , 36.000000 , 
        -: 4659: 592.000000 , 12.000000 , 4.000000 , 6.000000 , 0.000000 , 0.000000 , 8.000000 , 310.000000 , 24.000000 , 4.000000 , 3.000000 , 0.576618 , 36.000000 , 
        -: 4660: 608.000000 , 12.000000 , 4.000000 , 6.000000 , 0.000000 , 0.000000 , 8.000000 , 310.000000 , 24.000000 , 4.000000 , 3.000000 , 0.576618 , 36.000000 , 
        -: 4661: 624.000000 , 12.000000 , 4.000000 , 6.000000 , 0.000000 , 0.000000 , 8.000000 , 310.000000 , 24.000000 , 4.000000 , 3.000000 , 0.576618 , 36.000000 , 
        -: 4662: 640.000000 , 12.000000 , 4.000000 , 6.000000 , 0.000000 , 0.000000 , 8.000000 , 310.000000 , 24.000000 , 4.000000 , 3.000000 , 0.576618 , 36.000000 , 
        -: 4663: 656.000000 , 12.000000 , 4.000000 , 6.000000 , 0.000000 , 0.000000 , 8.000000 , 310.000000 , 24.000000 , 4.000000 , 3.000000 , 0.576618 , 36.000000 , 
        -: 4664: 672.000000 , 12.000000 , 4.000000 , 6.000000 , 0.000000 , 0.000000 , 8.000000 , 310.000000 , 24.000000 , 4.000000 , 3.000000 , 0.576618 , 36.000000 , 
        -: 4665: 688.000000 , 12.000000 , 4.000000 , 6.000000 , 0.000000 , 0.000000 , 8.000000 , 310.000000 , 24.000000 , 4.000000 , 3.000000 , 0.576618 , 36.000000 , 
        -: 4666: 704.000000 , 12.000000 , 4.000000 , 6.000000 , 0.000000 , 0.000000 , 8.000000 , 310.000000 , 24.000000 , 4.000000 , 3.000000 , 0.576618 , 36.000000 , 
        -: 4667: 720.000000 , 12.000000 , 4.000000 , 6.000000 , 0.000000 , 0.000000 , 8.000000 , 310.000000 , 24.000000 , 4.000000 , 3.000000 , 0.576618 , 36.000000 , 
        -: 4668: 736.000000 , 12.000000 , 4.000000 , 6.000000 , 0.000000 , 0.000000 , 8.000000 , 310.000000 , 24.000000 , 4.000000 , 3.000000 , 0.576618 , 36.000000 , 
        -: 4669: 752.000000 , 12.000000 , 4.000000 , 6.000000 , 0.000000 , 0.000000 , 8.000000 , 310.000000 , 24.000000 , 4.000000 , 3.000000 , 0.576618 , 36.000000 , 
        -: 4670: 768.000000 , 12.000000 , 4.000000 , 6.000000 , 0.000000 , 0.000000 , 8.000000 , 310.000000 , 24.000000 , 4.000000 , 3.000000 , 0.576618 , 36.000000 , 
        -: 4671: 784.000000 , 12.000000 , 4.000000 , 6.000000 , 0.000000 , 0.000000 , 8.000000 , 310.000000 , 24.000000 , 4.000000 , 3.000000 , 0.576618 , 36.000000 , 
        -: 4672: 800.000000 , 12.000000 , 4.000000 , 6.000000 , 0.000000 , 0.000000 , 8.000000 , 310.000000 , 24.000000 , 4.000000 , 3.000000 , 0.576618 , 36.000000 , 
        -: 4673: 816.000000 , 12.000000 , 4.000000 , 6.000000 , 0.000000 , 0.000000 , 8.000000 , 310.000000 , 24.000000 , 4.000000 , 3.000000 , 0.576618 , 36.000000 , 
        -: 4674: 832.000000 , 12.000000 , 4.000000 , 6.000000 , 0.000000 , 0.000000 , 8.000000 , 310.000000 , 24.000000 , 4.000000 , 3.000000 , 0.576618 , 36.000000 , 
        -: 4675: 848.000000 , 12.000000 , 4.000000 , 6.000000 , 0.000000 , 0.000000 , 8.000000 , 310.000000 , 24.000000 , 4.000000 , 3.000000 , 0.576618 , 36.000000 , 
        -: 4676: 864.000000 , 12.000000 , 4.000000 , 6.000000 , 0.000000 , 0.000000 , 8.000000 , 310.000000 , 24.000000 , 4.000000 , 3.000000 , 0.576618 , 36.000000 , 
        -: 4677: 880.000000 , 12.000000 , 4.000000 , 6.000000 , 0.000000 , 0.000000 , 8.000000 , 310.000000 , 24.000000 , 4.000000 , 3.000000 , 0.576618 , 36.000000 , 
        -: 4678: 896.000000 , 12.000000 , 4.000000 , 6.000000 , 0.000000 , 0.000000 , 8.000000 , 310.000000 , 24.000000 , 4.000000 , 3.000000 , 0.576618 , 36.000000 , 
        -: 4679: 912.000000 , 12.000000 , 4.000000 , 6.000000 , 0.000000 , 0.000000 , 8.000000 , 310.000000 , 24.000000 , 4.000000 , 3.000000 , 0.576618 , 36.000000 , 
        -: 4680: 928.000000 , 12.000000 , 4.000000 , 6.000000 , 0.000000 , 0.000000 , 8.000000 , 310.000000 , 24.000000 , 4.000000 , 3.000000 , 0.576618 , 36.000000 , 
        -: 4681: 944.000000 , 12.000000 , 4.000000 , 6.000000 , 0.000000 , 0.000000 , 8.000000 , 310.000000 , 24.000000 , 4.000000 , 3.000000 , 0.576618 , 36.000000 , 
        -: 4682: 960.000000 , 12.000000 , 4.000000 , 6.000000 , 0.000000 , 0.000000 , 8.000000 , 310.000000 , 24.000000 , 4.000000 , 3.000000 , 0.576618 , 36.000000 , 
        -: 4683: 976.000000 , 12.000000 , 4.000000 , 6.000000 , 0.000000 , 0.000000 , 8.000000 , 310.000000 , 24.000000 , 4.000000 , 3.000000 , 0.576618 , 36.000000 , 
        -: 4684: 992.000000 , 12.000000 , 4.000000 , 6.000000 , 0.000000 , 0.000000 , 8.000000 , 310.000000 , 24.000000 , 4.000000 , 3.000000 , 0.576618 , 36.000000 , 
        -: 4685: 1008.000000 , 12.000000 , 4.000000 , 6.000000 , 0.000000 , 0.000000 , 8.000000 , 310.000000 , 24.000000 , 4.000000 , 3.000000 , 0.576618 , 36.000000 , 
        -: 4686: 1024.000000 , 12.000000 , 4.000000 , 6.000000 , 0.000000 , 0.000000 , 8.000000 , 310.000000 , 24.000000 , 4.000000 , 3.000000 , 0.576618 , 36.000000 };
        -: 4687:
        1: 4688: double testOutput[64]={
        -: 4689:0.672106 , 
        -: 4690: 0.662577 , 
        -: 4691: 0.793224 , 
        -: 4692: 0.812487 , 
        -: 4693: 0.787706 , 
        -: 4694: 0.732455 , 
        -: 4695: 0.683587 , 
        -: 4696: 0.718799 , 
        -: 4697: 0.680583 , 
        -: 4698: 0.630856 , 
        -: 4699: 0.616534 , 
        -: 4700: 0.611349 , 
        -: 4701: 0.617075 , 
        -: 4702: 0.631513 , 
        -: 4703: 0.641681 , 
        -: 4704: 0.682088 , 
        -: 4705: 0.648162 , 
        -: 4706: 0.629097 , 
        -: 4707: 0.586733 , 
        -: 4708: 0.564940 , 
        -: 4709: 0.568781 , 
        -: 4710: 0.594458 , 
        -: 4711: 0.588784 , 
        -: 4712: 0.578085 , 
        -: 4713: 0.577306 , 
        -: 4714: 0.574662 , 
        -: 4715: 0.574814 , 
        -: 4716: 0.583397 , 
        -: 4717: 0.577709 , 
        -: 4718: 0.576988 , 
        -: 4719: 0.572252 , 
        -: 4720: 0.585815 , 
        -: 4721: 0.561634 , 
        -: 4722: 0.579473 , 
        -: 4723: 0.576233 , 
        -: 4724: 0.567818 , 
        -: 4725: 0.574091 , 
        -: 4726: 0.576642 , 
        -: 4727: 0.578893 , 
        -: 4728: 0.587719 , 
        -: 4729: 0.580134 , 
        -: 4730: 0.578282 , 
        -: 4731: 0.576757 , 
        -: 4732: 0.570360 , 
        -: 4733: 0.581757 , 
        -: 4734: 0.579930 , 
        -: 4735: 0.579720 , 
        -: 4736: 0.573898 , 
        -: 4737: 0.591763 , 
        -: 4738: 0.576997 , 
        -: 4739: 0.584719 , 
        -: 4740: 0.570439 , 
        -: 4741: 0.579014 , 
        -: 4742: 0.565999 , 
        -: 4743: 0.573353 , 
        -: 4744: 0.571503 , 
        -: 4745: 0.578056 , 
        -: 4746: 0.574717 , 
        -: 4747: 0.585647 , 
        -: 4748: 0.581140 , 
        -: 4749: 0.580193 , 
        -: 4750: 0.593347 , 
        -: 4751: 0.589734 , 
        -: 4752: 0.582678 };
        -: 4753:
        -: 4754:
        -: 4755://printf("%lf",Input[50]);
        1: 4756:neuralNetwork(2304, 13 , 1 ,Input,Output,testInput,testOutput) ;
        1: 4757:return 0;
        -: 4758:
        -: 4759:} 
