        -:    0:Source:wageN.c
        -:    0:Graph:wageN.gcno
        -:    0:Data:wageN.gcda
        -:    0:Runs:1
        -:    0:Programs:1
        -:    1:
        -:    2:#include <stdio.h>
        -:    3:#include <stdlib.h>
        -:    4:#include "nnfile.c"
        -:    5:
        1:    6:int main()
        -:    7:{
        -:    8:
        -:    9:
        1:   10:double Input[4360*8]={
        -:   11:
        -:   12:1.000000 , 13.000000 , 1980.000000 , 14.000000 , 1.000000 , 0.000000 , 0.000000 , 0.000000 , 
        -:   13: 2.000000 , 13.000000 , 1981.000000 , 14.000000 , 2.000000 , 1.000000 , 0.000000 , 0.000000 , 
        -:   14: 3.000000 , 13.000000 , 1982.000000 , 14.000000 , 3.000000 , 0.000000 , 0.000000 , 0.000000 , 
        -:   15: 4.000000 , 13.000000 , 1983.000000 , 14.000000 , 4.000000 , 0.000000 , 0.000000 , 0.000000 , 
        -:   16: 5.000000 , 13.000000 , 1984.000000 , 14.000000 , 5.000000 , 0.000000 , 0.000000 , 0.000000 , 
        -:   17: 6.000000 , 13.000000 , 1985.000000 , 14.000000 , 6.000000 , 0.000000 , 0.000000 , 0.000000 , 
        -:   18: 7.000000 , 13.000000 , 1986.000000 , 14.000000 , 7.000000 , 0.000000 , 0.000000 , 0.000000 , 
        -:   19: 8.000000 , 13.000000 , 1987.000000 , 14.000000 , 8.000000 , 0.000000 , 0.000000 , 0.000000 , 
        -:   20: 9.000000 , 17.000000 , 1980.000000 , 13.000000 , 4.000000 , 0.000000 , 0.000000 , 0.000000 , 
        -:   21: 10.000000 , 17.000000 , 1981.000000 , 13.000000 , 5.000000 , 0.000000 , 0.000000 , 0.000000 , 
        -:   22: 11.000000 , 17.000000 , 1982.000000 , 13.000000 , 6.000000 , 0.000000 , 0.000000 , 0.000000 , 
        -:   23: 12.000000 , 17.000000 , 1983.000000 , 13.000000 , 7.000000 , 0.000000 , 0.000000 , 0.000000 , 
        -:   24: 13.000000 , 17.000000 , 1984.000000 , 13.000000 , 8.000000 , 0.000000 , 0.000000 , 0.000000 , 
        -:   25: 14.000000 , 17.000000 , 1985.000000 , 13.000000 , 9.000000 , 0.000000 , 0.000000 , 0.000000 , 
        -:   26: 15.000000 , 17.000000 , 1986.000000 , 13.000000 , 10.000000 , 0.000000 , 0.000000 , 0.000000 , 
        -:   27: 16.000000 , 17.000000 , 1987.000000 , 13.000000 , 11.000000 , 0.000000 , 0.000000 , 0.000000 , 
        -:   28: 17.000000 , 18.000000 , 1980.000000 , 12.000000 , 4.000000 , 0.000000 , 1.000000 , 0.000000 , 
        -:   29: 18.000000 , 18.000000 , 1981.000000 , 12.000000 , 5.000000 , 0.000000 , 1.000000 , 0.000000 , 
        -:   30: 19.000000 , 18.000000 , 1982.000000 , 12.000000 , 6.000000 , 0.000000 , 1.000000 , 0.000000 , 
        -:   31: 20.000000 , 18.000000 , 1983.000000 , 12.000000 , 7.000000 , 0.000000 , 1.000000 , 0.000000 , 
        -:   32: 21.000000 , 18.000000 , 1984.000000 , 12.000000 , 8.000000 , 0.000000 , 1.000000 , 0.000000 , 
        -:   33: 22.000000 , 18.000000 , 1985.000000 , 12.000000 , 9.000000 , 0.000000 , 1.000000 , 0.000000 , 
        -:   34: 23.000000 , 18.000000 , 1986.000000 , 12.000000 , 10.000000 , 0.000000 , 1.000000 , 0.000000 , 
        -:   35: 24.000000 , 18.000000 , 1987.000000 , 12.000000 , 11.000000 , 0.000000 , 1.000000 , 0.000000 , 
        -:   36: 25.000000 , 45.000000 , 1980.000000 , 12.000000 , 2.000000 , 1.000000 , 0.000000 , 0.000000 , 
        -:   37: 26.000000 , 45.000000 , 1981.000000 , 12.000000 , 3.000000 , 1.000000 , 0.000000 , 0.000000 , 
        -:   38: 27.000000 , 45.000000 , 1982.000000 , 12.000000 , 4.000000 , 0.000000 , 0.000000 , 0.000000 , 
        -:   39: 28.000000 , 45.000000 , 1983.000000 , 12.000000 , 5.000000 , 0.000000 , 0.000000 , 0.000000 , 
        -:   40: 29.000000 , 45.000000 , 1984.000000 , 12.000000 , 6.000000 , 0.000000 , 0.000000 , 0.000000 , 
        -:   41: 30.000000 , 45.000000 , 1985.000000 , 12.000000 , 7.000000 , 0.000000 , 0.000000 , 0.000000 , 
        -:   42: 31.000000 , 45.000000 , 1986.000000 , 12.000000 , 8.000000 , 0.000000 , 0.000000 , 0.000000 , 
        -:   43: 32.000000 , 45.000000 , 1987.000000 , 12.000000 , 9.000000 , 0.000000 , 1.000000 , 0.000000 , 
        -:   44: 33.000000 , 110.000000 , 1980.000000 , 12.000000 , 5.000000 , 1.000000 , 0.000000 , 0.000000 , 
        -:   45: 34.000000 , 110.000000 , 1981.000000 , 12.000000 , 6.000000 , 0.000000 , 0.000000 , 0.000000 , 
        -:   46: 35.000000 , 110.000000 , 1982.000000 , 12.000000 , 7.000000 , 0.000000 , 0.000000 , 0.000000 , 
        -:   47: 36.000000 , 110.000000 , 1983.000000 , 12.000000 , 8.000000 , 0.000000 , 0.000000 , 0.000000 , 
        -:   48: 37.000000 , 110.000000 , 1984.000000 , 12.000000 , 9.000000 , 0.000000 , 1.000000 , 0.000000 , 
        -:   49: 38.000000 , 110.000000 , 1985.000000 , 12.000000 , 10.000000 , 0.000000 , 1.000000 , 0.000000 , 
        -:   50: 39.000000 , 110.000000 , 1986.000000 , 12.000000 , 11.000000 , 0.000000 , 1.000000 , 0.000000 , 
        -:   51: 40.000000 , 110.000000 , 1987.000000 , 12.000000 , 12.000000 , 0.000000 , 1.000000 , 0.000000 , 
        -:   52: 41.000000 , 120.000000 , 1980.000000 , 10.000000 , 2.000000 , 0.000000 , 0.000000 , 0.000000 , 
        -:   53: 42.000000 , 120.000000 , 1981.000000 , 10.000000 , 3.000000 , 0.000000 , 0.000000 , 0.000000 , 
        -:   54: 43.000000 , 120.000000 , 1982.000000 , 10.000000 , 4.000000 , 0.000000 , 0.000000 , 0.000000 , 
        -:   55: 44.000000 , 120.000000 , 1983.000000 , 10.000000 , 5.000000 , 0.000000 , 0.000000 , 0.000000 , 
        -:   56: 45.000000 , 120.000000 , 1984.000000 , 10.000000 , 6.000000 , 0.000000 , 0.000000 , 0.000000 , 
        -:   57: 46.000000 , 120.000000 , 1985.000000 , 10.000000 , 7.000000 , 0.000000 , 0.000000 , 0.000000 , 
        -:   58: 47.000000 , 120.000000 , 1986.000000 , 10.000000 , 8.000000 , 0.000000 , 0.000000 , 0.000000 , 
        -:   59: 48.000000 , 120.000000 , 1987.000000 , 10.000000 , 9.000000 , 0.000000 , 0.000000 , 0.000000 , 
        -:   60: 49.000000 , 126.000000 , 1980.000000 , 13.000000 , 2.000000 , 0.000000 , 0.000000 , 0.000000 , 
        -:   61: 50.000000 , 126.000000 , 1981.000000 , 13.000000 , 3.000000 , 0.000000 , 0.000000 , 0.000000 , 
        -:   62: 51.000000 , 126.000000 , 1982.000000 , 13.000000 , 4.000000 , 0.000000 , 0.000000 , 0.000000 , 
        -:   63: 52.000000 , 126.000000 , 1983.000000 , 13.000000 , 5.000000 , 0.000000 , 0.000000 , 0.000000 , 
        -:   64: 53.000000 , 126.000000 , 1984.000000 , 13.000000 , 6.000000 , 0.000000 , 0.000000 , 0.000000 , 
        -:   65: 54.000000 , 126.000000 , 1985.000000 , 13.000000 , 7.000000 , 0.000000 , 1.000000 , 0.000000 , 
        -:   66: 55.000000 , 126.000000 , 1986.000000 , 13.000000 , 8.000000 , 0.000000 , 1.000000 , 0.000000 , 
        -:   67: 56.000000 , 126.000000 , 1987.000000 , 13.000000 , 9.000000 , 0.000000 , 1.000000 , 0.000000 , 
        -:   68: 57.000000 , 150.000000 , 1980.000000 , 12.000000 , 2.000000 , 0.000000 , 0.000000 , 0.000000 , 
        -:   69: 58.000000 , 150.000000 , 1981.000000 , 12.000000 , 3.000000 , 0.000000 , 0.000000 , 0.000000 , 
        -:   70: 59.000000 , 150.000000 , 1982.000000 , 12.000000 , 4.000000 , 0.000000 , 0.000000 , 0.000000 , 
        -:   71: 60.000000 , 150.000000 , 1983.000000 , 12.000000 , 5.000000 , 0.000000 , 0.000000 , 0.000000 , 
        -:   72: 61.000000 , 150.000000 , 1984.000000 , 12.000000 , 6.000000 , 0.000000 , 0.000000 , 0.000000 , 
        -:   73: 62.000000 , 150.000000 , 1985.000000 , 12.000000 , 7.000000 , 0.000000 , 0.000000 , 0.000000 , 
        -:   74: 63.000000 , 150.000000 , 1986.000000 , 12.000000 , 8.000000 , 0.000000 , 0.000000 , 0.000000 , 
        -:   75: 64.000000 , 150.000000 , 1987.000000 , 12.000000 , 9.000000 , 1.000000 , 0.000000 , 0.000000 , 
        -:   76: 65.000000 , 162.000000 , 1980.000000 , 11.000000 , 2.000000 , 1.000000 , 0.000000 , 0.000000 , 
        -:   77: 66.000000 , 162.000000 , 1981.000000 , 11.000000 , 3.000000 , 0.000000 , 0.000000 , 0.000000 , 
        -:   78: 67.000000 , 162.000000 , 1982.000000 , 11.000000 , 4.000000 , 0.000000 , 0.000000 , 0.000000 , 
        -:   79: 68.000000 , 162.000000 , 1983.000000 , 11.000000 , 5.000000 , 0.000000 , 0.000000 , 0.000000 , 
        -:   80: 69.000000 , 162.000000 , 1984.000000 , 11.000000 , 6.000000 , 0.000000 , 0.000000 , 0.000000 , 
        -:   81: 70.000000 , 162.000000 , 1985.000000 , 11.000000 , 7.000000 , 0.000000 , 0.000000 , 0.000000 , 
        -:   82: 71.000000 , 162.000000 , 1986.000000 , 11.000000 , 8.000000 , 0.000000 , 0.000000 , 0.000000 , 
        -:   83: 72.000000 , 162.000000 , 1987.000000 , 11.000000 , 9.000000 , 0.000000 , 0.000000 , 0.000000 , 
        -:   84: 73.000000 , 166.000000 , 1980.000000 , 10.000000 , 2.000000 , 1.000000 , 0.000000 , 0.000000 , 
        -:   85: 74.000000 , 166.000000 , 1981.000000 , 10.000000 , 3.000000 , 1.000000 , 0.000000 , 0.000000 , 
        -:   86: 75.000000 , 166.000000 , 1982.000000 , 10.000000 , 4.000000 , 1.000000 , 0.000000 , 0.000000 , 
        -:   87: 76.000000 , 166.000000 , 1983.000000 , 10.000000 , 5.000000 , 1.000000 , 0.000000 , 0.000000 , 
        -:   88: 77.000000 , 166.000000 , 1984.000000 , 10.000000 , 6.000000 , 1.000000 , 0.000000 , 0.000000 , 
        -:   89: 78.000000 , 166.000000 , 1985.000000 , 10.000000 , 7.000000 , 0.000000 , 0.000000 , 0.000000 , 
        -:   90: 79.000000 , 166.000000 , 1986.000000 , 10.000000 , 8.000000 , 0.000000 , 1.000000 , 0.000000 , 
        -:   91: 80.000000 , 166.000000 , 1987.000000 , 10.000000 , 9.000000 , 0.000000 , 1.000000 , 0.000000 , 
        -:   92: 81.000000 , 189.000000 , 1980.000000 , 14.000000 , 2.000000 , 0.000000 , 0.000000 , 0.000000 , 
        -:   93: 82.000000 , 189.000000 , 1981.000000 , 14.000000 , 3.000000 , 0.000000 , 0.000000 , 0.000000 , 
        -:   94: 83.000000 , 189.000000 , 1982.000000 , 14.000000 , 4.000000 , 0.000000 , 0.000000 , 0.000000 , 
        -:   95: 84.000000 , 189.000000 , 1983.000000 , 14.000000 , 5.000000 , 0.000000 , 0.000000 , 0.000000 , 
        -:   96: 85.000000 , 189.000000 , 1984.000000 , 14.000000 , 6.000000 , 0.000000 , 0.000000 , 0.000000 , 
        -:   97: 86.000000 , 189.000000 , 1985.000000 , 14.000000 , 7.000000 , 0.000000 , 0.000000 , 0.000000 , 
        -:   98: 87.000000 , 189.000000 , 1986.000000 , 14.000000 , 8.000000 , 0.000000 , 0.000000 , 0.000000 , 
        -:   99: 88.000000 , 189.000000 , 1987.000000 , 14.000000 , 9.000000 , 0.000000 , 0.000000 , 0.000000 , 
        -:  100: 89.000000 , 193.000000 , 1980.000000 , 14.000000 , 2.000000 , 0.000000 , 0.000000 , 0.000000 , 
        -:  101: 90.000000 , 193.000000 , 1981.000000 , 14.000000 , 3.000000 , 0.000000 , 0.000000 , 0.000000 , 
        -:  102: 91.000000 , 193.000000 , 1982.000000 , 14.000000 , 4.000000 , 0.000000 , 0.000000 , 0.000000 , 
        -:  103: 92.000000 , 193.000000 , 1983.000000 , 14.000000 , 5.000000 , 0.000000 , 0.000000 , 0.000000 , 
        -:  104: 93.000000 , 193.000000 , 1984.000000 , 14.000000 , 6.000000 , 0.000000 , 0.000000 , 0.000000 , 
        -:  105: 94.000000 , 193.000000 , 1985.000000 , 14.000000 , 7.000000 , 0.000000 , 1.000000 , 0.000000 , 
        -:  106: 95.000000 , 193.000000 , 1986.000000 , 14.000000 , 8.000000 , 0.000000 , 1.000000 , 0.000000 , 
        -:  107: 96.000000 , 193.000000 , 1987.000000 , 14.000000 , 9.000000 , 0.000000 , 1.000000 , 0.000000 , 
        -:  108: 97.000000 , 209.000000 , 1980.000000 , 11.000000 , 3.000000 , 0.000000 , 0.000000 , 0.000000 , 
        -:  109: 98.000000 , 209.000000 , 1981.000000 , 11.000000 , 4.000000 , 0.000000 , 0.000000 , 0.000000 , 
        -:  110: 99.000000 , 209.000000 , 1982.000000 , 11.000000 , 5.000000 , 0.000000 , 0.000000 , 0.000000 , 
        -:  111: 100.000000 , 209.000000 , 1983.000000 , 11.000000 , 6.000000 , 0.000000 , 0.000000 , 0.000000 , 
        -:  112: 101.000000 , 209.000000 , 1984.000000 , 11.000000 , 7.000000 , 0.000000 , 0.000000 , 0.000000 , 
        -:  113: 102.000000 , 209.000000 , 1985.000000 , 11.000000 , 8.000000 , 0.000000 , 0.000000 , 0.000000 , 
        -:  114: 103.000000 , 209.000000 , 1986.000000 , 11.000000 , 9.000000 , 0.000000 , 0.000000 , 0.000000 , 
        -:  115: 104.000000 , 209.000000 , 1987.000000 , 11.000000 , 10.000000 , 0.000000 , 0.000000 , 0.000000 , 
        -:  116: 105.000000 , 212.000000 , 1980.000000 , 11.000000 , 2.000000 , 0.000000 , 0.000000 , 0.000000 , 
        -:  117: 106.000000 , 212.000000 , 1981.000000 , 11.000000 , 3.000000 , 0.000000 , 0.000000 , 0.000000 , 
        -:  118: 107.000000 , 212.000000 , 1982.000000 , 11.000000 , 4.000000 , 1.000000 , 0.000000 , 0.000000 , 
        -:  119: 108.000000 , 212.000000 , 1983.000000 , 11.000000 , 5.000000 , 0.000000 , 0.000000 , 0.000000 , 
        -:  120: 109.000000 , 212.000000 , 1984.000000 , 11.000000 , 6.000000 , 0.000000 , 0.000000 , 0.000000 , 
        -:  121: 110.000000 , 212.000000 , 1985.000000 , 11.000000 , 7.000000 , 0.000000 , 0.000000 , 0.000000 , 
        -:  122: 111.000000 , 212.000000 , 1986.000000 , 11.000000 , 8.000000 , 0.000000 , 1.000000 , 0.000000 , 
        -:  123: 112.000000 , 212.000000 , 1987.000000 , 11.000000 , 9.000000 , 1.000000 , 1.000000 , 0.000000 , 
        -:  124: 113.000000 , 218.000000 , 1980.000000 , 15.000000 , 2.000000 , 0.000000 , 0.000000 , 0.000000 , 
        -:  125: 114.000000 , 218.000000 , 1981.000000 , 15.000000 , 3.000000 , 0.000000 , 0.000000 , 0.000000 , 
        -:  126: 115.000000 , 218.000000 , 1982.000000 , 15.000000 , 4.000000 , 0.000000 , 0.000000 , 0.000000 , 
        -:  127: 116.000000 , 218.000000 , 1983.000000 , 15.000000 , 5.000000 , 0.000000 , 1.000000 , 0.000000 , 
        -:  128: 117.000000 , 218.000000 , 1984.000000 , 15.000000 , 6.000000 , 0.000000 , 1.000000 , 0.000000 , 
        -:  129: 118.000000 , 218.000000 , 1985.000000 , 15.000000 , 7.000000 , 0.000000 , 1.000000 , 0.000000 , 
        -:  130: 119.000000 , 218.000000 , 1986.000000 , 15.000000 , 8.000000 , 0.000000 , 1.000000 , 0.000000 , 
        -:  131: 120.000000 , 218.000000 , 1987.000000 , 15.000000 , 9.000000 , 0.000000 , 1.000000 , 0.000000 , 
        -:  132: 121.000000 , 243.000000 , 1980.000000 , 12.000000 , 4.000000 , 0.000000 , 0.000000 , 0.000000 , 
        -:  133: 122.000000 , 243.000000 , 1981.000000 , 12.000000 , 5.000000 , 0.000000 , 0.000000 , 0.000000 , 
        -:  134: 123.000000 , 243.000000 , 1982.000000 , 12.000000 , 6.000000 , 0.000000 , 0.000000 , 1.000000 , 
        -:  135: 124.000000 , 243.000000 , 1983.000000 , 12.000000 , 7.000000 , 0.000000 , 1.000000 , 0.000000 , 
        -:  136: 125.000000 , 243.000000 , 1984.000000 , 12.000000 , 8.000000 , 0.000000 , 1.000000 , 0.000000 , 
        -:  137: 126.000000 , 243.000000 , 1985.000000 , 12.000000 , 9.000000 , 0.000000 , 1.000000 , 0.000000 , 
        -:  138: 127.000000 , 243.000000 , 1986.000000 , 12.000000 , 10.000000 , 0.000000 , 1.000000 , 0.000000 , 
        -:  139: 128.000000 , 243.000000 , 1987.000000 , 12.000000 , 11.000000 , 0.000000 , 1.000000 , 0.000000 , 
        -:  140: 129.000000 , 259.000000 , 1980.000000 , 12.000000 , 3.000000 , 1.000000 , 1.000000 , 0.000000 , 
        -:  141: 130.000000 , 259.000000 , 1981.000000 , 12.000000 , 4.000000 , 1.000000 , 1.000000 , 0.000000 , 
        -:  142: 131.000000 , 259.000000 , 1982.000000 , 12.000000 , 5.000000 , 1.000000 , 1.000000 , 0.000000 , 
        -:  143: 132.000000 , 259.000000 , 1983.000000 , 12.000000 , 6.000000 , 1.000000 , 1.000000 , 0.000000 , 
        -:  144: 133.000000 , 259.000000 , 1984.000000 , 12.000000 , 7.000000 , 0.000000 , 1.000000 , 0.000000 , 
        -:  145: 134.000000 , 259.000000 , 1985.000000 , 12.000000 , 8.000000 , 0.000000 , 1.000000 , 0.000000 , 
        -:  146: 135.000000 , 259.000000 , 1986.000000 , 12.000000 , 9.000000 , 0.000000 , 1.000000 , 0.000000 , 
        -:  147: 136.000000 , 259.000000 , 1987.000000 , 12.000000 , 10.000000 , 0.000000 , 1.000000 , 0.000000 , 
        -:  148: 137.000000 , 260.000000 , 1980.000000 , 11.000000 , 2.000000 , 1.000000 , 0.000000 , 0.000000 , 
        -:  149: 138.000000 , 260.000000 , 1981.000000 , 11.000000 , 3.000000 , 1.000000 , 0.000000 , 0.000000 , 
        -:  150: 139.000000 , 260.000000 , 1982.000000 , 11.000000 , 4.000000 , 0.000000 , 0.000000 , 0.000000 , 
        -:  151: 140.000000 , 260.000000 , 1983.000000 , 11.000000 , 5.000000 , 0.000000 , 1.000000 , 0.000000 , 
        -:  152: 141.000000 , 260.000000 , 1984.000000 , 11.000000 , 6.000000 , 0.000000 , 1.000000 , 0.000000 , 
        -:  153: 142.000000 , 260.000000 , 1985.000000 , 11.000000 , 7.000000 , 0.000000 , 1.000000 , 0.000000 , 
        -:  154: 143.000000 , 260.000000 , 1986.000000 , 11.000000 , 8.000000 , 0.000000 , 1.000000 , 0.000000 , 
        -:  155: 144.000000 , 260.000000 , 1987.000000 , 11.000000 , 9.000000 , 0.000000 , 1.000000 , 0.000000 , 
        -:  156: 145.000000 , 309.000000 , 1980.000000 , 12.000000 , 3.000000 , 0.000000 , 0.000000 , 0.000000 , 
        -:  157: 146.000000 , 309.000000 , 1981.000000 , 12.000000 , 4.000000 , 0.000000 , 0.000000 , 0.000000 , 
        -:  158: 147.000000 , 309.000000 , 1982.000000 , 12.000000 , 5.000000 , 0.000000 , 0.000000 , 0.000000 , 
        -:  159: 148.000000 , 309.000000 , 1983.000000 , 12.000000 , 6.000000 , 0.000000 , 1.000000 , 0.000000 , 
        -:  160: 149.000000 , 309.000000 , 1984.000000 , 12.000000 , 7.000000 , 0.000000 , 1.000000 , 0.000000 , 
        -:  161: 150.000000 , 309.000000 , 1985.000000 , 12.000000 , 8.000000 , 0.000000 , 1.000000 , 0.000000 , 
        -:  162: 151.000000 , 309.000000 , 1986.000000 , 12.000000 , 9.000000 , 0.000000 , 1.000000 , 1.000000 , 
        -:  163: 152.000000 , 309.000000 , 1987.000000 , 12.000000 , 10.000000 , 0.000000 , 1.000000 , 0.000000 , 
        -:  164: 153.000000 , 351.000000 , 1980.000000 , 12.000000 , 3.000000 , 0.000000 , 0.000000 , 0.000000 , 
        -:  165: 154.000000 , 351.000000 , 1981.000000 , 12.000000 , 4.000000 , 0.000000 , 0.000000 , 0.000000 , 
        -:  166: 155.000000 , 351.000000 , 1982.000000 , 12.000000 , 5.000000 , 0.000000 , 1.000000 , 1.000000 , 
        -:  167: 156.000000 , 351.000000 , 1983.000000 , 12.000000 , 6.000000 , 0.000000 , 1.000000 , 0.000000 , 
        -:  168: 157.000000 , 351.000000 , 1984.000000 , 12.000000 , 7.000000 , 0.000000 , 1.000000 , 1.000000 , 
        -:  169: 158.000000 , 351.000000 , 1985.000000 , 12.000000 , 8.000000 , 0.000000 , 1.000000 , 0.000000 , 
        -:  170: 159.000000 , 351.000000 , 1986.000000 , 12.000000 , 9.000000 , 0.000000 , 1.000000 , 0.000000 , 
        -:  171: 160.000000 , 351.000000 , 1987.000000 , 12.000000 , 10.000000 , 0.000000 , 1.000000 , 0.000000 , 
        -:  172: 161.000000 , 353.000000 , 1980.000000 , 12.000000 , 3.000000 , 0.000000 , 0.000000 , 0.000000 , 
        -:  173: 162.000000 , 353.000000 , 1981.000000 , 12.000000 , 4.000000 , 1.000000 , 0.000000 , 0.000000 , 
        -:  174: 163.000000 , 353.000000 , 1982.000000 , 12.000000 , 5.000000 , 0.000000 , 0.000000 , 0.000000 , 
        -:  175: 164.000000 , 353.000000 , 1983.000000 , 12.000000 , 6.000000 , 0.000000 , 0.000000 , 0.000000 , 
        -:  176: 165.000000 , 353.000000 , 1984.000000 , 12.000000 , 7.000000 , 0.000000 , 0.000000 , 0.000000 , 
        -:  177: 166.000000 , 353.000000 , 1985.000000 , 12.000000 , 8.000000 , 0.000000 , 0.000000 , 0.000000 , 
        -:  178: 167.000000 , 353.000000 , 1986.000000 , 12.000000 , 9.000000 , 0.000000 , 0.000000 , 0.000000 , 
        -:  179: 168.000000 , 353.000000 , 1987.000000 , 12.000000 , 10.000000 , 0.000000 , 0.000000 , 0.000000 , 
        -:  180: 169.000000 , 383.000000 , 1980.000000 , 12.000000 , 2.000000 , 0.000000 , 0.000000 , 0.000000 , 
        -:  181: 170.000000 , 383.000000 , 1981.000000 , 12.000000 , 3.000000 , 0.000000 , 0.000000 , 0.000000 , 
        -:  182: 171.000000 , 383.000000 , 1982.000000 , 12.000000 , 4.000000 , 1.000000 , 0.000000 , 0.000000 , 
        -:  183: 172.000000 , 383.000000 , 1983.000000 , 12.000000 , 5.000000 , 0.000000 , 0.000000 , 0.000000 , 
        -:  184: 173.000000 , 383.000000 , 1984.000000 , 12.000000 , 6.000000 , 0.000000 , 0.000000 , 0.000000 , 
        -:  185: 174.000000 , 383.000000 , 1985.000000 , 12.000000 , 7.000000 , 0.000000 , 0.000000 , 0.000000 , 
        -:  186: 175.000000 , 383.000000 , 1986.000000 , 12.000000 , 8.000000 , 0.000000 , 0.000000 , 0.000000 , 
        -:  187: 176.000000 , 383.000000 , 1987.000000 , 12.000000 , 9.000000 , 0.000000 , 0.000000 , 0.000000 , 
        -:  188: 177.000000 , 408.000000 , 1980.000000 , 11.000000 , 2.000000 , 0.000000 , 0.000000 , 0.000000 , 
        -:  189: 178.000000 , 408.000000 , 1981.000000 , 11.000000 , 3.000000 , 0.000000 , 1.000000 , 0.000000 , 
        -:  190: 179.000000 , 408.000000 , 1982.000000 , 11.000000 , 4.000000 , 0.000000 , 1.000000 , 0.000000 , 
        -:  191: 180.000000 , 408.000000 , 1983.000000 , 11.000000 , 5.000000 , 0.000000 , 1.000000 , 0.000000 , 
        -:  192: 181.000000 , 408.000000 , 1984.000000 , 11.000000 , 6.000000 , 1.000000 , 1.000000 , 0.000000 , 
        -:  193: 182.000000 , 408.000000 , 1985.000000 , 11.000000 , 7.000000 , 1.000000 , 1.000000 , 0.000000 , 
        -:  194: 183.000000 , 408.000000 , 1986.000000 , 11.000000 , 8.000000 , 1.000000 , 1.000000 , 0.000000 , 
        -:  195: 184.000000 , 408.000000 , 1987.000000 , 11.000000 , 9.000000 , 1.000000 , 1.000000 , 0.000000 , 
        -:  196: 185.000000 , 424.000000 , 1980.000000 , 12.000000 , 5.000000 , 0.000000 , 1.000000 , 0.000000 , 
        -:  197: 186.000000 , 424.000000 , 1981.000000 , 12.000000 , 6.000000 , 0.000000 , 1.000000 , 0.000000 , 
        -:  198: 187.000000 , 424.000000 , 1982.000000 , 12.000000 , 7.000000 , 0.000000 , 1.000000 , 0.000000 , 
        -:  199: 188.000000 , 424.000000 , 1983.000000 , 12.000000 , 8.000000 , 0.000000 , 1.000000 , 0.000000 , 
        -:  200: 189.000000 , 424.000000 , 1984.000000 , 12.000000 , 9.000000 , 0.000000 , 1.000000 , 0.000000 , 
        -:  201: 190.000000 , 424.000000 , 1985.000000 , 12.000000 , 10.000000 , 0.000000 , 1.000000 , 0.000000 , 
        -:  202: 191.000000 , 424.000000 , 1986.000000 , 12.000000 , 11.000000 , 0.000000 , 1.000000 , 0.000000 , 
        -:  203: 192.000000 , 424.000000 , 1987.000000 , 12.000000 , 12.000000 , 0.000000 , 1.000000 , 0.000000 , 
        -:  204: 193.000000 , 464.000000 , 1980.000000 , 13.000000 , 2.000000 , 0.000000 , 0.000000 , 0.000000 , 
        -:  205: 194.000000 , 464.000000 , 1981.000000 , 13.000000 , 3.000000 , 0.000000 , 0.000000 , 0.000000 , 
        -:  206: 195.000000 , 464.000000 , 1982.000000 , 13.000000 , 4.000000 , 0.000000 , 1.000000 , 0.000000 , 
        -:  207: 196.000000 , 464.000000 , 1983.000000 , 13.000000 , 5.000000 , 0.000000 , 1.000000 , 0.000000 , 
        -:  208: 197.000000 , 464.000000 , 1984.000000 , 13.000000 , 6.000000 , 0.000000 , 1.000000 , 0.000000 , 
        -:  209: 198.000000 , 464.000000 , 1985.000000 , 13.000000 , 7.000000 , 0.000000 , 1.000000 , 0.000000 , 
        -:  210: 199.000000 , 464.000000 , 1986.000000 , 13.000000 , 8.000000 , 0.000000 , 1.000000 , 0.000000 , 
        -:  211: 200.000000 , 464.000000 , 1987.000000 , 13.000000 , 9.000000 , 0.000000 , 1.000000 , 0.000000 , 
        -:  212: 201.000000 , 483.000000 , 1980.000000 , 12.000000 , 5.000000 , 0.000000 , 0.000000 , 0.000000 , 
        -:  213: 202.000000 , 483.000000 , 1981.000000 , 12.000000 , 6.000000 , 0.000000 , 0.000000 , 0.000000 , 
        -:  214: 203.000000 , 483.000000 , 1982.000000 , 12.000000 , 7.000000 , 0.000000 , 0.000000 , 0.000000 , 
        -:  215: 204.000000 , 483.000000 , 1983.000000 , 12.000000 , 8.000000 , 1.000000 , 0.000000 , 0.000000 , 
        -:  216: 205.000000 , 483.000000 , 1984.000000 , 12.000000 , 9.000000 , 0.000000 , 0.000000 , 0.000000 , 
        -:  217: 206.000000 , 483.000000 , 1985.000000 , 12.000000 , 10.000000 , 0.000000 , 0.000000 , 0.000000 , 
        -:  218: 207.000000 , 483.000000 , 1986.000000 , 12.000000 , 11.000000 , 0.000000 , 0.000000 , 0.000000 , 
        -:  219: 208.000000 , 483.000000 , 1987.000000 , 12.000000 , 12.000000 , 0.000000 , 0.000000 , 0.000000 , 
        -:  220: 209.000000 , 556.000000 , 1980.000000 , 14.000000 , 2.000000 , 0.000000 , 0.000000 , 0.000000 , 
        -:  221: 210.000000 , 556.000000 , 1981.000000 , 14.000000 , 3.000000 , 0.000000 , 0.000000 , 0.000000 , 
        -:  222: 211.000000 , 556.000000 , 1982.000000 , 14.000000 , 4.000000 , 0.000000 , 0.000000 , 0.000000 , 
        -:  223: 212.000000 , 556.000000 , 1983.000000 , 14.000000 , 5.000000 , 0.000000 , 0.000000 , 0.000000 , 
        -:  224: 213.000000 , 556.000000 , 1984.000000 , 14.000000 , 6.000000 , 0.000000 , 0.000000 , 0.000000 , 
        -:  225: 214.000000 , 556.000000 , 1985.000000 , 14.000000 , 7.000000 , 0.000000 , 0.000000 , 0.000000 , 
        -:  226: 215.000000 , 556.000000 , 1986.000000 , 14.000000 , 8.000000 , 0.000000 , 0.000000 , 0.000000 , 
        -:  227: 216.000000 , 556.000000 , 1987.000000 , 14.000000 , 9.000000 , 0.000000 , 0.000000 , 0.000000 , 
        -:  228: 217.000000 , 560.000000 , 1980.000000 , 12.000000 , 2.000000 , 0.000000 , 0.000000 , 0.000000 , 
        -:  229: 218.000000 , 560.000000 , 1981.000000 , 12.000000 , 3.000000 , 0.000000 , 0.000000 , 0.000000 , 
        -:  230: 219.000000 , 560.000000 , 1982.000000 , 12.000000 , 4.000000 , 0.000000 , 0.000000 , 0.000000 , 
        -:  231: 220.000000 , 560.000000 , 1983.000000 , 12.000000 , 5.000000 , 0.000000 , 0.000000 , 0.000000 , 
        -:  232: 221.000000 , 560.000000 , 1984.000000 , 12.000000 , 6.000000 , 0.000000 , 0.000000 , 0.000000 , 
        -:  233: 222.000000 , 560.000000 , 1985.000000 , 12.000000 , 7.000000 , 0.000000 , 0.000000 , 0.000000 , 
        -:  234: 223.000000 , 560.000000 , 1986.000000 , 12.000000 , 8.000000 , 1.000000 , 0.000000 , 0.000000 , 
        -:  235: 224.000000 , 560.000000 , 1987.000000 , 12.000000 , 9.000000 , 0.000000 , 0.000000 , 0.000000 , 
        -:  236: 225.000000 , 569.000000 , 1980.000000 , 12.000000 , 2.000000 , 0.000000 , 0.000000 , 0.000000 , 
        -:  237: 226.000000 , 569.000000 , 1981.000000 , 12.000000 , 3.000000 , 0.000000 , 0.000000 , 0.000000 , 
        -:  238: 227.000000 , 569.000000 , 1982.000000 , 12.000000 , 4.000000 , 0.000000 , 0.000000 , 0.000000 , 
        -:  239: 228.000000 , 569.000000 , 1983.000000 , 12.000000 , 5.000000 , 0.000000 , 0.000000 , 0.000000 , 
        -:  240: 229.000000 , 569.000000 , 1984.000000 , 12.000000 , 6.000000 , 0.000000 , 0.000000 , 0.000000 , 
        -:  241: 230.000000 , 569.000000 , 1985.000000 , 12.000000 , 7.000000 , 0.000000 , 0.000000 , 0.000000 , 
        -:  242: 231.000000 , 569.000000 , 1986.000000 , 12.000000 , 8.000000 , 0.000000 , 0.000000 , 0.000000 , 
        -:  243: 232.000000 , 569.000000 , 1987.000000 , 12.000000 , 9.000000 , 0.000000 , 0.000000 , 0.000000 , 
        -:  244: 233.000000 , 583.000000 , 1980.000000 , 12.000000 , 4.000000 , 0.000000 , 0.000000 , 0.000000 , 
        -:  245: 234.000000 , 583.000000 , 1981.000000 , 12.000000 , 5.000000 , 0.000000 , 0.000000 , 0.000000 , 
        -:  246: 235.000000 , 583.000000 , 1982.000000 , 12.000000 , 6.000000 , 1.000000 , 0.000000 , 0.000000 , 
        -:  247: 236.000000 , 583.000000 , 1983.000000 , 12.000000 , 7.000000 , 1.000000 , 0.000000 , 0.000000 , 
        -:  248: 237.000000 , 583.000000 , 1984.000000 , 12.000000 , 8.000000 , 0.000000 , 1.000000 , 0.000000 , 
        -:  249: 238.000000 , 583.000000 , 1985.000000 , 12.000000 , 9.000000 , 0.000000 , 1.000000 , 0.000000 , 
        -:  250: 239.000000 , 583.000000 , 1986.000000 , 12.000000 , 10.000000 , 0.000000 , 1.000000 , 0.000000 , 
        -:  251: 240.000000 , 583.000000 , 1987.000000 , 12.000000 , 11.000000 , 0.000000 , 0.000000 , 0.000000 , 
        -:  252: 241.000000 , 647.000000 , 1980.000000 , 12.000000 , 2.000000 , 1.000000 , 0.000000 , 0.000000 , 
        -:  253: 242.000000 , 647.000000 , 1981.000000 , 12.000000 , 3.000000 , 1.000000 , 1.000000 , 0.000000 , 
        -:  254: 243.000000 , 647.000000 , 1982.000000 , 12.000000 , 4.000000 , 1.000000 , 1.000000 , 0.000000 , 
        -:  255: 244.000000 , 647.000000 , 1983.000000 , 12.000000 , 5.000000 , 1.000000 , 1.000000 , 0.000000 , 
        -:  256: 245.000000 , 647.000000 , 1984.000000 , 12.000000 , 6.000000 , 1.000000 , 0.000000 , 0.000000 , 
        -:  257: 246.000000 , 647.000000 , 1985.000000 , 12.000000 , 7.000000 , 1.000000 , 1.000000 , 0.000000 , 
        -:  258: 247.000000 , 647.000000 , 1986.000000 , 12.000000 , 8.000000 , 1.000000 , 1.000000 , 0.000000 , 
        -:  259: 248.000000 , 647.000000 , 1987.000000 , 12.000000 , 9.000000 , 1.000000 , 1.000000 , 0.000000 , 
        -:  260: 249.000000 , 658.000000 , 1980.000000 , 12.000000 , 4.000000 , 1.000000 , 0.000000 , 0.000000 , 
        -:  261: 250.000000 , 658.000000 , 1981.000000 , 12.000000 , 5.000000 , 0.000000 , 0.000000 , 0.000000 , 
        -:  262: 251.000000 , 658.000000 , 1982.000000 , 12.000000 , 6.000000 , 1.000000 , 0.000000 , 0.000000 , 
        -:  263: 252.000000 , 658.000000 , 1983.000000 , 12.000000 , 7.000000 , 1.000000 , 0.000000 , 0.000000 , 
        -:  264: 253.000000 , 658.000000 , 1984.000000 , 12.000000 , 8.000000 , 0.000000 , 0.000000 , 0.000000 , 
        -:  265: 254.000000 , 658.000000 , 1985.000000 , 12.000000 , 9.000000 , 0.000000 , 0.000000 , 0.000000 , 
        -:  266: 255.000000 , 658.000000 , 1986.000000 , 12.000000 , 10.000000 , 0.000000 , 0.000000 , 0.000000 , 
        -:  267: 256.000000 , 658.000000 , 1987.000000 , 12.000000 , 11.000000 , 0.000000 , 0.000000 , 0.000000 , 
        -:  268: 257.000000 , 684.000000 , 1980.000000 , 12.000000 , 2.000000 , 0.000000 , 0.000000 , 0.000000 , 
        -:  269: 258.000000 , 684.000000 , 1981.000000 , 12.000000 , 3.000000 , 0.000000 , 0.000000 , 0.000000 , 
        -:  270: 259.000000 , 684.000000 , 1982.000000 , 12.000000 , 4.000000 , 0.000000 , 1.000000 , 0.000000 , 
        -:  271: 260.000000 , 684.000000 , 1983.000000 , 12.000000 , 5.000000 , 0.000000 , 1.000000 , 0.000000 , 
        -:  272: 261.000000 , 684.000000 , 1984.000000 , 12.000000 , 6.000000 , 0.000000 , 1.000000 , 0.000000 , 
        -:  273: 262.000000 , 684.000000 , 1985.000000 , 12.000000 , 7.000000 , 0.000000 , 1.000000 , 0.000000 , 
        -:  274: 263.000000 , 684.000000 , 1986.000000 , 12.000000 , 8.000000 , 0.000000 , 1.000000 , 0.000000 , 
        -:  275: 264.000000 , 684.000000 , 1987.000000 , 12.000000 , 9.000000 , 0.000000 , 1.000000 , 0.000000 , 
        -:  276: 265.000000 , 711.000000 , 1980.000000 , 11.000000 , 2.000000 , 0.000000 , 0.000000 , 0.000000 , 
        -:  277: 266.000000 , 711.000000 , 1981.000000 , 11.000000 , 3.000000 , 0.000000 , 0.000000 , 0.000000 , 
        -:  278: 267.000000 , 711.000000 , 1982.000000 , 11.000000 , 4.000000 , 0.000000 , 0.000000 , 0.000000 , 
        -:  279: 268.000000 , 711.000000 , 1983.000000 , 11.000000 , 5.000000 , 0.000000 , 0.000000 , 0.000000 , 
        -:  280: 269.000000 , 711.000000 , 1984.000000 , 11.000000 , 6.000000 , 0.000000 , 0.000000 , 0.000000 , 
        -:  281: 270.000000 , 711.000000 , 1985.000000 , 11.000000 , 7.000000 , 0.000000 , 0.000000 , 0.000000 , 
        -:  282: 271.000000 , 711.000000 , 1986.000000 , 11.000000 , 8.000000 , 0.000000 , 0.000000 , 0.000000 , 
        -:  283: 272.000000 , 711.000000 , 1987.000000 , 11.000000 , 9.000000 , 0.000000 , 0.000000 , 0.000000 , 
        -:  284: 273.000000 , 729.000000 , 1980.000000 , 13.000000 , 2.000000 , 1.000000 , 1.000000 , 0.000000 , 
        -:  285: 274.000000 , 729.000000 , 1981.000000 , 13.000000 , 3.000000 , 0.000000 , 0.000000 , 0.000000 , 
        -:  286: 275.000000 , 729.000000 , 1982.000000 , 13.000000 , 4.000000 , 1.000000 , 1.000000 , 0.000000 , 
        -:  287: 276.000000 , 729.000000 , 1983.000000 , 13.000000 , 5.000000 , 1.000000 , 1.000000 , 0.000000 , 
        -:  288: 277.000000 , 729.000000 , 1984.000000 , 13.000000 , 6.000000 , 0.000000 , 1.000000 , 0.000000 , 
        -:  289: 278.000000 , 729.000000 , 1985.000000 , 13.000000 , 7.000000 , 0.000000 , 1.000000 , 0.000000 , 
        -:  290: 279.000000 , 729.000000 , 1986.000000 , 13.000000 , 8.000000 , 0.000000 , 1.000000 , 0.000000 , 
        -:  291: 280.000000 , 729.000000 , 1987.000000 , 13.000000 , 9.000000 , 0.000000 , 1.000000 , 0.000000 , 
        -:  292: 281.000000 , 731.000000 , 1980.000000 , 12.000000 , 4.000000 , 0.000000 , 0.000000 , 0.000000 , 
        -:  293: 282.000000 , 731.000000 , 1981.000000 , 12.000000 , 5.000000 , 0.000000 , 1.000000 , 0.000000 , 
        -:  294: 283.000000 , 731.000000 , 1982.000000 , 12.000000 , 6.000000 , 0.000000 , 1.000000 , 0.000000 , 
        -:  295: 284.000000 , 731.000000 , 1983.000000 , 12.000000 , 7.000000 , 0.000000 , 1.000000 , 0.000000 , 
        -:  296: 285.000000 , 731.000000 , 1984.000000 , 12.000000 , 8.000000 , 0.000000 , 1.000000 , 0.000000 , 
        -:  297: 286.000000 , 731.000000 , 1985.000000 , 12.000000 , 9.000000 , 0.000000 , 0.000000 , 0.000000 , 
        -:  298: 287.000000 , 731.000000 , 1986.000000 , 12.000000 , 10.000000 , 0.000000 , 0.000000 , 0.000000 , 
        -:  299: 288.000000 , 731.000000 , 1987.000000 , 12.000000 , 11.000000 , 0.000000 , 0.000000 , 0.000000 , 
        -:  300: 289.000000 , 732.000000 , 1980.000000 , 12.000000 , 3.000000 , 0.000000 , 0.000000 , 0.000000 , 
        -:  301: 290.000000 , 732.000000 , 1981.000000 , 12.000000 , 4.000000 , 0.000000 , 0.000000 , 0.000000 , 
        -:  302: 291.000000 , 732.000000 , 1982.000000 , 12.000000 , 5.000000 , 0.000000 , 0.000000 , 0.000000 , 
        -:  303: 292.000000 , 732.000000 , 1983.000000 , 12.000000 , 6.000000 , 0.000000 , 0.000000 , 0.000000 , 
        -:  304: 293.000000 , 732.000000 , 1984.000000 , 12.000000 , 7.000000 , 0.000000 , 0.000000 , 0.000000 , 
        -:  305: 294.000000 , 732.000000 , 1985.000000 , 12.000000 , 8.000000 , 0.000000 , 0.000000 , 0.000000 , 
        -:  306: 295.000000 , 732.000000 , 1986.000000 , 12.000000 , 9.000000 , 0.000000 , 0.000000 , 0.000000 , 
        -:  307: 296.000000 , 732.000000 , 1987.000000 , 12.000000 , 10.000000 , 0.000000 , 0.000000 , 0.000000 , 
        -:  308: 297.000000 , 793.000000 , 1980.000000 , 14.000000 , 2.000000 , 0.000000 , 0.000000 , 0.000000 , 
        -:  309: 298.000000 , 793.000000 , 1981.000000 , 14.000000 , 3.000000 , 0.000000 , 0.000000 , 0.000000 , 
        -:  310: 299.000000 , 793.000000 , 1982.000000 , 14.000000 , 4.000000 , 0.000000 , 0.000000 , 0.000000 , 
        -:  311: 300.000000 , 793.000000 , 1983.000000 , 14.000000 , 5.000000 , 0.000000 , 0.000000 , 0.000000 , 
        -:  312: 301.000000 , 793.000000 , 1984.000000 , 14.000000 , 6.000000 , 0.000000 , 0.000000 , 0.000000 , 
        -:  313: 302.000000 , 793.000000 , 1985.000000 , 14.000000 , 7.000000 , 0.000000 , 0.000000 , 0.000000 , 
        -:  314: 303.000000 , 793.000000 , 1986.000000 , 14.000000 , 8.000000 , 0.000000 , 0.000000 , 0.000000 , 
        -:  315: 304.000000 , 793.000000 , 1987.000000 , 14.000000 , 9.000000 , 0.000000 , 0.000000 , 0.000000 , 
        -:  316: 305.000000 , 797.000000 , 1980.000000 , 10.000000 , 3.000000 , 0.000000 , 0.000000 , 0.000000 , 
        -:  317: 306.000000 , 797.000000 , 1981.000000 , 10.000000 , 4.000000 , 1.000000 , 0.000000 , 0.000000 , 
        -:  318: 307.000000 , 797.000000 , 1982.000000 , 10.000000 , 5.000000 , 1.000000 , 0.000000 , 0.000000 , 
        -:  319: 308.000000 , 797.000000 , 1983.000000 , 10.000000 , 6.000000 , 0.000000 , 1.000000 , 0.000000 , 
        -:  320: 309.000000 , 797.000000 , 1984.000000 , 10.000000 , 7.000000 , 1.000000 , 1.000000 , 0.000000 , 
        -:  321: 310.000000 , 797.000000 , 1985.000000 , 10.000000 , 8.000000 , 1.000000 , 1.000000 , 0.000000 , 
        -:  322: 311.000000 , 797.000000 , 1986.000000 , 10.000000 , 9.000000 , 1.000000 , 1.000000 , 0.000000 , 
        -:  323: 312.000000 , 797.000000 , 1987.000000 , 10.000000 , 10.000000 , 1.000000 , 1.000000 , 0.000000 , 
        -:  324: 313.000000 , 800.000000 , 1980.000000 , 11.000000 , 2.000000 , 1.000000 , 0.000000 , 0.000000 , 
        -:  325: 314.000000 , 800.000000 , 1981.000000 , 11.000000 , 3.000000 , 1.000000 , 0.000000 , 0.000000 , 
        -:  326: 315.000000 , 800.000000 , 1982.000000 , 11.000000 , 4.000000 , 1.000000 , 0.000000 , 0.000000 , 
        -:  327: 316.000000 , 800.000000 , 1983.000000 , 11.000000 , 5.000000 , 1.000000 , 0.000000 , 0.000000 , 
        -:  328: 317.000000 , 800.000000 , 1984.000000 , 11.000000 , 6.000000 , 1.000000 , 0.000000 , 0.000000 , 
        -:  329: 318.000000 , 800.000000 , 1985.000000 , 11.000000 , 7.000000 , 0.000000 , 0.000000 , 0.000000 , 
        -:  330: 319.000000 , 800.000000 , 1986.000000 , 11.000000 , 8.000000 , 1.000000 , 1.000000 , 0.000000 , 
        -:  331: 320.000000 , 800.000000 , 1987.000000 , 11.000000 , 9.000000 , 1.000000 , 1.000000 , 0.000000 , 
        -:  332: 321.000000 , 813.000000 , 1980.000000 , 13.000000 , 2.000000 , 0.000000 , 0.000000 , 0.000000 , 
        -:  333: 322.000000 , 813.000000 , 1981.000000 , 13.000000 , 3.000000 , 0.000000 , 0.000000 , 0.000000 , 
        -:  334: 323.000000 , 813.000000 , 1982.000000 , 13.000000 , 4.000000 , 0.000000 , 0.000000 , 0.000000 , 
        -:  335: 324.000000 , 813.000000 , 1983.000000 , 13.000000 , 5.000000 , 0.000000 , 0.000000 , 0.000000 , 
        -:  336: 325.000000 , 813.000000 , 1984.000000 , 13.000000 , 6.000000 , 0.000000 , 0.000000 , 0.000000 , 
        -:  337: 326.000000 , 813.000000 , 1985.000000 , 13.000000 , 7.000000 , 0.000000 , 0.000000 , 0.000000 , 
        -:  338: 327.000000 , 813.000000 , 1986.000000 , 13.000000 , 8.000000 , 0.000000 , 0.000000 , 0.000000 , 
        -:  339: 328.000000 , 813.000000 , 1987.000000 , 13.000000 , 9.000000 , 0.000000 , 0.000000 , 0.000000 , 
        -:  340: 329.000000 , 823.000000 , 1980.000000 , 10.000000 , 3.000000 , 0.000000 , 0.000000 , 0.000000 , 
        -:  341: 330.000000 , 823.000000 , 1981.000000 , 10.000000 , 4.000000 , 0.000000 , 0.000000 , 0.000000 , 
        -:  342: 331.000000 , 823.000000 , 1982.000000 , 10.000000 , 5.000000 , 0.000000 , 0.000000 , 0.000000 , 
        -:  343: 332.000000 , 823.000000 , 1983.000000 , 10.000000 , 6.000000 , 0.000000 , 0.000000 , 0.000000 , 
        -:  344: 333.000000 , 823.000000 , 1984.000000 , 10.000000 , 7.000000 , 0.000000 , 0.000000 , 0.000000 , 
        -:  345: 334.000000 , 823.000000 , 1985.000000 , 10.000000 , 8.000000 , 0.000000 , 0.000000 , 0.000000 , 
        -:  346: 335.000000 , 823.000000 , 1986.000000 , 10.000000 , 9.000000 , 0.000000 , 0.000000 , 0.000000 , 
        -:  347: 336.000000 , 823.000000 , 1987.000000 , 10.000000 , 10.000000 , 0.000000 , 0.000000 , 0.000000 , 
        -:  348: 337.000000 , 827.000000 , 1980.000000 , 12.000000 , 2.000000 , 0.000000 , 0.000000 , 0.000000 , 
        -:  349: 338.000000 , 827.000000 , 1981.000000 , 12.000000 , 3.000000 , 0.000000 , 0.000000 , 0.000000 , 
        -:  350: 339.000000 , 827.000000 , 1982.000000 , 12.000000 , 4.000000 , 0.000000 , 0.000000 , 0.000000 , 
        -:  351: 340.000000 , 827.000000 , 1983.000000 , 12.000000 , 5.000000 , 0.000000 , 0.000000 , 0.000000 , 
        -:  352: 341.000000 , 827.000000 , 1984.000000 , 12.000000 , 6.000000 , 0.000000 , 0.000000 , 0.000000 , 
        -:  353: 342.000000 , 827.000000 , 1985.000000 , 12.000000 , 7.000000 , 0.000000 , 0.000000 , 0.000000 , 
        -:  354: 343.000000 , 827.000000 , 1986.000000 , 12.000000 , 8.000000 , 0.000000 , 1.000000 , 0.000000 , 
        -:  355: 344.000000 , 827.000000 , 1987.000000 , 12.000000 , 9.000000 , 0.000000 , 1.000000 , 0.000000 , 
        -:  356: 345.000000 , 847.000000 , 1980.000000 , 14.000000 , 1.000000 , 1.000000 , 0.000000 , 0.000000 , 
        -:  357: 346.000000 , 847.000000 , 1981.000000 , 14.000000 , 2.000000 , 1.000000 , 0.000000 , 0.000000 , 
        -:  358: 347.000000 , 847.000000 , 1982.000000 , 14.000000 , 3.000000 , 0.000000 , 0.000000 , 0.000000 , 
        -:  359: 348.000000 , 847.000000 , 1983.000000 , 14.000000 , 4.000000 , 0.000000 , 0.000000 , 0.000000 , 
        -:  360: 349.000000 , 847.000000 , 1984.000000 , 14.000000 , 5.000000 , 0.000000 , 0.000000 , 0.000000 , 
        -:  361: 350.000000 , 847.000000 , 1985.000000 , 14.000000 , 6.000000 , 1.000000 , 0.000000 , 0.000000 , 
        -:  362: 351.000000 , 847.000000 , 1986.000000 , 14.000000 , 7.000000 , 0.000000 , 0.000000 , 0.000000 , 
        -:  363: 352.000000 , 847.000000 , 1987.000000 , 14.000000 , 8.000000 , 1.000000 , 1.000000 , 0.000000 , 
        -:  364: 353.000000 , 851.000000 , 1980.000000 , 12.000000 , 2.000000 , 0.000000 , 0.000000 , 0.000000 , 
        -:  365: 354.000000 , 851.000000 , 1981.000000 , 12.000000 , 3.000000 , 0.000000 , 0.000000 , 1.000000 , 
        -:  366: 355.000000 , 851.000000 , 1982.000000 , 12.000000 , 4.000000 , 0.000000 , 1.000000 , 1.000000 , 
        -:  367: 356.000000 , 851.000000 , 1983.000000 , 12.000000 , 5.000000 , 0.000000 , 1.000000 , 0.000000 , 
        -:  368: 357.000000 , 851.000000 , 1984.000000 , 12.000000 , 6.000000 , 0.000000 , 1.000000 , 0.000000 , 
        -:  369: 358.000000 , 851.000000 , 1985.000000 , 12.000000 , 7.000000 , 1.000000 , 1.000000 , 0.000000 , 
        -:  370: 359.000000 , 851.000000 , 1986.000000 , 12.000000 , 8.000000 , 1.000000 , 1.000000 , 0.000000 , 
        -:  371: 360.000000 , 851.000000 , 1987.000000 , 12.000000 , 9.000000 , 1.000000 , 0.000000 , 0.000000 , 
        -:  372: 361.000000 , 863.000000 , 1980.000000 , 12.000000 , 2.000000 , 0.000000 , 0.000000 , 0.000000 , 
        -:  373: 362.000000 , 863.000000 , 1981.000000 , 12.000000 , 3.000000 , 0.000000 , 0.000000 , 0.000000 , 
        -:  374: 363.000000 , 863.000000 , 1982.000000 , 12.000000 , 4.000000 , 0.000000 , 0.000000 , 0.000000 , 
        -:  375: 364.000000 , 863.000000 , 1983.000000 , 12.000000 , 5.000000 , 0.000000 , 0.000000 , 0.000000 , 
        -:  376: 365.000000 , 863.000000 , 1984.000000 , 12.000000 , 6.000000 , 0.000000 , 0.000000 , 0.000000 , 
        -:  377: 366.000000 , 863.000000 , 1985.000000 , 12.000000 , 7.000000 , 0.000000 , 1.000000 , 0.000000 , 
        -:  378: 367.000000 , 863.000000 , 1986.000000 , 12.000000 , 8.000000 , 0.000000 , 1.000000 , 0.000000 , 
        -:  379: 368.000000 , 863.000000 , 1987.000000 , 12.000000 , 9.000000 , 0.000000 , 1.000000 , 0.000000 , 
        -:  380: 369.000000 , 873.000000 , 1980.000000 , 10.000000 , 2.000000 , 1.000000 , 0.000000 , 0.000000 , 
        -:  381: 370.000000 , 873.000000 , 1981.000000 , 10.000000 , 3.000000 , 0.000000 , 0.000000 , 0.000000 , 
        -:  382: 371.000000 , 873.000000 , 1982.000000 , 10.000000 , 4.000000 , 0.000000 , 0.000000 , 0.000000 , 
        -:  383: 372.000000 , 873.000000 , 1983.000000 , 10.000000 , 5.000000 , 1.000000 , 0.000000 , 0.000000 , 
        -:  384: 373.000000 , 873.000000 , 1984.000000 , 10.000000 , 6.000000 , 1.000000 , 0.000000 , 0.000000 , 
        -:  385: 374.000000 , 873.000000 , 1985.000000 , 10.000000 , 7.000000 , 1.000000 , 0.000000 , 0.000000 , 
        -:  386: 375.000000 , 873.000000 , 1986.000000 , 10.000000 , 8.000000 , 1.000000 , 0.000000 , 0.000000 , 
        -:  387: 376.000000 , 873.000000 , 1987.000000 , 10.000000 , 9.000000 , 1.000000 , 0.000000 , 0.000000 , 
        -:  388: 377.000000 , 891.000000 , 1980.000000 , 12.000000 , 2.000000 , 1.000000 , 0.000000 , 0.000000 , 
        -:  389: 378.000000 , 891.000000 , 1981.000000 , 12.000000 , 3.000000 , 1.000000 , 1.000000 , 0.000000 , 
        -:  390: 379.000000 , 891.000000 , 1982.000000 , 12.000000 , 4.000000 , 1.000000 , 1.000000 , 0.000000 , 
        -:  391: 380.000000 , 891.000000 , 1983.000000 , 12.000000 , 5.000000 , 1.000000 , 0.000000 , 0.000000 , 
        -:  392: 381.000000 , 891.000000 , 1984.000000 , 12.000000 , 6.000000 , 0.000000 , 1.000000 , 0.000000 , 
        -:  393: 382.000000 , 891.000000 , 1985.000000 , 12.000000 , 7.000000 , 1.000000 , 1.000000 , 0.000000 , 
        -:  394: 383.000000 , 891.000000 , 1986.000000 , 12.000000 , 8.000000 , 1.000000 , 1.000000 , 0.000000 , 
        -:  395: 384.000000 , 891.000000 , 1987.000000 , 12.000000 , 9.000000 , 0.000000 , 0.000000 , 0.000000 , 
        -:  396: 385.000000 , 908.000000 , 1980.000000 , 10.000000 , 2.000000 , 1.000000 , 0.000000 , 0.000000 , 
        -:  397: 386.000000 , 908.000000 , 1981.000000 , 10.000000 , 3.000000 , 1.000000 , 0.000000 , 0.000000 , 
        -:  398: 387.000000 , 908.000000 , 1982.000000 , 10.000000 , 4.000000 , 1.000000 , 0.000000 , 0.000000 , 
        -:  399: 388.000000 , 908.000000 , 1983.000000 , 10.000000 , 5.000000 , 1.000000 , 0.000000 , 0.000000 , 
        -:  400: 389.000000 , 908.000000 , 1984.000000 , 10.000000 , 6.000000 , 1.000000 , 0.000000 , 0.000000 , 
        -:  401: 390.000000 , 908.000000 , 1985.000000 , 10.000000 , 7.000000 , 0.000000 , 0.000000 , 1.000000 , 
        -:  402: 391.000000 , 908.000000 , 1986.000000 , 10.000000 , 8.000000 , 0.000000 , 0.000000 , 0.000000 , 
        -:  403: 392.000000 , 908.000000 , 1987.000000 , 10.000000 , 9.000000 , 0.000000 , 1.000000 , 0.000000 , 
        -:  404: 393.000000 , 910.000000 , 1980.000000 , 13.000000 , 2.000000 , 0.000000 , 0.000000 , 0.000000 , 
        -:  405: 394.000000 , 910.000000 , 1981.000000 , 13.000000 , 3.000000 , 0.000000 , 0.000000 , 0.000000 , 
        -:  406: 395.000000 , 910.000000 , 1982.000000 , 13.000000 , 4.000000 , 0.000000 , 0.000000 , 0.000000 , 
        -:  407: 396.000000 , 910.000000 , 1983.000000 , 13.000000 , 5.000000 , 0.000000 , 0.000000 , 0.000000 , 
        -:  408: 397.000000 , 910.000000 , 1984.000000 , 13.000000 , 6.000000 , 0.000000 , 0.000000 , 0.000000 , 
        -:  409: 398.000000 , 910.000000 , 1985.000000 , 13.000000 , 7.000000 , 0.000000 , 0.000000 , 0.000000 , 
        -:  410: 399.000000 , 910.000000 , 1986.000000 , 13.000000 , 8.000000 , 0.000000 , 0.000000 , 0.000000 , 
        -:  411: 400.000000 , 910.000000 , 1987.000000 , 13.000000 , 9.000000 , 0.000000 , 0.000000 , 0.000000 , 
        -:  412: 401.000000 , 916.000000 , 1980.000000 , 13.000000 , 2.000000 , 0.000000 , 0.000000 , 0.000000 , 
        -:  413: 402.000000 , 916.000000 , 1981.000000 , 13.000000 , 3.000000 , 0.000000 , 0.000000 , 0.000000 , 
        -:  414: 403.000000 , 916.000000 , 1982.000000 , 13.000000 , 4.000000 , 0.000000 , 0.000000 , 0.000000 , 
        -:  415: 404.000000 , 916.000000 , 1983.000000 , 13.000000 , 5.000000 , 0.000000 , 0.000000 , 0.000000 , 
        -:  416: 405.000000 , 916.000000 , 1984.000000 , 13.000000 , 6.000000 , 0.000000 , 0.000000 , 0.000000 , 
        -:  417: 406.000000 , 916.000000 , 1985.000000 , 13.000000 , 7.000000 , 0.000000 , 0.000000 , 0.000000 , 
        -:  418: 407.000000 , 916.000000 , 1986.000000 , 13.000000 , 8.000000 , 0.000000 , 0.000000 , 0.000000 , 
        -:  419: 408.000000 , 916.000000 , 1987.000000 , 13.000000 , 9.000000 , 0.000000 , 0.000000 , 0.000000 , 
        -:  420: 409.000000 , 919.000000 , 1980.000000 , 12.000000 , 3.000000 , 0.000000 , 1.000000 , 0.000000 , 
        -:  421: 410.000000 , 919.000000 , 1981.000000 , 12.000000 , 4.000000 , 1.000000 , 1.000000 , 0.000000 , 
        -:  422: 411.000000 , 919.000000 , 1982.000000 , 12.000000 , 5.000000 , 1.000000 , 1.000000 , 0.000000 , 
        -:  423: 412.000000 , 919.000000 , 1983.000000 , 12.000000 , 6.000000 , 1.000000 , 1.000000 , 0.000000 , 
        -:  424: 413.000000 , 919.000000 , 1984.000000 , 12.000000 , 7.000000 , 1.000000 , 1.000000 , 0.000000 , 
        -:  425: 414.000000 , 919.000000 , 1985.000000 , 12.000000 , 8.000000 , 1.000000 , 1.000000 , 0.000000 , 
        -:  426: 415.000000 , 919.000000 , 1986.000000 , 12.000000 , 9.000000 , 1.000000 , 1.000000 , 0.000000 , 
        -:  427: 416.000000 , 919.000000 , 1987.000000 , 12.000000 , 10.000000 , 1.000000 , 1.000000 , 0.000000 , 
        -:  428: 417.000000 , 922.000000 , 1980.000000 , 12.000000 , 2.000000 , 0.000000 , 0.000000 , 0.000000 , 
        -:  429: 418.000000 , 922.000000 , 1981.000000 , 12.000000 , 3.000000 , 0.000000 , 0.000000 , 0.000000 , 
        -:  430: 419.000000 , 922.000000 , 1982.000000 , 12.000000 , 4.000000 , 0.000000 , 0.000000 , 0.000000 , 
        -:  431: 420.000000 , 922.000000 , 1983.000000 , 12.000000 , 5.000000 , 0.000000 , 0.000000 , 0.000000 , 
        -:  432: 421.000000 , 922.000000 , 1984.000000 , 12.000000 , 6.000000 , 0.000000 , 0.000000 , 0.000000 , 
        -:  433: 422.000000 , 922.000000 , 1985.000000 , 12.000000 , 7.000000 , 0.000000 , 0.000000 , 0.000000 , 
        -:  434: 423.000000 , 922.000000 , 1986.000000 , 12.000000 , 8.000000 , 0.000000 , 0.000000 , 0.000000 , 
        -:  435: 424.000000 , 922.000000 , 1987.000000 , 12.000000 , 9.000000 , 0.000000 , 1.000000 , 0.000000 , 
        -:  436: 425.000000 , 924.000000 , 1980.000000 , 11.000000 , 1.000000 , 0.000000 , 0.000000 , 0.000000 , 
        -:  437: 426.000000 , 924.000000 , 1981.000000 , 11.000000 , 2.000000 , 0.000000 , 0.000000 , 0.000000 , 
        -:  438: 427.000000 , 924.000000 , 1982.000000 , 11.000000 , 3.000000 , 0.000000 , 0.000000 , 0.000000 , 
        -:  439: 428.000000 , 924.000000 , 1983.000000 , 11.000000 , 4.000000 , 0.000000 , 0.000000 , 0.000000 , 
        -:  440: 429.000000 , 924.000000 , 1984.000000 , 11.000000 , 5.000000 , 0.000000 , 0.000000 , 0.000000 , 
        -:  441: 430.000000 , 924.000000 , 1985.000000 , 11.000000 , 6.000000 , 0.000000 , 0.000000 , 0.000000 , 
        -:  442: 431.000000 , 924.000000 , 1986.000000 , 11.000000 , 7.000000 , 0.000000 , 0.000000 , 0.000000 , 
        -:  443: 432.000000 , 924.000000 , 1987.000000 , 11.000000 , 8.000000 , 0.000000 , 1.000000 , 0.000000 , 
        -:  444: 433.000000 , 925.000000 , 1980.000000 , 15.000000 , 2.000000 , 0.000000 , 0.000000 , 0.000000 , 
        -:  445: 434.000000 , 925.000000 , 1981.000000 , 15.000000 , 3.000000 , 0.000000 , 0.000000 , 0.000000 , 
        -:  446: 435.000000 , 925.000000 , 1982.000000 , 15.000000 , 4.000000 , 0.000000 , 0.000000 , 0.000000 , 
        -:  447: 436.000000 , 925.000000 , 1983.000000 , 15.000000 , 5.000000 , 0.000000 , 0.000000 , 0.000000 , 
        -:  448: 437.000000 , 925.000000 , 1984.000000 , 15.000000 , 6.000000 , 0.000000 , 0.000000 , 0.000000 , 
        -:  449: 438.000000 , 925.000000 , 1985.000000 , 15.000000 , 7.000000 , 0.000000 , 1.000000 , 0.000000 , 
        -:  450: 439.000000 , 925.000000 , 1986.000000 , 15.000000 , 8.000000 , 0.000000 , 1.000000 , 0.000000 , 
        -:  451: 440.000000 , 925.000000 , 1987.000000 , 15.000000 , 9.000000 , 0.000000 , 1.000000 , 0.000000 , 
        -:  452: 441.000000 , 944.000000 , 1980.000000 , 13.000000 , 2.000000 , 0.000000 , 0.000000 , 0.000000 , 
        -:  453: 442.000000 , 944.000000 , 1981.000000 , 13.000000 , 3.000000 , 0.000000 , 0.000000 , 0.000000 , 
        -:  454: 443.000000 , 944.000000 , 1982.000000 , 13.000000 , 4.000000 , 0.000000 , 0.000000 , 0.000000 , 
        -:  455: 444.000000 , 944.000000 , 1983.000000 , 13.000000 , 5.000000 , 0.000000 , 0.000000 , 0.000000 , 
        -:  456: 445.000000 , 944.000000 , 1984.000000 , 13.000000 , 6.000000 , 0.000000 , 0.000000 , 0.000000 , 
        -:  457: 446.000000 , 944.000000 , 1985.000000 , 13.000000 , 7.000000 , 0.000000 , 0.000000 , 0.000000 , 
        -:  458: 447.000000 , 944.000000 , 1986.000000 , 13.000000 , 8.000000 , 0.000000 , 0.000000 , 0.000000 , 
        -:  459: 448.000000 , 944.000000 , 1987.000000 , 13.000000 , 9.000000 , 0.000000 , 0.000000 , 0.000000 , 
        -:  460: 449.000000 , 945.000000 , 1980.000000 , 14.000000 , 1.000000 , 0.000000 , 0.000000 , 0.000000 , 
        -:  461: 450.000000 , 945.000000 , 1981.000000 , 14.000000 , 2.000000 , 0.000000 , 0.000000 , 0.000000 , 
        -:  462: 451.000000 , 945.000000 , 1982.000000 , 14.000000 , 3.000000 , 0.000000 , 0.000000 , 0.000000 , 
        -:  463: 452.000000 , 945.000000 , 1983.000000 , 14.000000 , 4.000000 , 0.000000 , 0.000000 , 0.000000 , 
        -:  464: 453.000000 , 945.000000 , 1984.000000 , 14.000000 , 5.000000 , 0.000000 , 0.000000 , 0.000000 , 
        -:  465: 454.000000 , 945.000000 , 1985.000000 , 14.000000 , 6.000000 , 0.000000 , 0.000000 , 1.000000 , 
        -:  466: 455.000000 , 945.000000 , 1986.000000 , 14.000000 , 7.000000 , 0.000000 , 0.000000 , 0.000000 , 
        -:  467: 456.000000 , 945.000000 , 1987.000000 , 14.000000 , 8.000000 , 0.000000 , 0.000000 , 0.000000 , 
        -:  468: 457.000000 , 947.000000 , 1980.000000 , 13.000000 , 3.000000 , 1.000000 , 0.000000 , 0.000000 , 
        -:  469: 458.000000 , 947.000000 , 1981.000000 , 13.000000 , 4.000000 , 1.000000 , 0.000000 , 0.000000 , 
        -:  470: 459.000000 , 947.000000 , 1982.000000 , 13.000000 , 5.000000 , 1.000000 , 1.000000 , 0.000000 , 
        -:  471: 460.000000 , 947.000000 , 1983.000000 , 13.000000 , 6.000000 , 0.000000 , 1.000000 , 0.000000 , 
        -:  472: 461.000000 , 947.000000 , 1984.000000 , 13.000000 , 7.000000 , 0.000000 , 1.000000 , 0.000000 , 
        -:  473: 462.000000 , 947.000000 , 1985.000000 , 13.000000 , 8.000000 , 0.000000 , 1.000000 , 0.000000 , 
        -:  474: 463.000000 , 947.000000 , 1986.000000 , 13.000000 , 9.000000 , 0.000000 , 1.000000 , 0.000000 , 
        -:  475: 464.000000 , 947.000000 , 1987.000000 , 13.000000 , 10.000000 , 0.000000 , 1.000000 , 0.000000 , 
        -:  476: 465.000000 , 955.000000 , 1980.000000 , 12.000000 , 4.000000 , 1.000000 , 0.000000 , 0.000000 , 
        -:  477: 466.000000 , 955.000000 , 1981.000000 , 12.000000 , 5.000000 , 1.000000 , 0.000000 , 0.000000 , 
        -:  478: 467.000000 , 955.000000 , 1982.000000 , 12.000000 , 6.000000 , 1.000000 , 0.000000 , 0.000000 , 
        -:  479: 468.000000 , 955.000000 , 1983.000000 , 12.000000 , 7.000000 , 1.000000 , 0.000000 , 0.000000 , 
        -:  480: 469.000000 , 955.000000 , 1984.000000 , 12.000000 , 8.000000 , 1.000000 , 0.000000 , 0.000000 , 
        -:  481: 470.000000 , 955.000000 , 1985.000000 , 12.000000 , 9.000000 , 1.000000 , 0.000000 , 0.000000 , 
        -:  482: 471.000000 , 955.000000 , 1986.000000 , 12.000000 , 10.000000 , 1.000000 , 0.000000 , 0.000000 , 
        -:  483: 472.000000 , 955.000000 , 1987.000000 , 12.000000 , 11.000000 , 1.000000 , 0.000000 , 0.000000 , 
        -:  484: 473.000000 , 965.000000 , 1980.000000 , 12.000000 , 5.000000 , 0.000000 , 0.000000 , 0.000000 , 
        -:  485: 474.000000 , 965.000000 , 1981.000000 , 12.000000 , 6.000000 , 0.000000 , 0.000000 , 0.000000 , 
        -:  486: 475.000000 , 965.000000 , 1982.000000 , 12.000000 , 7.000000 , 0.000000 , 0.000000 , 0.000000 , 
        -:  487: 476.000000 , 965.000000 , 1983.000000 , 12.000000 , 8.000000 , 0.000000 , 0.000000 , 0.000000 , 
        -:  488: 477.000000 , 965.000000 , 1984.000000 , 12.000000 , 9.000000 , 0.000000 , 1.000000 , 0.000000 , 
        -:  489: 478.000000 , 965.000000 , 1985.000000 , 12.000000 , 10.000000 , 0.000000 , 1.000000 , 0.000000 , 
        -:  490: 479.000000 , 965.000000 , 1986.000000 , 12.000000 , 11.000000 , 0.000000 , 1.000000 , 0.000000 , 
        -:  491: 480.000000 , 965.000000 , 1987.000000 , 12.000000 , 12.000000 , 0.000000 , 1.000000 , 0.000000 , 
        -:  492: 481.000000 , 996.000000 , 1980.000000 , 11.000000 , 2.000000 , 0.000000 , 1.000000 , 0.000000 , 
        -:  493: 482.000000 , 996.000000 , 1981.000000 , 11.000000 , 3.000000 , 0.000000 , 1.000000 , 0.000000 , 
        -:  494: 483.000000 , 996.000000 , 1982.000000 , 11.000000 , 4.000000 , 0.000000 , 1.000000 , 0.000000 , 
        -:  495: 484.000000 , 996.000000 , 1983.000000 , 11.000000 , 5.000000 , 0.000000 , 1.000000 , 0.000000 , 
        -:  496: 485.000000 , 996.000000 , 1984.000000 , 11.000000 , 6.000000 , 0.000000 , 1.000000 , 0.000000 , 
        -:  497: 486.000000 , 996.000000 , 1985.000000 , 11.000000 , 7.000000 , 0.000000 , 1.000000 , 0.000000 , 
        -:  498: 487.000000 , 996.000000 , 1986.000000 , 11.000000 , 8.000000 , 0.000000 , 1.000000 , 0.000000 , 
        -:  499: 488.000000 , 996.000000 , 1987.000000 , 11.000000 , 9.000000 , 0.000000 , 1.000000 , 0.000000 , 
        -:  500: 489.000000 , 1007.000000 , 1980.000000 , 12.000000 , 4.000000 , 0.000000 , 0.000000 , 0.000000 , 
        -:  501: 490.000000 , 1007.000000 , 1981.000000 , 12.000000 , 5.000000 , 0.000000 , 0.000000 , 0.000000 , 
        -:  502: 491.000000 , 1007.000000 , 1982.000000 , 12.000000 , 6.000000 , 0.000000 , 0.000000 , 0.000000 , 
        -:  503: 492.000000 , 1007.000000 , 1983.000000 , 12.000000 , 7.000000 , 0.000000 , 0.000000 , 0.000000 , 
        -:  504: 493.000000 , 1007.000000 , 1984.000000 , 12.000000 , 8.000000 , 0.000000 , 0.000000 , 0.000000 , 
        -:  505: 494.000000 , 1007.000000 , 1985.000000 , 12.000000 , 9.000000 , 0.000000 , 0.000000 , 0.000000 , 
        -:  506: 495.000000 , 1007.000000 , 1986.000000 , 12.000000 , 10.000000 , 0.000000 , 1.000000 , 0.000000 , 
        -:  507: 496.000000 , 1007.000000 , 1987.000000 , 12.000000 , 11.000000 , 0.000000 , 1.000000 , 0.000000 , 
        -:  508: 497.000000 , 1054.000000 , 1980.000000 , 10.000000 , 3.000000 , 0.000000 , 0.000000 , 0.000000 , 
        -:  509: 498.000000 , 1054.000000 , 1981.000000 , 10.000000 , 4.000000 , 0.000000 , 0.000000 , 0.000000 , 
        -:  510: 499.000000 , 1054.000000 , 1982.000000 , 10.000000 , 5.000000 , 0.000000 , 0.000000 , 0.000000 , 
        -:  511: 500.000000 , 1054.000000 , 1983.000000 , 10.000000 , 6.000000 , 0.000000 , 1.000000 , 0.000000 , 
        -:  512: 501.000000 , 1054.000000 , 1984.000000 , 10.000000 , 7.000000 , 0.000000 , 1.000000 , 0.000000 , 
        -:  513: 502.000000 , 1054.000000 , 1985.000000 , 10.000000 , 8.000000 , 0.000000 , 1.000000 , 0.000000 , 
        -:  514: 503.000000 , 1054.000000 , 1986.000000 , 10.000000 , 9.000000 , 0.000000 , 1.000000 , 0.000000 , 
        -:  515: 504.000000 , 1054.000000 , 1987.000000 , 10.000000 , 10.000000 , 1.000000 , 1.000000 , 0.000000 , 
        -:  516: 505.000000 , 1064.000000 , 1980.000000 , 12.000000 , 4.000000 , 0.000000 , 1.000000 , 1.000000 , 
        -:  517: 506.000000 , 1064.000000 , 1981.000000 , 12.000000 , 5.000000 , 0.000000 , 1.000000 , 1.000000 , 
        -:  518: 507.000000 , 1064.000000 , 1982.000000 , 12.000000 , 6.000000 , 0.000000 , 1.000000 , 1.000000 , 
        -:  519: 508.000000 , 1064.000000 , 1983.000000 , 12.000000 , 7.000000 , 0.000000 , 1.000000 , 0.000000 , 
        -:  520: 509.000000 , 1064.000000 , 1984.000000 , 12.000000 , 8.000000 , 0.000000 , 1.000000 , 0.000000 , 
        -:  521: 510.000000 , 1064.000000 , 1985.000000 , 12.000000 , 9.000000 , 0.000000 , 1.000000 , 0.000000 , 
        -:  522: 511.000000 , 1064.000000 , 1986.000000 , 12.000000 , 10.000000 , 0.000000 , 1.000000 , 0.000000 , 
        -:  523: 512.000000 , 1064.000000 , 1987.000000 , 12.000000 , 11.000000 , 0.000000 , 1.000000 , 0.000000 , 
        -:  524: 513.000000 , 1081.000000 , 1980.000000 , 10.000000 , 2.000000 , 0.000000 , 0.000000 , 0.000000 , 
        -:  525: 514.000000 , 1081.000000 , 1981.000000 , 10.000000 , 3.000000 , 0.000000 , 0.000000 , 0.000000 , 
        -:  526: 515.000000 , 1081.000000 , 1982.000000 , 10.000000 , 4.000000 , 0.000000 , 0.000000 , 0.000000 , 
        -:  527: 516.000000 , 1081.000000 , 1983.000000 , 10.000000 , 5.000000 , 0.000000 , 0.000000 , 0.000000 , 
        -:  528: 517.000000 , 1081.000000 , 1984.000000 , 10.000000 , 6.000000 , 0.000000 , 0.000000 , 0.000000 , 
        -:  529: 518.000000 , 1081.000000 , 1985.000000 , 10.000000 , 7.000000 , 0.000000 , 0.000000 , 0.000000 , 
        -:  530: 519.000000 , 1081.000000 , 1986.000000 , 10.000000 , 8.000000 , 0.000000 , 0.000000 , 0.000000 , 
        -:  531: 520.000000 , 1081.000000 , 1987.000000 , 10.000000 , 9.000000 , 0.000000 , 0.000000 , 0.000000 , 
        -:  532: 521.000000 , 1085.000000 , 1980.000000 , 12.000000 , 1.000000 , 0.000000 , 0.000000 , 0.000000 , 
        -:  533: 522.000000 , 1085.000000 , 1981.000000 , 12.000000 , 2.000000 , 0.000000 , 0.000000 , 0.000000 , 
        -:  534: 523.000000 , 1085.000000 , 1982.000000 , 12.000000 , 3.000000 , 0.000000 , 0.000000 , 0.000000 , 
        -:  535: 524.000000 , 1085.000000 , 1983.000000 , 12.000000 , 4.000000 , 0.000000 , 0.000000 , 0.000000 , 
        -:  536: 525.000000 , 1085.000000 , 1984.000000 , 12.000000 , 5.000000 , 0.000000 , 1.000000 , 1.000000 , 
        -:  537: 526.000000 , 1085.000000 , 1985.000000 , 12.000000 , 6.000000 , 0.000000 , 1.000000 , 0.000000 , 
        -:  538: 527.000000 , 1085.000000 , 1986.000000 , 12.000000 , 7.000000 , 0.000000 , 1.000000 , 0.000000 , 
        -:  539: 528.000000 , 1085.000000 , 1987.000000 , 12.000000 , 8.000000 , 0.000000 , 0.000000 , 0.000000 , 
        -:  540: 529.000000 , 1091.000000 , 1980.000000 , 9.000000 , 6.000000 , 1.000000 , 0.000000 , 0.000000 , 
        -:  541: 530.000000 , 1091.000000 , 1981.000000 , 9.000000 , 7.000000 , 0.000000 , 1.000000 , 0.000000 , 
        -:  542: 531.000000 , 1091.000000 , 1982.000000 , 9.000000 , 8.000000 , 1.000000 , 1.000000 , 0.000000 , 
        -:  543: 532.000000 , 1091.000000 , 1983.000000 , 9.000000 , 9.000000 , 0.000000 , 1.000000 , 0.000000 , 
        -:  544: 533.000000 , 1091.000000 , 1984.000000 , 9.000000 , 10.000000 , 0.000000 , 1.000000 , 0.000000 , 
        -:  545: 534.000000 , 1091.000000 , 1985.000000 , 9.000000 , 11.000000 , 1.000000 , 1.000000 , 0.000000 , 
        -:  546: 535.000000 , 1091.000000 , 1986.000000 , 9.000000 , 12.000000 , 0.000000 , 1.000000 , 0.000000 , 
        -:  547: 536.000000 , 1091.000000 , 1987.000000 , 9.000000 , 13.000000 , 0.000000 , 1.000000 , 0.000000 , 
        -:  548: 537.000000 , 1094.000000 , 1980.000000 , 12.000000 , 3.000000 , 0.000000 , 1.000000 , 0.000000 , 
        -:  549: 538.000000 , 1094.000000 , 1981.000000 , 12.000000 , 4.000000 , 0.000000 , 1.000000 , 0.000000 , 
        -:  550: 539.000000 , 1094.000000 , 1982.000000 , 12.000000 , 5.000000 , 0.000000 , 1.000000 , 0.000000 , 
        -:  551: 540.000000 , 1094.000000 , 1983.000000 , 12.000000 , 6.000000 , 0.000000 , 1.000000 , 0.000000 , 
        -:  552: 541.000000 , 1094.000000 , 1984.000000 , 12.000000 , 7.000000 , 0.000000 , 1.000000 , 0.000000 , 
        -:  553: 542.000000 , 1094.000000 , 1985.000000 , 12.000000 , 8.000000 , 0.000000 , 1.000000 , 0.000000 , 
        -:  554: 543.000000 , 1094.000000 , 1986.000000 , 12.000000 , 9.000000 , 0.000000 , 1.000000 , 0.000000 , 
        -:  555: 544.000000 , 1094.000000 , 1987.000000 , 12.000000 , 10.000000 , 0.000000 , 1.000000 , 0.000000 , 
        -:  556: 545.000000 , 1096.000000 , 1980.000000 , 11.000000 , 6.000000 , 0.000000 , 0.000000 , 0.000000 , 
        -:  557: 546.000000 , 1096.000000 , 1981.000000 , 11.000000 , 7.000000 , 0.000000 , 0.000000 , 0.000000 , 
        -:  558: 547.000000 , 1096.000000 , 1982.000000 , 11.000000 , 8.000000 , 0.000000 , 0.000000 , 0.000000 , 
        -:  559: 548.000000 , 1096.000000 , 1983.000000 , 11.000000 , 9.000000 , 0.000000 , 0.000000 , 0.000000 , 
        -:  560: 549.000000 , 1096.000000 , 1984.000000 , 11.000000 , 10.000000 , 0.000000 , 0.000000 , 0.000000 , 
        -:  561: 550.000000 , 1096.000000 , 1985.000000 , 11.000000 , 11.000000 , 0.000000 , 0.000000 , 0.000000 , 
        -:  562: 551.000000 , 1096.000000 , 1986.000000 , 11.000000 , 12.000000 , 0.000000 , 1.000000 , 0.000000 , 
        -:  563: 552.000000 , 1096.000000 , 1987.000000 , 11.000000 , 13.000000 , 1.000000 , 1.000000 , 0.000000 , 
        -:  564: 553.000000 , 1098.000000 , 1980.000000 , 14.000000 , 1.000000 , 0.000000 , 0.000000 , 0.000000 , 
        -:  565: 554.000000 , 1098.000000 , 1981.000000 , 14.000000 , 2.000000 , 0.000000 , 0.000000 , 0.000000 , 
        -:  566: 555.000000 , 1098.000000 , 1982.000000 , 14.000000 , 3.000000 , 0.000000 , 0.000000 , 0.000000 , 
        -:  567: 556.000000 , 1098.000000 , 1983.000000 , 14.000000 , 4.000000 , 0.000000 , 0.000000 , 0.000000 , 
        -:  568: 557.000000 , 1098.000000 , 1984.000000 , 14.000000 , 5.000000 , 0.000000 , 0.000000 , 0.000000 , 
        -:  569: 558.000000 , 1098.000000 , 1985.000000 , 14.000000 , 6.000000 , 0.000000 , 0.000000 , 0.000000 , 
        -:  570: 559.000000 , 1098.000000 , 1986.000000 , 14.000000 , 7.000000 , 0.000000 , 0.000000 , 0.000000 , 
        -:  571: 560.000000 , 1098.000000 , 1987.000000 , 14.000000 , 8.000000 , 0.000000 , 1.000000 , 0.000000 , 
        -:  572: 561.000000 , 1102.000000 , 1980.000000 , 13.000000 , 3.000000 , 0.000000 , 0.000000 , 0.000000 , 
        -:  573: 562.000000 , 1102.000000 , 1981.000000 , 13.000000 , 4.000000 , 0.000000 , 0.000000 , 0.000000 , 
        -:  574: 563.000000 , 1102.000000 , 1982.000000 , 13.000000 , 5.000000 , 0.000000 , 0.000000 , 0.000000 , 
        -:  575: 564.000000 , 1102.000000 , 1983.000000 , 13.000000 , 6.000000 , 0.000000 , 0.000000 , 0.000000 , 
        -:  576: 565.000000 , 1102.000000 , 1984.000000 , 13.000000 , 7.000000 , 0.000000 , 0.000000 , 0.000000 , 
        -:  577: 566.000000 , 1102.000000 , 1985.000000 , 13.000000 , 8.000000 , 0.000000 , 0.000000 , 0.000000 , 
        -:  578: 567.000000 , 1102.000000 , 1986.000000 , 13.000000 , 9.000000 , 0.000000 , 0.000000 , 0.000000 , 
        -:  579: 568.000000 , 1102.000000 , 1987.000000 , 13.000000 , 10.000000 , 0.000000 , 0.000000 , 0.000000 , 
        -:  580: 569.000000 , 1107.000000 , 1980.000000 , 12.000000 , 5.000000 , 0.000000 , 0.000000 , 0.000000 , 
        -:  581: 570.000000 , 1107.000000 , 1981.000000 , 12.000000 , 6.000000 , 0.000000 , 1.000000 , 0.000000 , 
        -:  582: 571.000000 , 1107.000000 , 1982.000000 , 12.000000 , 7.000000 , 0.000000 , 1.000000 , 0.000000 , 
        -:  583: 572.000000 , 1107.000000 , 1983.000000 , 12.000000 , 8.000000 , 0.000000 , 1.000000 , 0.000000 , 
        -:  584: 573.000000 , 1107.000000 , 1984.000000 , 12.000000 , 9.000000 , 0.000000 , 1.000000 , 0.000000 , 
        -:  585: 574.000000 , 1107.000000 , 1985.000000 , 12.000000 , 10.000000 , 0.000000 , 1.000000 , 0.000000 , 
        -:  586: 575.000000 , 1107.000000 , 1986.000000 , 12.000000 , 11.000000 , 0.000000 , 1.000000 , 0.000000 , 
        -:  587: 576.000000 , 1107.000000 , 1987.000000 , 12.000000 , 12.000000 , 0.000000 , 1.000000 , 0.000000 , 
        -:  588: 577.000000 , 1142.000000 , 1980.000000 , 14.000000 , 2.000000 , 0.000000 , 0.000000 , 0.000000 , 
        -:  589: 578.000000 , 1142.000000 , 1981.000000 , 14.000000 , 3.000000 , 0.000000 , 0.000000 , 0.000000 , 
        -:  590: 579.000000 , 1142.000000 , 1982.000000 , 14.000000 , 4.000000 , 0.000000 , 0.000000 , 0.000000 , 
        -:  591: 580.000000 , 1142.000000 , 1983.000000 , 14.000000 , 5.000000 , 0.000000 , 0.000000 , 0.000000 , 
        -:  592: 581.000000 , 1142.000000 , 1984.000000 , 14.000000 , 6.000000 , 0.000000 , 0.000000 , 0.000000 , 
        -:  593: 582.000000 , 1142.000000 , 1985.000000 , 14.000000 , 7.000000 , 0.000000 , 1.000000 , 0.000000 , 
        -:  594: 583.000000 , 1142.000000 , 1986.000000 , 14.000000 , 8.000000 , 0.000000 , 1.000000 , 0.000000 , 
        -:  595: 584.000000 , 1142.000000 , 1987.000000 , 14.000000 , 9.000000 , 0.000000 , 1.000000 , 0.000000 , 
        -:  596: 585.000000 , 1156.000000 , 1980.000000 , 12.000000 , 5.000000 , 0.000000 , 0.000000 , 0.000000 , 
        -:  597: 586.000000 , 1156.000000 , 1981.000000 , 12.000000 , 6.000000 , 0.000000 , 0.000000 , 0.000000 , 
        -:  598: 587.000000 , 1156.000000 , 1982.000000 , 12.000000 , 7.000000 , 0.000000 , 0.000000 , 0.000000 , 
        -:  599: 588.000000 , 1156.000000 , 1983.000000 , 12.000000 , 8.000000 , 0.000000 , 0.000000 , 0.000000 , 
        -:  600: 589.000000 , 1156.000000 , 1984.000000 , 12.000000 , 9.000000 , 0.000000 , 0.000000 , 0.000000 , 
        -:  601: 590.000000 , 1156.000000 , 1985.000000 , 12.000000 , 10.000000 , 0.000000 , 0.000000 , 0.000000 , 
        -:  602: 591.000000 , 1156.000000 , 1986.000000 , 12.000000 , 11.000000 , 0.000000 , 0.000000 , 0.000000 , 
        -:  603: 592.000000 , 1156.000000 , 1987.000000 , 12.000000 , 12.000000 , 0.000000 , 0.000000 , 0.000000 , 
        -:  604: 593.000000 , 1180.000000 , 1980.000000 , 13.000000 , 2.000000 , 0.000000 , 0.000000 , 0.000000 , 
        -:  605: 594.000000 , 1180.000000 , 1981.000000 , 13.000000 , 3.000000 , 0.000000 , 0.000000 , 0.000000 , 
        -:  606: 595.000000 , 1180.000000 , 1982.000000 , 13.000000 , 4.000000 , 1.000000 , 0.000000 , 0.000000 , 
        -:  607: 596.000000 , 1180.000000 , 1983.000000 , 13.000000 , 5.000000 , 1.000000 , 0.000000 , 0.000000 , 
        -:  608: 597.000000 , 1180.000000 , 1984.000000 , 13.000000 , 6.000000 , 0.000000 , 1.000000 , 0.000000 , 
        -:  609: 598.000000 , 1180.000000 , 1985.000000 , 13.000000 , 7.000000 , 0.000000 , 1.000000 , 0.000000 , 
        -:  610: 599.000000 , 1180.000000 , 1986.000000 , 13.000000 , 8.000000 , 0.000000 , 1.000000 , 0.000000 , 
        -:  611: 600.000000 , 1180.000000 , 1987.000000 , 13.000000 , 9.000000 , 0.000000 , 1.000000 , 0.000000 , 
        -:  612: 601.000000 , 1190.000000 , 1980.000000 , 12.000000 , 2.000000 , 0.000000 , 0.000000 , 0.000000 , 
        -:  613: 602.000000 , 1190.000000 , 1981.000000 , 12.000000 , 3.000000 , 0.000000 , 0.000000 , 0.000000 , 
        -:  614: 603.000000 , 1190.000000 , 1982.000000 , 12.000000 , 4.000000 , 0.000000 , 0.000000 , 0.000000 , 
        -:  615: 604.000000 , 1190.000000 , 1983.000000 , 12.000000 , 5.000000 , 0.000000 , 0.000000 , 0.000000 , 
        -:  616: 605.000000 , 1190.000000 , 1984.000000 , 12.000000 , 6.000000 , 0.000000 , 0.000000 , 0.000000 , 
        -:  617: 606.000000 , 1190.000000 , 1985.000000 , 12.000000 , 7.000000 , 0.000000 , 0.000000 , 0.000000 , 
        -:  618: 607.000000 , 1190.000000 , 1986.000000 , 12.000000 , 8.000000 , 0.000000 , 0.000000 , 0.000000 , 
        -:  619: 608.000000 , 1190.000000 , 1987.000000 , 12.000000 , 9.000000 , 0.000000 , 1.000000 , 0.000000 , 
        -:  620: 609.000000 , 1204.000000 , 1980.000000 , 8.000000 , 5.000000 , 0.000000 , 0.000000 , 0.000000 , 
        -:  621: 610.000000 , 1204.000000 , 1981.000000 , 8.000000 , 6.000000 , 1.000000 , 0.000000 , 0.000000 , 
        -:  622: 611.000000 , 1204.000000 , 1982.000000 , 8.000000 , 7.000000 , 1.000000 , 0.000000 , 0.000000 , 
        -:  623: 612.000000 , 1204.000000 , 1983.000000 , 8.000000 , 8.000000 , 1.000000 , 0.000000 , 0.000000 , 
        -:  624: 613.000000 , 1204.000000 , 1984.000000 , 8.000000 , 9.000000 , 1.000000 , 0.000000 , 0.000000 , 
        -:  625: 614.000000 , 1204.000000 , 1985.000000 , 8.000000 , 10.000000 , 1.000000 , 0.000000 , 0.000000 , 
        -:  626: 615.000000 , 1204.000000 , 1986.000000 , 8.000000 , 11.000000 , 1.000000 , 0.000000 , 0.000000 , 
        -:  627: 616.000000 , 1204.000000 , 1987.000000 , 8.000000 , 12.000000 , 1.000000 , 0.000000 , 0.000000 , 
        -:  628: 617.000000 , 1249.000000 , 1980.000000 , 11.000000 , 5.000000 , 0.000000 , 0.000000 , 0.000000 , 
        -:  629: 618.000000 , 1249.000000 , 1981.000000 , 11.000000 , 6.000000 , 0.000000 , 1.000000 , 0.000000 , 
        -:  630: 619.000000 , 1249.000000 , 1982.000000 , 11.000000 , 7.000000 , 0.000000 , 0.000000 , 0.000000 , 
        -:  631: 620.000000 , 1249.000000 , 1983.000000 , 11.000000 , 8.000000 , 0.000000 , 1.000000 , 0.000000 , 
        -:  632: 621.000000 , 1249.000000 , 1984.000000 , 11.000000 , 9.000000 , 0.000000 , 1.000000 , 1.000000 , 
        -:  633: 622.000000 , 1249.000000 , 1985.000000 , 11.000000 , 10.000000 , 0.000000 , 0.000000 , 0.000000 , 
        -:  634: 623.000000 , 1249.000000 , 1986.000000 , 11.000000 , 11.000000 , 0.000000 , 1.000000 , 0.000000 , 
        -:  635: 624.000000 , 1249.000000 , 1987.000000 , 11.000000 , 12.000000 , 0.000000 , 0.000000 , 0.000000 , 
        -:  636: 625.000000 , 1272.000000 , 1980.000000 , 12.000000 , 3.000000 , 0.000000 , 1.000000 , 0.000000 , 
        -:  637: 626.000000 , 1272.000000 , 1981.000000 , 12.000000 , 4.000000 , 0.000000 , 0.000000 , 0.000000 , 
        -:  638: 627.000000 , 1272.000000 , 1982.000000 , 12.000000 , 5.000000 , 1.000000 , 0.000000 , 0.000000 , 
        -:  639: 628.000000 , 1272.000000 , 1983.000000 , 12.000000 , 6.000000 , 0.000000 , 0.000000 , 1.000000 , 
        -:  640: 629.000000 , 1272.000000 , 1984.000000 , 12.000000 , 7.000000 , 0.000000 , 0.000000 , 0.000000 , 
        -:  641: 630.000000 , 1272.000000 , 1985.000000 , 12.000000 , 8.000000 , 1.000000 , 0.000000 , 0.000000 , 
        -:  642: 631.000000 , 1272.000000 , 1986.000000 , 12.000000 , 9.000000 , 0.000000 , 1.000000 , 0.000000 , 
        -:  643: 632.000000 , 1272.000000 , 1987.000000 , 12.000000 , 10.000000 , 0.000000 , 1.000000 , 0.000000 , 
        -:  644: 633.000000 , 1311.000000 , 1980.000000 , 15.000000 , 2.000000 , 0.000000 , 0.000000 , 0.000000 , 
        -:  645: 634.000000 , 1311.000000 , 1981.000000 , 15.000000 , 3.000000 , 0.000000 , 0.000000 , 0.000000 , 
        -:  646: 635.000000 , 1311.000000 , 1982.000000 , 15.000000 , 4.000000 , 0.000000 , 0.000000 , 0.000000 , 
        -:  647: 636.000000 , 1311.000000 , 1983.000000 , 15.000000 , 5.000000 , 0.000000 , 0.000000 , 0.000000 , 
        -:  648: 637.000000 , 1311.000000 , 1984.000000 , 15.000000 , 6.000000 , 0.000000 , 0.000000 , 0.000000 , 
        -:  649: 638.000000 , 1311.000000 , 1985.000000 , 15.000000 , 7.000000 , 0.000000 , 0.000000 , 0.000000 , 
        -:  650: 639.000000 , 1311.000000 , 1986.000000 , 15.000000 , 8.000000 , 0.000000 , 0.000000 , 0.000000 , 
        -:  651: 640.000000 , 1311.000000 , 1987.000000 , 15.000000 , 9.000000 , 0.000000 , 0.000000 , 0.000000 , 
        -:  652: 641.000000 , 1316.000000 , 1980.000000 , 8.000000 , 4.000000 , 0.000000 , 0.000000 , 0.000000 , 
        -:  653: 642.000000 , 1316.000000 , 1981.000000 , 8.000000 , 5.000000 , 0.000000 , 0.000000 , 0.000000 , 
        -:  654: 643.000000 , 1316.000000 , 1982.000000 , 8.000000 , 6.000000 , 0.000000 , 1.000000 , 0.000000 , 
        -:  655: 644.000000 , 1316.000000 , 1983.000000 , 8.000000 , 7.000000 , 0.000000 , 1.000000 , 0.000000 , 
        -:  656: 645.000000 , 1316.000000 , 1984.000000 , 8.000000 , 8.000000 , 0.000000 , 1.000000 , 0.000000 , 
        -:  657: 646.000000 , 1316.000000 , 1985.000000 , 8.000000 , 9.000000 , 0.000000 , 1.000000 , 0.000000 , 
        -:  658: 647.000000 , 1316.000000 , 1986.000000 , 8.000000 , 10.000000 , 0.000000 , 1.000000 , 0.000000 , 
        -:  659: 648.000000 , 1316.000000 , 1987.000000 , 8.000000 , 11.000000 , 0.000000 , 1.000000 , 0.000000 , 
        -:  660: 649.000000 , 1318.000000 , 1980.000000 , 8.000000 , 8.000000 , 0.000000 , 0.000000 , 0.000000 , 
        -:  661: 650.000000 , 1318.000000 , 1981.000000 , 8.000000 , 9.000000 , 0.000000 , 0.000000 , 0.000000 , 
        -:  662: 651.000000 , 1318.000000 , 1982.000000 , 8.000000 , 10.000000 , 0.000000 , 0.000000 , 0.000000 , 
        -:  663: 652.000000 , 1318.000000 , 1983.000000 , 8.000000 , 11.000000 , 0.000000 , 0.000000 , 0.000000 , 
        -:  664: 653.000000 , 1318.000000 , 1984.000000 , 8.000000 , 12.000000 , 0.000000 , 0.000000 , 0.000000 , 
        -:  665: 654.000000 , 1318.000000 , 1985.000000 , 8.000000 , 13.000000 , 0.000000 , 0.000000 , 0.000000 , 
        -:  666: 655.000000 , 1318.000000 , 1986.000000 , 8.000000 , 14.000000 , 0.000000 , 0.000000 , 0.000000 , 
        -:  667: 656.000000 , 1318.000000 , 1987.000000 , 8.000000 , 15.000000 , 0.000000 , 0.000000 , 0.000000 , 
        -:  668: 657.000000 , 1345.000000 , 1980.000000 , 12.000000 , 4.000000 , 0.000000 , 0.000000 , 0.000000 , 
        -:  669: 658.000000 , 1345.000000 , 1981.000000 , 12.000000 , 5.000000 , 0.000000 , 1.000000 , 0.000000 , 
        -:  670: 659.000000 , 1345.000000 , 1982.000000 , 12.000000 , 6.000000 , 0.000000 , 1.000000 , 0.000000 , 
        -:  671: 660.000000 , 1345.000000 , 1983.000000 , 12.000000 , 7.000000 , 0.000000 , 1.000000 , 0.000000 , 
        -:  672: 661.000000 , 1345.000000 , 1984.000000 , 12.000000 , 8.000000 , 0.000000 , 1.000000 , 0.000000 , 
        -:  673: 662.000000 , 1345.000000 , 1985.000000 , 12.000000 , 9.000000 , 0.000000 , 1.000000 , 0.000000 , 
        -:  674: 663.000000 , 1345.000000 , 1986.000000 , 12.000000 , 10.000000 , 0.000000 , 1.000000 , 0.000000 , 
        -:  675: 664.000000 , 1345.000000 , 1987.000000 , 12.000000 , 11.000000 , 0.000000 , 1.000000 , 0.000000 , 
        -:  676: 665.000000 , 1397.000000 , 1980.000000 , 12.000000 , 5.000000 , 1.000000 , 0.000000 , 0.000000 , 
        -:  677: 666.000000 , 1397.000000 , 1981.000000 , 12.000000 , 6.000000 , 1.000000 , 0.000000 , 0.000000 , 
        -:  678: 667.000000 , 1397.000000 , 1982.000000 , 12.000000 , 7.000000 , 1.000000 , 0.000000 , 0.000000 , 
        -:  679: 668.000000 , 1397.000000 , 1983.000000 , 12.000000 , 8.000000 , 1.000000 , 0.000000 , 0.000000 , 
        -:  680: 669.000000 , 1397.000000 , 1984.000000 , 12.000000 , 9.000000 , 1.000000 , 0.000000 , 0.000000 , 
        -:  681: 670.000000 , 1397.000000 , 1985.000000 , 12.000000 , 10.000000 , 1.000000 , 0.000000 , 0.000000 , 
        -:  682: 671.000000 , 1397.000000 , 1986.000000 , 12.000000 , 11.000000 , 1.000000 , 0.000000 , 0.000000 , 
        -:  683: 672.000000 , 1397.000000 , 1987.000000 , 12.000000 , 12.000000 , 1.000000 , 0.000000 , 0.000000 , 
        -:  684: 673.000000 , 1434.000000 , 1980.000000 , 10.000000 , 2.000000 , 0.000000 , 0.000000 , 0.000000 , 
        -:  685: 674.000000 , 1434.000000 , 1981.000000 , 10.000000 , 3.000000 , 0.000000 , 1.000000 , 0.000000 , 
        -:  686: 675.000000 , 1434.000000 , 1982.000000 , 10.000000 , 4.000000 , 1.000000 , 1.000000 , 0.000000 , 
        -:  687: 676.000000 , 1434.000000 , 1983.000000 , 10.000000 , 5.000000 , 1.000000 , 1.000000 , 0.000000 , 
        -:  688: 677.000000 , 1434.000000 , 1984.000000 , 10.000000 , 6.000000 , 1.000000 , 1.000000 , 0.000000 , 
        -:  689: 678.000000 , 1434.000000 , 1985.000000 , 10.000000 , 7.000000 , 1.000000 , 1.000000 , 0.000000 , 
        -:  690: 679.000000 , 1434.000000 , 1986.000000 , 10.000000 , 8.000000 , 0.000000 , 1.000000 , 0.000000 , 
        -:  691: 680.000000 , 1434.000000 , 1987.000000 , 10.000000 , 9.000000 , 0.000000 , 1.000000 , 0.000000 , 
        -:  692: 681.000000 , 1492.000000 , 1980.000000 , 13.000000 , 4.000000 , 0.000000 , 0.000000 , 0.000000 , 
        -:  693: 682.000000 , 1492.000000 , 1981.000000 , 13.000000 , 5.000000 , 0.000000 , 0.000000 , 0.000000 , 
        -:  694: 683.000000 , 1492.000000 , 1982.000000 , 13.000000 , 6.000000 , 0.000000 , 0.000000 , 0.000000 , 
        -:  695: 684.000000 , 1492.000000 , 1983.000000 , 13.000000 , 7.000000 , 0.000000 , 1.000000 , 0.000000 , 
        -:  696: 685.000000 , 1492.000000 , 1984.000000 , 13.000000 , 8.000000 , 0.000000 , 0.000000 , 1.000000 , 
        -:  697: 686.000000 , 1492.000000 , 1985.000000 , 13.000000 , 9.000000 , 0.000000 , 1.000000 , 0.000000 , 
        -:  698: 687.000000 , 1492.000000 , 1986.000000 , 13.000000 , 10.000000 , 0.000000 , 1.000000 , 0.000000 , 
        -:  699: 688.000000 , 1492.000000 , 1987.000000 , 13.000000 , 11.000000 , 0.000000 , 1.000000 , 0.000000 , 
        -:  700: 689.000000 , 1496.000000 , 1980.000000 , 12.000000 , 1.000000 , 1.000000 , 0.000000 , 0.000000 , 
        -:  701: 690.000000 , 1496.000000 , 1981.000000 , 12.000000 , 2.000000 , 1.000000 , 0.000000 , 0.000000 , 
        -:  702: 691.000000 , 1496.000000 , 1982.000000 , 12.000000 , 3.000000 , 0.000000 , 0.000000 , 0.000000 , 
        -:  703: 692.000000 , 1496.000000 , 1983.000000 , 12.000000 , 4.000000 , 0.000000 , 0.000000 , 0.000000 , 
        -:  704: 693.000000 , 1496.000000 , 1984.000000 , 12.000000 , 5.000000 , 0.000000 , 0.000000 , 0.000000 , 
        -:  705: 694.000000 , 1496.000000 , 1985.000000 , 12.000000 , 6.000000 , 0.000000 , 0.000000 , 0.000000 , 
        -:  706: 695.000000 , 1496.000000 , 1986.000000 , 12.000000 , 7.000000 , 0.000000 , 0.000000 , 0.000000 , 
        -:  707: 696.000000 , 1496.000000 , 1987.000000 , 12.000000 , 8.000000 , 0.000000 , 0.000000 , 0.000000 , 
        -:  708: 697.000000 , 1506.000000 , 1980.000000 , 12.000000 , 3.000000 , 0.000000 , 0.000000 , 0.000000 , 
[...]
        -: 8368: 0.923491 , 
        -: 8369: 1.186345 , 
        -: 8370: 1.060369 , 
        -: 8371: 0.998517 , 
        -: 8372: 2.283518 , 
        -: 8373: 1.381506 , 
        -: 8374: 1.630321 , 
        -: 8375: 2.534697 , 
        -: 8376: 2.448189 , 
        -: 8377: 2.354019 , 
        -: 8378: 2.241297 , 
        -: 8379: 2.329934 , 
        -: 8380: 2.457391 , 
        -: 8381: 1.966439 , 
        -: 8382: 1.260085 , 
        -: 8383: 1.364315 , 
        -: 8384: 1.547403 , 
        -: 8385: 1.314830 , 
        -: 8386: 1.212543 , 
        -: 8387: 1.178175 , 
        -: 8388: 1.628111 , 
        -: 8389: 1.594287 , 
        -: 8390: 0.509819 , 
        -: 8391: 1.463415 , 
        -: 8392: 1.506581 , 
        -: 8393: 1.743986 , 
        -: 8394: 1.954480 , 
        -: 8395: 2.011084 , 
        -: 8396: 2.033576 , 
        -: 8397: 2.174848 , 
        -: 8398: 2.151168 , 
        -: 8399: 1.869721 , 
        -: 8400: 1.534980 , 
        -: 8401: 1.160315 , 
        -: 8402: 1.325530 , 
        -: 8403: 1.412456 , 
        -: 8404: 1.628111 , 
        -: 8405: 1.706928 , 
        -: 8406: 1.048965 , 
        -: 8407: 1.112803 , 
        -: 8408: 1.074279 , 
        -: 8409: 1.524040 , 
        -: 8410: 1.267603 , 
        -: 8411: 1.157053 , 
        -: 8412: 0.814336 , 
        -: 8413: 1.180608 , 
        -: 8414: 1.213384 , 
        -: 8415: 0.880573 , 
        -: 8416: 1.042967 , 
        -: 8417: 0.849941 , 
        -: 8418: 0.689702 , 
        -: 8419: 0.762207 , 
        -: 8420: 0.909646 , 
        -: 8421: 1.381506 , 
        -: 8422: 1.495731 , 
        -: 8423: 1.521960 , 
        -: 8424: 1.452967 , 
        -: 8425: 1.739929 , 
        -: 8426: 1.892585 , 
        -: 8427: 2.205790 , 
        -: 8428: 1.925704 , 
        -: 8429: 2.259920 , 
        -: 8430: 1.056437 , 
        -: 8431: -1.417066 , 
        -: 8432: -0.670045 , 
        -: 8433: 0.702682 , 
        -: 8434: 0.712934 , 
        -: 8435: 0.820059 , 
        -: 8436: 1.068740 , 
        -: 8437: 1.039099 , 
        -: 8438: 1.216969 , 
        -: 8439: 1.053912 , 
        -: 8440: 1.253163 , 
        -: 8441: 1.350717 , 
        -: 8442: 1.352305 , 
        -: 8443: 1.251297 , 
        -: 8444: 1.362525 , 
        -: 8445: 1.183680 , 
        -: 8446: 1.093465 , 
        -: 8447: 0.999333 , 
        -: 8448: 1.047210 , 
        -: 8449: 0.451336 , 
        -: 8450: 0.802813 , 
        -: 8451: 0.706570 , 
        -: 8452: 1.074726 , 
        -: 8453: 0.694628 , 
        -: 8454: 0.955416 , 
        -: 8455: 1.666008 , 
        -: 8456: 1.019452 , 
        -: 8457: 1.085398 , 
        -: 8458: 0.950288 , 
        -: 8459: 1.387394 , 
        -: 8460: 1.558776 , 
        -: 8461: 1.599298 , 
        -: 8462: 1.739535 , 
        -: 8463: 0.890121 , 
        -: 8464: 1.482263 , 
        -: 8465: 1.075938 , 
        -: 8466: 1.520969 , 
        -: 8467: 1.603924 , 
        -: 8468: 1.340429 , 
        -: 8469: 2.117213 , 
        -: 8470: 1.159187 , 
        -: 8471: 1.529395 , 
        -: 8472: 1.467360 , 
        -: 8473: 1.502267 , 
        -: 8474: 1.345708 , 
        -: 8475: 1.407174 , 
        -: 8476: 1.842593 , 
        -: 8477: 2.370103 , 
        -: 8478: 1.165137 , 
        -: 8479: 1.949764 , 
        -: 8480: 1.946097 , 
        -: 8481: 1.987774 , 
        -: 8482: 2.115868 , 
        -: 8483: 2.253914 , 
        -: 8484: 2.319288 , 
        -: 8485: 2.275609 , 
        -: 8486: 1.591856 , 
        -: 8487: 2.001567 , 
        -: 8488: 2.650142 , 
        -: 8489: 2.452459 , 
        -: 8490: 2.168054 , 
        -: 8491: 2.372098 , 
        -: 8492: 2.085448 , 
        -: 8493: 1.982280 , 
        -: 8494: 1.941814 , 
        -: 8495: 1.634756 , 
        -: 8496: 1.668031 , 
        -: 8497: 1.638399 , 
        -: 8498: 1.340995 , 
        -: 8499: 1.191420 , 
        -: 8500: 1.576818 , 
        -: 8501: 1.366002 , 
        -: 8502: 1.265678 , 
        -: 8503: 1.711102 , 
        -: 8504: 1.652455 , 
        -: 8505: 1.425713 , 
        -: 8506: 1.478612 , 
        -: 8507: 1.578281 , 
        -: 8508: 1.524608 , 
        -: 8509: 1.723996 , 
        -: 8510: 1.818075 , 
        -: 8511: 2.027552 , 
        -: 8512: 2.415343 , 
        -: 8513: 2.232078 , 
        -: 8514: 2.542748 , 
        -: 8515: 2.027668 , 
        -: 8516: 2.222818 , 
        -: 8517: 2.238106 , 
        -: 8518: 1.428417 , 
        -: 8519: 1.540772 , 
        -: 8520: 1.547687 , 
        -: 8521: 1.361333 , 
        -: 8522: 1.768889 , 
        -: 8523: 1.777670 , 
        -: 8524: 1.416758 , 
        -: 8525: 1.635019 , 
        -: 8526: 1.170363 , 
        -: 8527: 1.496605 , 
        -: 8528: 1.553672 , 
        -: 8529: 1.646462 , 
        -: 8530: 1.818679 , 
        -: 8531: 1.754424 , 
        -: 8532: 1.887379 , 
        -: 8533: 1.814773 , 
        -: 8534: 0.014748 , 
        -: 8535: 0.439784 , 
        -: 8536: 1.448783 , 
        -: 8537: 1.255406 , 
        -: 8538: 1.327271 , 
        -: 8539: 1.421491 , 
        -: 8540: 1.456839 , 
        -: 8541: 1.381506 , 
        -: 8542: 1.448000 , 
        -: 8543: 1.733491 , 
        -: 8544: 1.872825 , 
        -: 8545: 2.043713 , 
        -: 8546: 2.232133 , 
        -: 8547: 2.040031 , 
        -: 8548: -0.228187 , 
        -: 8549: 2.035432 , 
        -: 8550: 1.640954 , 
        -: 8551: 1.915812 , 
        -: 8552: 2.307313 , 
        -: 8553: 2.641701 , 
        -: 8554: 2.652110 , 
        -: 8555: 2.443841 , 
        -: 8556: 2.030237 , 
        -: 8557: 2.282292 , 
        -: 8558: 0.414876 , 
        -: 8559: 1.694234 , 
        -: 8560: 1.621643 , 
        -: 8561: 1.582915 , 
        -: 8562: 1.020156 , 
        -: 8563: 1.333930 , 
        -: 8564: 2.197611 , 
        -: 8565: 2.174311 , 
        -: 8566: 0.667991 , 
        -: 8567: 1.243194 , 
        -: 8568: 2.933697 , 
        -: 8569: 1.722071 , 
        -: 8570: 1.549015 , 
        -: 8571: 2.174509 , 
        -: 8572: 2.074398 , 
        -: 8573: 1.812289 , 
        -: 8574: 1.147183 , 
        -: 8575: 1.114361 , 
        -: 8576: 1.208187 , 
        -: 8577: 1.560330 , 
        -: 8578: 1.618008 , 
        -: 8579: 1.871322 , 
        -: 8580: 1.558559 , 
        -: 8581: 1.812689 , 
        -: 8582: 1.942335 , 
        -: 8583: 1.560803 , 
        -: 8584: 1.654116 , 
        -: 8585: 1.666177 , 
        -: 8586: 1.815708 , 
        -: 8587: 1.976683 , 
        -: 8588: 2.128436 , 
        -: 8589: 2.092672 , 
        -: 8590: -0.369078 , 
        -: 8591: 1.287354 , 
        -: 8592: 1.820196 , 
        -: 8593: 1.471961 , 
        -: 8594: 1.809506 , 
        -: 8595: 2.144140 , 
        -: 8596: 1.625266 , 
        -: 8597: 1.665860 , 
        -: 8598: 1.171249 , 
        -: 8599: 0.929536 , 
        -: 8600: 0.746944 , 
        -: 8601: 0.998287 , 
        -: 8602: 1.394864 , 
        -: 8603: 1.530690 , 
        -: 8604: 1.900045 , 
        -: 8605: 1.812289 , 
        -: 8606: 0.946512 , 
        -: 8607: 0.941609 , 
        -: 8608: 1.186673 , 
        -: 8609: 0.807070 , 
        -: 8610: 1.657523 , 
        -: 8611: 1.535766 , 
        -: 8612: 0.585150 , 
        -: 8613: 1.721832 , 
        -: 8614: 1.506268 , 
        -: 8615: 1.285396 , 
        -: 8616: 1.195426 , 
        -: 8617: 1.283577 , 
        -: 8618: 1.441384 , 
        -: 8619: 1.451468 , 
        -: 8620: 1.830257 , 
        -: 8621: 1.945820 , 
        -: 8622: 1.471716 , 
        -: 8623: 1.551267 , 
        -: 8624: 1.690503 , 
        -: 8625: 1.843193 , 
        -: 8626: 2.050271 , 
        -: 8627: 1.926047 , 
        -: 8628: 1.981495 , 
        -: 8629: 2.190755 , 
        -: 8630: 1.542029 , 
        -: 8631: 1.945910 , 
        -: 8632: 1.930792 , 
        -: 8633: 2.064561 , 
        -: 8634: 1.954480 , 
        -: 8635: 2.011084 , 
        -: 8636: 2.074398 , 
        -: 8637: 2.217754 , 
        -: 8638: 0.864342 , 
        -: 8639: -0.032790 , 
        -: 8640: 0.452966 , 
        -: 8641: 0.628937 , 
        -: 8642: 0.740938 , 
        -: 8643: 1.178175 , 
        -: 8644: 1.340429 , 
        -: 8645: 1.203199 , 
        -: 8646: 0.625738 , 
        -: 8647: 1.171759 , 
        -: 8648: 0.903159 , 
        -: 8649: 1.181936 , 
        -: 8650: 1.148810 , 
        -: 8651: 1.523016 , 
        -: 8652: 1.161203 , 
        -: 8653: 1.370456 , 
        -: 8654: 1.543310 , 
        -: 8655: 1.446947 , 
        -: 8656: 1.612830 , 
        -: 8657: 1.786035 , 
        -: 8658: 1.770957 , 
        -: 8659: 1.706715 , 
        -: 8660: 1.950579 , 
        -: 8661: 1.890560 , 
        -: 8662: 1.427848 , 
        -: 8663: 1.620752 , 
        -: 8664: 2.132336 , 
        -: 8665: 1.376500 , 
        -: 8666: 1.970228 , 
        -: 8667: 1.970665 , 
        -: 8668: 1.915793 , 
        -: 8669: 1.994610 , 
        -: 8670: -0.815365 , 
        -: 8671: 1.820333 , 
        -: 8672: 1.743517 , 
        -: 8673: 1.626405 , 
        -: 8674: 1.682546 , 
        -: 8675: 1.557073 , 
        -: 8676: 1.444366 , 
        -: 8677: 1.199618 , 
        -: 8678: 0.004076 , 
        -: 8679: 2.397895 , 
        -: 8680: 2.318721 , 
        -: 8681: 2.387207 , 
        -: 8682: 2.303329 , 
        -: 8683: 2.231142 , 
        -: 8684: 2.243297 , 
        -: 8685: 2.417905 , 
        -: 8686: 1.667544 , 
        -: 8687: 1.609438 , 
        -: 8688: 1.713940 , 
        -: 8689: 1.268716 , 
        -: 8690: 0.887120 , 
        -: 8691: 1.876310 , 
        -: 8692: 1.933906 , 
        -: 8693: 1.974355 , 
        -: 8694: 1.066488 , 
        -: 8695: 1.937311 , 
        -: 8696: 1.696641 , 
        -: 8697: 2.016517 , 
        -: 8698: 1.176789 , 
        -: 8699: 1.491833 , 
        -: 8700: 1.971968 , 
        -: 8701: 1.876827 , 
        -: 8702: 2.213467 , 
        -: 8703: 2.222542 , 
        -: 8704: 2.201329 , 
        -: 8705: 2.171697 , 
        -: 8706: 2.168054 , 
        -: 8707: 2.133687 , 
        -: 8708: 2.113619 , 
        -: 8709: 2.202486 , 
        -: 8710: 0.972403 , 
        -: 8711: 1.324886 , 
        -: 8712: 0.962707 , 
        -: 8713: 0.845252 , 
        -: 8714: 1.929574 , 
        -: 8715: 2.037503 , 
        -: 8716: 1.148221 , 
        -: 8717: 1.306740 , 
        -: 8718: 1.840042 , 
        -: 8719: 2.174752 , 
        -: 8720: 2.122767 , 
        -: 8721: 2.130875 , 
        -: 8722: 2.168054 , 
        -: 8723: 2.207795 , 
        -: 8724: 2.381883 , 
        -: 8725: 2.342917 , 
        -: 8726: 1.130545 , 
        -: 8727: 1.311603 , 
        -: 8728: 0.832482 , 
        -: 8729: 1.591879 , 
        -: 8730: 1.212543 , 
        -: 8731: 1.765962 , 
        -: 8732: 1.745894 , 
        -: 8733: 1.466543 };
        -: 8734:
        -: 8735:
        1: 8736:double testInput[64*8]={
        -: 8737: 1.000000 , 13.000000 , 1980.000000 , 14.000000 , 1.000000 , 0.000000 , 0.000000 , 0.000000 , 
        -: 8738: 2.000000 , 13.000000 , 1981.000000 , 14.000000 , 2.000000 , 1.000000 , 0.000000 , 0.000000 , 
        -: 8739: 3.000000 , 13.000000 , 1982.000000 , 14.000000 , 3.000000 , 0.000000 , 0.000000 , 0.000000 , 
        -: 8740: 4.000000 , 13.000000 , 1983.000000 , 14.000000 , 4.000000 , 0.000000 , 0.000000 , 0.000000 , 
        -: 8741: 5.000000 , 13.000000 , 1984.000000 , 14.000000 , 5.000000 , 0.000000 , 0.000000 , 0.000000 , 
        -: 8742: 6.000000 , 13.000000 , 1985.000000 , 14.000000 , 6.000000 , 0.000000 , 0.000000 , 0.000000 , 
        -: 8743: 7.000000 , 13.000000 , 1986.000000 , 14.000000 , 7.000000 , 0.000000 , 0.000000 , 0.000000 , 
        -: 8744: 8.000000 , 13.000000 , 1987.000000 , 14.000000 , 8.000000 , 0.000000 , 0.000000 , 0.000000 , 
        -: 8745: 9.000000 , 17.000000 , 1980.000000 , 13.000000 , 4.000000 , 0.000000 , 0.000000 , 0.000000 , 
        -: 8746: 10.000000 , 17.000000 , 1981.000000 , 13.000000 , 5.000000 , 0.000000 , 0.000000 , 0.000000 , 
        -: 8747: 11.000000 , 17.000000 , 1982.000000 , 13.000000 , 6.000000 , 0.000000 , 0.000000 , 0.000000 , 
        -: 8748: 12.000000 , 17.000000 , 1983.000000 , 13.000000 , 7.000000 , 0.000000 , 0.000000 , 0.000000 , 
        -: 8749: 13.000000 , 17.000000 , 1984.000000 , 13.000000 , 8.000000 , 0.000000 , 0.000000 , 0.000000 , 
        -: 8750: 14.000000 , 17.000000 , 1985.000000 , 13.000000 , 9.000000 , 0.000000 , 0.000000 , 0.000000 , 
        -: 8751: 15.000000 , 17.000000 , 1986.000000 , 13.000000 , 10.000000 , 0.000000 , 0.000000 , 0.000000 , 
        -: 8752: 16.000000 , 17.000000 , 1987.000000 , 13.000000 , 11.000000 , 0.000000 , 0.000000 , 0.000000 , 
        -: 8753: 17.000000 , 18.000000 , 1980.000000 , 12.000000 , 4.000000 , 0.000000 , 1.000000 , 0.000000 , 
        -: 8754: 18.000000 , 18.000000 , 1981.000000 , 12.000000 , 5.000000 , 0.000000 , 1.000000 , 0.000000 , 
        -: 8755: 19.000000 , 18.000000 , 1982.000000 , 12.000000 , 6.000000 , 0.000000 , 1.000000 , 0.000000 , 
        -: 8756: 20.000000 , 18.000000 , 1983.000000 , 12.000000 , 7.000000 , 0.000000 , 1.000000 , 0.000000 , 
        -: 8757: 21.000000 , 18.000000 , 1984.000000 , 12.000000 , 8.000000 , 0.000000 , 1.000000 , 0.000000 , 
        -: 8758: 22.000000 , 18.000000 , 1985.000000 , 12.000000 , 9.000000 , 0.000000 , 1.000000 , 0.000000 , 
        -: 8759: 23.000000 , 18.000000 , 1986.000000 , 12.000000 , 10.000000 , 0.000000 , 1.000000 , 0.000000 , 
        -: 8760: 24.000000 , 18.000000 , 1987.000000 , 12.000000 , 11.000000 , 0.000000 , 1.000000 , 0.000000 , 
        -: 8761: 25.000000 , 45.000000 , 1980.000000 , 12.000000 , 2.000000 , 1.000000 , 0.000000 , 0.000000 , 
        -: 8762: 26.000000 , 45.000000 , 1981.000000 , 12.000000 , 3.000000 , 1.000000 , 0.000000 , 0.000000 , 
        -: 8763: 27.000000 , 45.000000 , 1982.000000 , 12.000000 , 4.000000 , 0.000000 , 0.000000 , 0.000000 , 
        -: 8764: 28.000000 , 45.000000 , 1983.000000 , 12.000000 , 5.000000 , 0.000000 , 0.000000 , 0.000000 , 
        -: 8765: 29.000000 , 45.000000 , 1984.000000 , 12.000000 , 6.000000 , 0.000000 , 0.000000 , 0.000000 , 
        -: 8766: 30.000000 , 45.000000 , 1985.000000 , 12.000000 , 7.000000 , 0.000000 , 0.000000 , 0.000000 , 
        -: 8767: 31.000000 , 45.000000 , 1986.000000 , 12.000000 , 8.000000 , 0.000000 , 0.000000 , 0.000000 , 
        -: 8768: 32.000000 , 45.000000 , 1987.000000 , 12.000000 , 9.000000 , 0.000000 , 1.000000 , 0.000000 , 
        -: 8769: 33.000000 , 110.000000 , 1980.000000 , 12.000000 , 5.000000 , 1.000000 , 0.000000 , 0.000000 , 
        -: 8770: 34.000000 , 110.000000 , 1981.000000 , 12.000000 , 6.000000 , 0.000000 , 0.000000 , 0.000000 , 
        -: 8771: 35.000000 , 110.000000 , 1982.000000 , 12.000000 , 7.000000 , 0.000000 , 0.000000 , 0.000000 , 
        -: 8772: 36.000000 , 110.000000 , 1983.000000 , 12.000000 , 8.000000 , 0.000000 , 0.000000 , 0.000000 , 
        -: 8773: 37.000000 , 110.000000 , 1984.000000 , 12.000000 , 9.000000 , 0.000000 , 1.000000 , 0.000000 , 
        -: 8774: 38.000000 , 110.000000 , 1985.000000 , 12.000000 , 10.000000 , 0.000000 , 1.000000 , 0.000000 , 
        -: 8775: 39.000000 , 110.000000 , 1986.000000 , 12.000000 , 11.000000 , 0.000000 , 1.000000 , 0.000000 , 
        -: 8776: 40.000000 , 110.000000 , 1987.000000 , 12.000000 , 12.000000 , 0.000000 , 1.000000 , 0.000000 , 
        -: 8777: 41.000000 , 120.000000 , 1980.000000 , 10.000000 , 2.000000 , 0.000000 , 0.000000 , 0.000000 , 
        -: 8778: 42.000000 , 120.000000 , 1981.000000 , 10.000000 , 3.000000 , 0.000000 , 0.000000 , 0.000000 , 
        -: 8779: 43.000000 , 120.000000 , 1982.000000 , 10.000000 , 4.000000 , 0.000000 , 0.000000 , 0.000000 , 
        -: 8780: 44.000000 , 120.000000 , 1983.000000 , 10.000000 , 5.000000 , 0.000000 , 0.000000 , 0.000000 , 
        -: 8781: 45.000000 , 120.000000 , 1984.000000 , 10.000000 , 6.000000 , 0.000000 , 0.000000 , 0.000000 , 
        -: 8782: 46.000000 , 120.000000 , 1985.000000 , 10.000000 , 7.000000 , 0.000000 , 0.000000 , 0.000000 , 
        -: 8783: 47.000000 , 120.000000 , 1986.000000 , 10.000000 , 8.000000 , 0.000000 , 0.000000 , 0.000000 , 
        -: 8784: 48.000000 , 120.000000 , 1987.000000 , 10.000000 , 9.000000 , 0.000000 , 0.000000 , 0.000000 , 
        -: 8785: 49.000000 , 126.000000 , 1980.000000 , 13.000000 , 2.000000 , 0.000000 , 0.000000 , 0.000000 , 
        -: 8786: 50.000000 , 126.000000 , 1981.000000 , 13.000000 , 3.000000 , 0.000000 , 0.000000 , 0.000000 , 
        -: 8787: 51.000000 , 126.000000 , 1982.000000 , 13.000000 , 4.000000 , 0.000000 , 0.000000 , 0.000000 , 
        -: 8788: 52.000000 , 126.000000 , 1983.000000 , 13.000000 , 5.000000 , 0.000000 , 0.000000 , 0.000000 , 
        -: 8789: 53.000000 , 126.000000 , 1984.000000 , 13.000000 , 6.000000 , 0.000000 , 0.000000 , 0.000000 , 
        -: 8790: 54.000000 , 126.000000 , 1985.000000 , 13.000000 , 7.000000 , 0.000000 , 1.000000 , 0.000000 , 
        -: 8791: 55.000000 , 126.000000 , 1986.000000 , 13.000000 , 8.000000 , 0.000000 , 1.000000 , 0.000000 , 
        -: 8792: 56.000000 , 126.000000 , 1987.000000 , 13.000000 , 9.000000 , 0.000000 , 1.000000 , 0.000000 , 
        -: 8793: 57.000000 , 150.000000 , 1980.000000 , 12.000000 , 2.000000 , 0.000000 , 0.000000 , 0.000000 , 
        -: 8794: 58.000000 , 150.000000 , 1981.000000 , 12.000000 , 3.000000 , 0.000000 , 0.000000 , 0.000000 , 
        -: 8795: 59.000000 , 150.000000 , 1982.000000 , 12.000000 , 4.000000 , 0.000000 , 0.000000 , 0.000000 , 
        -: 8796: 60.000000 , 150.000000 , 1983.000000 , 12.000000 , 5.000000 , 0.000000 , 0.000000 , 0.000000 , 
        -: 8797: 61.000000 , 150.000000 , 1984.000000 , 12.000000 , 6.000000 , 0.000000 , 0.000000 , 0.000000 , 
        -: 8798: 62.000000 , 150.000000 , 1985.000000 , 12.000000 , 7.000000 , 0.000000 , 0.000000 , 0.000000 , 
        -: 8799: 63.000000 , 150.000000 , 1986.000000 , 12.000000 , 8.000000 , 0.000000 , 0.000000 , 0.000000 , 
        -: 8800: 64.000000 , 150.000000 , 1987.000000 , 12.000000 , 9.000000 , 1.000000 , 0.000000 , 0.000000 };
        -: 8801:
        1: 8802:double testOutput[64]={
        -: 8803: 1.197540 , 
        -: 8804: 1.853060 , 
        -: 8805: 1.344462 , 
        -: 8806: 1.433213 , 
        -: 8807: 1.568125 , 
        -: 8808: 1.699891 , 
        -: 8809: 1.702656 , 
        -: 8810: 1.669188 , 
        -: 8811: 1.675962 , 
        -: 8812: 1.518398 , 
        -: 8813: 1.559190 , 
        -: 8814: 1.725410 , 
        -: 8815: 1.622022 , 
        -: 8816: 1.608588 , 
        -: 8817: 1.572385 , 
        -: 8818: 1.820334 , 
        -: 8819: 1.515963 , 
        -: 8820: 1.735379 , 
        -: 8821: 1.631744 , 
        -: 8822: 1.998229 , 
        -: 8823: 2.184014 , 
        -: 8824: 2.266662 , 
        -: 8825: 2.069944 , 
        -: 8826: 2.873161 , 
        -: 8827: 1.894115 , 
        -: 8828: 1.471159 , 
        -: 8829: 1.473497 , 
        -: 8830: 1.740914 , 
        -: 8831: 1.823214 , 
        -: 8832: 1.908273 , 
        -: 8833: 1.742447 , 
        -: 8834: 2.135689 , 
        -: 8835: 1.948775 , 
        -: 8836: 1.962259 , 
        -: 8837: 1.963297 , 
        -: 8838: 2.202516 , 
        -: 8839: 2.134954 , 
        -: 8840: 2.125823 , 
        -: 8841: 1.991017 , 
        -: 8842: 2.112393 , 
        -: 8843: 0.258555 , 
        -: 8844: 1.319972 , 
        -: 8845: 1.462085 , 
        -: 8846: 1.320287 , 
        -: 8847: 1.703647 , 
        -: 8848: 1.445803 , 
        -: 8849: 1.806364 , 
        -: 8850: 2.148120 , 
        -: 8851: 1.737285 , 
        -: 8852: 1.989601 , 
        -: 8853: 2.189917 , 
        -: 8854: 1.855463 , 
        -: 8855: 1.922438 , 
        -: 8856: 2.061024 , 
        -: 8857: 1.782202 , 
        -: 8858: 2.414682 , 
        -: 8859: 1.208735 , 
        -: 8860: 1.194040 , 
        -: 8861: 1.170441 , 
        -: 8862: 1.097964 , 
        -: 8863: 0.765816 , 
        -: 8864: 1.119026 , 
        -: 8865: 1.119367 , 
        -: 8866: 0.831460 };
        -: 8867:
        1: 8868:neuralNetwork(4360, 8 , 2 ,Input,Output,testInput,testOutput) ;
        1: 8869:return 0;
        -: 8870:
        -: 8871:}
        -: 8872:
        -: 8873: 
